Removed @azure/communication-network-traversal@1.0.0-beta.2 because of docs package validation failure on 2021-07-21 22:22 +00:00
	npm ERR! code ETARGET
	npm ERR! notarget No matching version found for @azure/communication-common@^1.1.0.
	npm ERR! notarget In most cases you or one of your dependencies are requesting
	npm ERR! notarget a package version that doesn't exist.
	npm ERR! notarget 
	npm ERR! notarget It was specified as a dependency of '@azure/communication-network-traversal'
	npm ERR! notarget 
	System.Management.Automation.RemoteException
	npm ERR! A complete log of this run can be found in:
	npm ERR!     C:\Users\VssAdministrator\AppData\Roaming\npm-cache\_logs\2021-07-21T22_21_29_761Z-debug.log
Removed @azure/arm-app@1.0.0-beta.1 because of docs package validation failure on 2022-03-30 23:40 +00:00
	Hi from ReferenceAutomation for JavaScript
	{
	    "npm_package_sources": [
	        {
	            "name": "@azure/arm-app@1.0.0-beta.1"
	        }
	    ]
	}
	{ npm_package_sources: [ { name: '@azure/arm-app@1.0.0-beta.1' } ] }
	=== Install npm packages ===
	
	Start to install npm package @azure/arm-app@1.0.0-beta.1.
	[User Error]: Failed to install npm package @azure/arm-app@1.0.0-beta.1 with command: 
		npm install @azure/arm-app@1.0.0-beta.1 --prefix . 2>&1
Removed @azure/arm-app@1.0.0-beta.1 because of docs package validation failure on 2022-03-31 23:40 +00:00
	Hi from ReferenceAutomation for JavaScript
	{
	    "npm_package_sources": [
	        {
	            "name": "@azure/arm-app@1.0.0-beta.1"
	        }
	    ]
	}
	{ npm_package_sources: [ { name: '@azure/arm-app@1.0.0-beta.1' } ] }
	=== Install npm packages ===
	
	Start to install npm package @azure/arm-app@1.0.0-beta.1.
	[User Error]: Failed to install npm package @azure/arm-app@1.0.0-beta.1 with command: 
		npm install @azure/arm-app@1.0.0-beta.1 --prefix . 2>&1
Removed @azure/arm-app@1.0.0-beta.1 because of docs package validation failure on 2022-04-01 23:40 +00:00
	Hi from ReferenceAutomation for JavaScript
	{
	    "npm_package_sources": [
	        {
	            "name": "@azure/arm-app@1.0.0-beta.1"
	        }
	    ]
	}
	{ npm_package_sources: [ { name: '@azure/arm-app@1.0.0-beta.1' } ] }
	=== Install npm packages ===
	
	Start to install npm package @azure/arm-app@1.0.0-beta.1.
	[User Error]: Failed to install npm package @azure/arm-app@1.0.0-beta.1 with command: 
		npm install @azure/arm-app@1.0.0-beta.1 --prefix . 2>&1
Removed @azure/arm-app@1.0.0-beta.1 because of docs package validation failure on 2022-04-04 23:40 +00:00
	Hi from ReferenceAutomation for JavaScript
	{
	    "npm_package_sources": [
	        {
	            "name": "@azure/arm-app@1.0.0-beta.1"
	        }
	    ]
	}
	{ npm_package_sources: [ { name: '@azure/arm-app@1.0.0-beta.1' } ] }
	=== Install npm packages ===
	
	Start to install npm package @azure/arm-app@1.0.0-beta.1.
	[User Error]: Failed to install npm package @azure/arm-app@1.0.0-beta.1 with command: 
		npm install @azure/arm-app@1.0.0-beta.1 --prefix . 2>&1
Removed @azure/arm-app@1.0.0-beta.1 because of docs package validation failure on 2022-04-05 23:40 +00:00
	Hi from ReferenceAutomation for JavaScript
	{
	    "npm_package_sources": [
	        {
	            "name": "@azure/arm-app@1.0.0-beta.1"
	        }
	    ]
	}
	{ npm_package_sources: [ { name: '@azure/arm-app@1.0.0-beta.1' } ] }
	=== Install npm packages ===
	
	Start to install npm package @azure/arm-app@1.0.0-beta.1.
	[User Error]: Failed to install npm package @azure/arm-app@1.0.0-beta.1 with command: 
		npm install @azure/arm-app@1.0.0-beta.1 --prefix . 2>&1
Removed @azure/arm-app@1.0.0-beta.1 because of docs package validation failure on 2022-04-06 23:40 +00:00
	Hi from ReferenceAutomation for JavaScript
	{
	    "npm_package_sources": [
	        {
	            "name": "@azure/arm-app@1.0.0-beta.1"
	        }
	    ]
	}
	{ npm_package_sources: [ { name: '@azure/arm-app@1.0.0-beta.1' } ] }
	=== Install npm packages ===
	
	Start to install npm package @azure/arm-app@1.0.0-beta.1.
	[User Error]: Failed to install npm package @azure/arm-app@1.0.0-beta.1 with command: 
		npm install @azure/arm-app@1.0.0-beta.1 --prefix . 2>&1
Removed @azure/arm-app@1.0.0-beta.1 because of docs package validation failure on 2022-04-08 19:22 +00:00
	Hi from ReferenceAutomation for JavaScript
	{
	    "npm_package_sources": [
	        {
	            "name": "@azure/arm-app@1.0.0-beta.1"
	        }
	    ]
	}
	{ npm_package_sources: [ { name: '@azure/arm-app@1.0.0-beta.1' } ] }
	=== Install npm packages ===
	
	Start to install npm package @azure/arm-app@1.0.0-beta.1.
	[User Error]: Failed to install npm package @azure/arm-app@1.0.0-beta.1 with command: 
		npm install @azure/arm-app@1.0.0-beta.1 --prefix . 2>&1
Removed @azure/arm-app@1.0.0-beta.1 because of docs package validation failure on 2022-04-08 23:40 +00:00
	Hi from ReferenceAutomation for JavaScript
	{
	    "npm_package_sources": [
	        {
	            "name": "@azure/arm-app@1.0.0-beta.1"
	        }
	    ]
	}
	{ npm_package_sources: [ { name: '@azure/arm-app@1.0.0-beta.1' } ] }
	=== Install npm packages ===
	
	Start to install npm package @azure/arm-app@1.0.0-beta.1.
	[User Error]: Failed to install npm package @azure/arm-app@1.0.0-beta.1 with command: 
		npm install @azure/arm-app@1.0.0-beta.1 --prefix . 2>&1
Removed @azure/arm-app@1.0.0-beta.1 because of docs package validation failure on 2022-04-11 23:41 +00:00
	Hi from ReferenceAutomation for JavaScript
	{
	    "npm_package_sources": [
	        {
	            "name": "@azure/arm-app@1.0.0-beta.1"
	        }
	    ]
	}
	{ npm_package_sources: [ { name: '@azure/arm-app@1.0.0-beta.1' } ] }
	=== Install npm packages ===
	
	Start to install npm package @azure/arm-app@1.0.0-beta.1.
	[User Error]: Failed to install npm package @azure/arm-app@1.0.0-beta.1 with command: 
		npm install @azure/arm-app@1.0.0-beta.1 --prefix . 2>&1
Removed @azure/arm-app@1.0.0-beta.1 because of docs package validation failure on 2022-04-12 23:40 +00:00
	Hi from ReferenceAutomation for JavaScript
	{
	    "npm_package_sources": [
	        {
	            "name": "@azure/arm-app@1.0.0-beta.1"
	        }
	    ]
	}
	{ npm_package_sources: [ { name: '@azure/arm-app@1.0.0-beta.1' } ] }
	=== Install npm packages ===
	
	Start to install npm package @azure/arm-app@1.0.0-beta.1.
	[User Error]: Failed to install npm package @azure/arm-app@1.0.0-beta.1 with command: 
		npm install @azure/arm-app@1.0.0-beta.1 --prefix . 2>&1
Removed @azure/arm-app@1.0.0-beta.1 because of docs package validation failure on 2022-04-13 23:41 +00:00
	Hi from ReferenceAutomation for JavaScript
	{
	    "npm_package_sources": [
	        {
	            "name": "@azure/arm-app@1.0.0-beta.1"
	        }
	    ]
	}
	{ npm_package_sources: [ { name: '@azure/arm-app@1.0.0-beta.1' } ] }
	=== Install npm packages ===
	
	Start to install npm package @azure/arm-app@1.0.0-beta.1.
	[User Error]: Failed to install npm package @azure/arm-app@1.0.0-beta.1 with command: 
		npm install @azure/arm-app@1.0.0-beta.1 --prefix . 2>&1
Removed @azure/arm-app@1.0.0-beta.1 because of docs package validation failure on 2022-04-14 23:40 +00:00
	Hi from ReferenceAutomation for JavaScript
	{
	    "npm_package_sources": [
	        {
	            "name": "@azure/arm-app@1.0.0-beta.1"
	        }
	    ]
	}
	{ npm_package_sources: [ { name: '@azure/arm-app@1.0.0-beta.1' } ] }
	=== Install npm packages ===
	
	Start to install npm package @azure/arm-app@1.0.0-beta.1.
	[User Error]: Failed to install npm package @azure/arm-app@1.0.0-beta.1 with command: 
		npm install @azure/arm-app@1.0.0-beta.1 --prefix . 2>&1
Removed @azure/arm-app@1.0.0-beta.1 because of docs package validation failure on 2022-04-15 23:40 +00:00
	Hi from ReferenceAutomation for JavaScript
	{
	    "npm_package_sources": [
	        {
	            "name": "@azure/arm-app@1.0.0-beta.1"
	        }
	    ]
	}
	{ npm_package_sources: [ { name: '@azure/arm-app@1.0.0-beta.1' } ] }
	=== Install npm packages ===
	
	Start to install npm package @azure/arm-app@1.0.0-beta.1.
	[User Error]: Failed to install npm package @azure/arm-app@1.0.0-beta.1 with command: 
		npm install @azure/arm-app@1.0.0-beta.1 --prefix . 2>&1
Removed @azure/arm-app@1.0.0-beta.1 because of docs package validation failure on 2022-04-21 23:43 +00:00
	Hi from ReferenceAutomation for JavaScript
	{
	    "npm_package_sources": [
	        {
	            "name": "@azure/arm-app@1.0.0-beta.1"
	        }
	    ]
	}
	{ npm_package_sources: [ { name: '@azure/arm-app@1.0.0-beta.1' } ] }
	=== Install npm packages ===
	
	Start to install npm package @azure/arm-app@1.0.0-beta.1.
	[User Error]: Failed to install npm package @azure/arm-app@1.0.0-beta.1 with command: 
		npm install @azure/arm-app@1.0.0-beta.1 --prefix . 2>&1
Removed @azure/arm-app@1.0.0-beta.1 because of docs package validation failure on 2022-04-22 23:40 +00:00
	Hi from ReferenceAutomation for JavaScript
	{
	    "npm_package_sources": [
	        {
	            "name": "@azure/arm-app@1.0.0-beta.1"
	        }
	    ]
	}
	{ npm_package_sources: [ { name: '@azure/arm-app@1.0.0-beta.1' } ] }
	=== Install npm packages ===
	
	Start to install npm package @azure/arm-app@1.0.0-beta.1.
	[User Error]: Failed to install npm package @azure/arm-app@1.0.0-beta.1 with command: 
		npm install @azure/arm-app@1.0.0-beta.1 --prefix . 2>&1
Removed @azure/arm-app@1.0.0-beta.1 because of docs package validation failure on 2022-04-25 23:41 +00:00
	Hi from ReferenceAutomation for JavaScript
	{
	    "npm_package_sources": [
	        {
	            "name": "@azure/arm-app@1.0.0-beta.1"
	        }
	    ]
	}
	{ npm_package_sources: [ { name: '@azure/arm-app@1.0.0-beta.1' } ] }
	=== Install npm packages ===
	
	Start to install npm package @azure/arm-app@1.0.0-beta.1.
	[User Error]: Failed to install npm package @azure/arm-app@1.0.0-beta.1 with command: 
		npm install @azure/arm-app@1.0.0-beta.1 --prefix . 2>&1
Removed @azure/arm-app@1.0.0-beta.1 because of docs package validation failure on 2022-04-26 23:42 +00:00
	Hi from ReferenceAutomation for JavaScript
	{
	    "npm_package_sources": [
	        {
	            "name": "@azure/arm-app@1.0.0-beta.1"
	        }
	    ]
	}
	{ npm_package_sources: [ { name: '@azure/arm-app@1.0.0-beta.1' } ] }
	=== Install npm packages ===
	
	Start to install npm package @azure/arm-app@1.0.0-beta.1.
	[User Error]: Failed to install npm package @azure/arm-app@1.0.0-beta.1 with command: 
		npm install @azure/arm-app@1.0.0-beta.1 --prefix . 2>&1
Removed @azure/arm-app@1.0.0-beta.1 because of docs package validation failure on 2022-04-27 23:41 +00:00
	Hi from ReferenceAutomation for JavaScript
	{
	    "npm_package_sources": [
	        {
	            "name": "@azure/arm-app@1.0.0-beta.1"
	        }
	    ]
	}
	{ npm_package_sources: [ { name: '@azure/arm-app@1.0.0-beta.1' } ] }
	=== Install npm packages ===
	
	Start to install npm package @azure/arm-app@1.0.0-beta.1.
	[User Error]: Failed to install npm package @azure/arm-app@1.0.0-beta.1 with command: 
		npm install @azure/arm-app@1.0.0-beta.1 --prefix . 2>&1
Removed @azure/arm-app@1.0.0-beta.1 because of docs package validation failure on 2022-04-28 23:42 +00:00
	Hi from ReferenceAutomation for JavaScript
	{
	    "npm_package_sources": [
	        {
	            "name": "@azure/arm-app@1.0.0-beta.1"
	        }
	    ]
	}
	{ npm_package_sources: [ { name: '@azure/arm-app@1.0.0-beta.1' } ] }
	=== Install npm packages ===
	
	Start to install npm package @azure/arm-app@1.0.0-beta.1.
	[User Error]: Failed to install npm package @azure/arm-app@1.0.0-beta.1 with command: 
		npm install @azure/arm-app@1.0.0-beta.1 --prefix . 2>&1
Removed @azure/arm-app@1.0.0-beta.1 because of docs package validation failure on 2022-04-29 23:42 +00:00
	Hi from ReferenceAutomation for JavaScript
	{
	    "npm_package_sources": [
	        {
	            "name": "@azure/arm-app@1.0.0-beta.1"
	        }
	    ]
	}
	{ npm_package_sources: [ { name: '@azure/arm-app@1.0.0-beta.1' } ] }
	=== Install npm packages ===
	
	Start to install npm package @azure/arm-app@1.0.0-beta.1.
	[User Error]: Failed to install npm package @azure/arm-app@1.0.0-beta.1 with command: 
		npm install @azure/arm-app@1.0.0-beta.1 --prefix . 2>&1
Removed @azure/arm-app@1.0.0-beta.1 because of docs package validation failure on 2022-05-02 23:42 +00:00
	Hi from ReferenceAutomation for JavaScript
	{
	    "npm_package_sources": [
	        {
	            "name": "@azure/arm-app@1.0.0-beta.1"
	        }
	    ]
	}
	{ npm_package_sources: [ { name: '@azure/arm-app@1.0.0-beta.1' } ] }
	=== Install npm packages ===
	
	Start to install npm package @azure/arm-app@1.0.0-beta.1.
	[User Error]: Failed to install npm package @azure/arm-app@1.0.0-beta.1 with command: 
		npm install @azure/arm-app@1.0.0-beta.1 --prefix . 2>&1
Removed @azure/arm-app@1.0.0-beta.1 because of docs package validation failure on 2022-05-03 23:40 +00:00
	Hi from ReferenceAutomation for JavaScript
	{
	    "npm_package_sources": [
	        {
	            "name": "@azure/arm-app@1.0.0-beta.1"
	        }
	    ]
	}
	{ npm_package_sources: [ { name: '@azure/arm-app@1.0.0-beta.1' } ] }
	=== Install npm packages ===
	
	Start to install npm package @azure/arm-app@1.0.0-beta.1.
	[User Error]: Failed to install npm package @azure/arm-app@1.0.0-beta.1 with command: 
		npm install @azure/arm-app@1.0.0-beta.1 --prefix . 2>&1
Removed @azure/arm-app@1.0.0-beta.1 because of docs package validation failure on 2022-05-04 23:41 +00:00
	Hi from ReferenceAutomation for JavaScript
	{
	    "npm_package_sources": [
	        {
	            "name": "@azure/arm-app@1.0.0-beta.1"
	        }
	    ]
	}
	{ npm_package_sources: [ { name: '@azure/arm-app@1.0.0-beta.1' } ] }
	=== Install npm packages ===
	
	Start to install npm package @azure/arm-app@1.0.0-beta.1.
	[User Error]: Failed to install npm package @azure/arm-app@1.0.0-beta.1 with command: 
		npm install @azure/arm-app@1.0.0-beta.1 --prefix . 2>&1
Removed @azure/arm-app@1.0.0-beta.1 because of docs package validation failure on 2022-05-05 23:43 +00:00
	Hi from ReferenceAutomation for JavaScript
	{
	    "npm_package_sources": [
	        {
	            "name": "@azure/arm-app@1.0.0-beta.1"
	        }
	    ]
	}
	{ npm_package_sources: [ { name: '@azure/arm-app@1.0.0-beta.1' } ] }
	=== Install npm packages ===
	
	Start to install npm package @azure/arm-app@1.0.0-beta.1.
	[User Error]: Failed to install npm package @azure/arm-app@1.0.0-beta.1 with command: 
		npm install @azure/arm-app@1.0.0-beta.1 --prefix . 2>&1
Removed @azure/arm-app@1.0.0-beta.1 because of docs package validation failure on 2022-05-06 23:40 +00:00
	Hi from ReferenceAutomation for JavaScript
	{
	    "npm_package_sources": [
	        {
	            "name": "@azure/arm-app@1.0.0-beta.1"
	        }
	    ]
	}
	{ npm_package_sources: [ { name: '@azure/arm-app@1.0.0-beta.1' } ] }
	=== Install npm packages ===
	
	Start to install npm package @azure/arm-app@1.0.0-beta.1.
	[User Error]: Failed to install npm package @azure/arm-app@1.0.0-beta.1 with command: 
		npm install @azure/arm-app@1.0.0-beta.1 --prefix . 2>&1
Removed @azure/arm-app@1.0.0-beta.1 because of docs package validation failure on 2022-05-09 23:40 +00:00
	Hi from ReferenceAutomation for JavaScript
	{
	    "npm_package_sources": [
	        {
	            "name": "@azure/arm-app@1.0.0-beta.1"
	        }
	    ]
	}
	{ npm_package_sources: [ { name: '@azure/arm-app@1.0.0-beta.1' } ] }
	=== Install npm packages ===
	
	Start to install npm package @azure/arm-app@1.0.0-beta.1.
	[User Error]: Failed to install npm package @azure/arm-app@1.0.0-beta.1 with command: 
		npm install @azure/arm-app@1.0.0-beta.1 --prefix . 2>&1
Removed @azure/arm-app@1.0.0-beta.1 because of docs package validation failure on 2022-05-10 23:40 +00:00
	Hi from ReferenceAutomation for JavaScript
	{
	    "npm_package_sources": [
	        {
	            "name": "@azure/arm-app@1.0.0-beta.1"
	        }
	    ]
	}
	{ npm_package_sources: [ { name: '@azure/arm-app@1.0.0-beta.1' } ] }
	=== Install npm packages ===
	
	Start to install npm package @azure/arm-app@1.0.0-beta.1.
	[User Error]: Failed to install npm package @azure/arm-app@1.0.0-beta.1 with command: 
		npm install @azure/arm-app@1.0.0-beta.1 --prefix . 2>&1
Removed @azure/arm-app@1.0.0-beta.1 because of docs package validation failure on 2022-05-11 23:41 +00:00
	Hi from ReferenceAutomation for JavaScript
	{
	    "npm_package_sources": [
	        {
	            "name": "@azure/arm-app@1.0.0-beta.1"
	        }
	    ]
	}
	{ npm_package_sources: [ { name: '@azure/arm-app@1.0.0-beta.1' } ] }
	=== Install npm packages ===
	
	Start to install npm package @azure/arm-app@1.0.0-beta.1.
	[User Error]: Failed to install npm package @azure/arm-app@1.0.0-beta.1 with command: 
		npm install @azure/arm-app@1.0.0-beta.1 --prefix . 2>&1
Removed @azure/arm-app@1.0.0-beta.1 because of docs package validation failure on 2022-05-12 23:41 +00:00
	Hi from ReferenceAutomation for JavaScript
	{
	    "npm_package_sources": [
	        {
	            "name": "@azure/arm-app@1.0.0-beta.1"
	        }
	    ]
	}
	{ npm_package_sources: [ { name: '@azure/arm-app@1.0.0-beta.1' } ] }
	=== Install npm packages ===
	
	Start to install npm package @azure/arm-app@1.0.0-beta.1.
	[User Error]: Failed to install npm package @azure/arm-app@1.0.0-beta.1 with command: 
		npm install @azure/arm-app@1.0.0-beta.1 --prefix . 2>&1
Removed @azure/arm-app@1.0.0-beta.1 because of docs package validation failure on 2022-05-13 23:40 +00:00
	Hi from ReferenceAutomation for JavaScript
	{
	    "npm_package_sources": [
	        {
	            "name": "@azure/arm-app@1.0.0-beta.1"
	        }
	    ]
	}
	{ npm_package_sources: [ { name: '@azure/arm-app@1.0.0-beta.1' } ] }
	=== Install npm packages ===
	
	Start to install npm package @azure/arm-app@1.0.0-beta.1.
	[User Error]: Failed to install npm package @azure/arm-app@1.0.0-beta.1 with command: 
		npm install @azure/arm-app@1.0.0-beta.1 --prefix . 2>&1
Removed @azure/arm-app@1.0.0-beta.1 because of docs package validation failure on 2022-05-16 23:42 +00:00
	Hi from ReferenceAutomation for JavaScript
	{
	    "npm_package_sources": [
	        {
	            "name": "@azure/arm-app@1.0.0-beta.1"
	        }
	    ]
	}
	{ npm_package_sources: [ { name: '@azure/arm-app@1.0.0-beta.1' } ] }
	=== Install npm packages ===
	
	Start to install npm package @azure/arm-app@1.0.0-beta.1.
	[User Error]: Failed to install npm package @azure/arm-app@1.0.0-beta.1 with command: 
		npm install @azure/arm-app@1.0.0-beta.1 --prefix . 2>&1
Removed @azure/arm-app@1.0.0-beta.1 because of docs package validation failure on 2022-05-17 23:40 +00:00
	Hi from ReferenceAutomation for JavaScript
	{
	    "npm_package_sources": [
	        {
	            "name": "@azure/arm-app@1.0.0-beta.1"
	        }
	    ]
	}
	{ npm_package_sources: [ { name: '@azure/arm-app@1.0.0-beta.1' } ] }
	=== Install npm packages ===
	
	Start to install npm package @azure/arm-app@1.0.0-beta.1.
	[User Error]: Failed to install npm package @azure/arm-app@1.0.0-beta.1 with command: 
		npm install @azure/arm-app@1.0.0-beta.1 --prefix . 2>&1
Removed @azure/arm-app@1.0.0-beta.1 because of docs package validation failure on 2022-05-18 23:44 +00:00
	Hi from ReferenceAutomation for JavaScript
	{
	    "npm_package_sources": [
	        {
	            "name": "@azure/arm-app@1.0.0-beta.1"
	        }
	    ]
	}
	{ npm_package_sources: [ { name: '@azure/arm-app@1.0.0-beta.1' } ] }
	=== Install npm packages ===
	
	Start to install npm package @azure/arm-app@1.0.0-beta.1.
	[User Error]: Failed to install npm package @azure/arm-app@1.0.0-beta.1 with command: 
		npm install @azure/arm-app@1.0.0-beta.1 --prefix . 2>&1
Removed @azure/arm-app@1.0.0-beta.1 because of docs package validation failure on 2022-05-19 23:44 +00:00
	Hi from ReferenceAutomation for JavaScript
	{
	    "npm_package_sources": [
	        {
	            "name": "@azure/arm-app@1.0.0-beta.1"
	        }
	    ]
	}
	{ npm_package_sources: [ { name: '@azure/arm-app@1.0.0-beta.1' } ] }
	=== Install npm packages ===
	
	Start to install npm package @azure/arm-app@1.0.0-beta.1.
	[User Error]: Failed to install npm package @azure/arm-app@1.0.0-beta.1 with command: 
		npm install @azure/arm-app@1.0.0-beta.1 --prefix . 2>&1
Removed @azure/arm-app@1.0.0-beta.1 because of docs package validation failure on 2022-05-20 23:43 +00:00
	Hi from ReferenceAutomation for JavaScript
	{
	    "npm_package_sources": [
	        {
	            "name": "@azure/arm-app@1.0.0-beta.1"
	        }
	    ]
	}
	{ npm_package_sources: [ { name: '@azure/arm-app@1.0.0-beta.1' } ] }
	=== Install npm packages ===
	
	Start to install npm package @azure/arm-app@1.0.0-beta.1.
	[User Error]: Failed to install npm package @azure/arm-app@1.0.0-beta.1 with command: 
		npm install @azure/arm-app@1.0.0-beta.1 --prefix . 2>&1
Removed @azure/arm-app@1.0.0-beta.1 because of docs package validation failure on 2022-05-23 23:41 +00:00
	Hi from ReferenceAutomation for JavaScript
	{
	    "npm_package_sources": [
	        {
	            "name": "@azure/arm-app@1.0.0-beta.1"
	        }
	    ]
	}
	{ npm_package_sources: [ { name: '@azure/arm-app@1.0.0-beta.1' } ] }
	=== Install npm packages ===
	
	Start to install npm package @azure/arm-app@1.0.0-beta.1.
	[User Error]: Failed to install npm package @azure/arm-app@1.0.0-beta.1 with command: 
		npm install @azure/arm-app@1.0.0-beta.1 --prefix . 2>&1
Removed @azure/arm-app@1.0.0-beta.1 because of docs package validation failure on 2022-05-24 23:43 +00:00
	Hi from ReferenceAutomation for JavaScript
	{
	    "npm_package_sources": [
	        {
	            "name": "@azure/arm-app@1.0.0-beta.1"
	        }
	    ]
	}
	{ npm_package_sources: [ { name: '@azure/arm-app@1.0.0-beta.1' } ] }
	=== Install npm packages ===
	
	Start to install npm package @azure/arm-app@1.0.0-beta.1.
	[User Error]: Failed to install npm package @azure/arm-app@1.0.0-beta.1 with command: 
		npm install @azure/arm-app@1.0.0-beta.1 --prefix . 2>&1
Removed @azure/arm-app@1.0.0-beta.1 because of docs package validation failure on 2022-05-25 23:41 +00:00
	Hi from ReferenceAutomation for JavaScript
	{
	    "npm_package_sources": [
	        {
	            "name": "@azure/arm-app@1.0.0-beta.1"
	        }
	    ]
	}
	{ npm_package_sources: [ { name: '@azure/arm-app@1.0.0-beta.1' } ] }
	=== Install npm packages ===
	
	Start to install npm package @azure/arm-app@1.0.0-beta.1.
	[User Error]: Failed to install npm package @azure/arm-app@1.0.0-beta.1 with command: 
		npm install @azure/arm-app@1.0.0-beta.1 --prefix . 2>&1
Removed @azure/arm-app@1.0.0-beta.1 because of docs package validation failure on 2022-05-26 23:43 +00:00
	Hi from ReferenceAutomation for JavaScript
	{
	    "npm_package_sources": [
	        {
	            "name": "@azure/arm-app@1.0.0-beta.1"
	        }
	    ]
	}
	{ npm_package_sources: [ { name: '@azure/arm-app@1.0.0-beta.1' } ] }
	=== Install npm packages ===
	
	Start to install npm package @azure/arm-app@1.0.0-beta.1.
	[User Error]: Failed to install npm package @azure/arm-app@1.0.0-beta.1 with command: 
		npm install @azure/arm-app@1.0.0-beta.1 --prefix . 2>&1
Removed @azure/arm-app@1.0.0-beta.1 because of docs package validation failure on 2022-05-27 23:41 +00:00
	Hi from ReferenceAutomation for JavaScript
	{
	    "npm_package_sources": [
	        {
	            "name": "@azure/arm-app@1.0.0-beta.1"
	        }
	    ]
	}
	{ npm_package_sources: [ { name: '@azure/arm-app@1.0.0-beta.1' } ] }
	=== Install npm packages ===
	
	Start to install npm package @azure/arm-app@1.0.0-beta.1.
	[User Error]: Failed to install npm package @azure/arm-app@1.0.0-beta.1 with command: 
		npm install @azure/arm-app@1.0.0-beta.1 --prefix . 2>&1
Removed @azure/arm-app@1.0.0-beta.1 because of docs package validation failure on 2022-05-30 23:42 +00:00
	Hi from ReferenceAutomation for JavaScript
	{
	    "npm_package_sources": [
	        {
	            "name": "@azure/arm-app@1.0.0-beta.1"
	        }
	    ]
	}
	{ npm_package_sources: [ { name: '@azure/arm-app@1.0.0-beta.1' } ] }
	=== Install npm packages ===
	
	Start to install npm package @azure/arm-app@1.0.0-beta.1.
	[User Error]: Failed to install npm package @azure/arm-app@1.0.0-beta.1 with command: 
		npm install @azure/arm-app@1.0.0-beta.1 --prefix . 2>&1
Removed @azure/arm-app@1.0.0-beta.1 because of docs package validation failure on 2022-05-31 23:44 +00:00
	Hi from ReferenceAutomation for JavaScript
	{
	    "npm_package_sources": [
	        {
	            "name": "@azure/arm-app@1.0.0-beta.1"
	        }
	    ]
	}
	{ npm_package_sources: [ { name: '@azure/arm-app@1.0.0-beta.1' } ] }
	=== Install npm packages ===
	
	Start to install npm package @azure/arm-app@1.0.0-beta.1.
	[User Error]: Failed to install npm package @azure/arm-app@1.0.0-beta.1 with command: 
		npm install @azure/arm-app@1.0.0-beta.1 --prefix . 2>&1
Removed @azure/arm-app@1.0.0-beta.1 because of docs package validation failure on 2022-06-01 23:11 +00:00
	Hi from ReferenceAutomation for JavaScript
	{
	    "npm_package_sources": [
	        {
	            "name": "@azure/arm-app@1.0.0-beta.1"
	        }
	    ]
	}
	{ npm_package_sources: [ { name: '@azure/arm-app@1.0.0-beta.1' } ] }
	=== Install npm packages ===
	
	Start to install npm package @azure/arm-app@1.0.0-beta.1.
	[User Error]: Failed to install npm package @azure/arm-app@1.0.0-beta.1 with command: 
		npm install @azure/arm-app@1.0.0-beta.1 --prefix . 2>&1
Removed @azure/arm-app@1.0.0-beta.1 because of docs package validation failure on 2022-06-02 23:11 +00:00
	Hi from ReferenceAutomation for JavaScript
	{
	    "npm_package_sources": [
	        {
	            "name": "@azure/arm-app@1.0.0-beta.1"
	        }
	    ]
	}
	{ npm_package_sources: [ { name: '@azure/arm-app@1.0.0-beta.1' } ] }
	=== Install npm packages ===
	
	Start to install npm package @azure/arm-app@1.0.0-beta.1.
	[User Error]: Failed to install npm package @azure/arm-app@1.0.0-beta.1 with command: 
		npm install @azure/arm-app@1.0.0-beta.1 --prefix . 2>&1
Removed @azure/arm-app@1.0.0-beta.1 because of docs package validation failure on 2022-06-03 23:11 +00:00
	Hi from ReferenceAutomation for JavaScript
	{
	    "npm_package_sources": [
	        {
	            "name": "@azure/arm-app@1.0.0-beta.1"
	        }
	    ]
	}
	{ npm_package_sources: [ { name: '@azure/arm-app@1.0.0-beta.1' } ] }
	=== Install npm packages ===
	
	Start to install npm package @azure/arm-app@1.0.0-beta.1.
	[User Error]: Failed to install npm package @azure/arm-app@1.0.0-beta.1 with command: 
		npm install @azure/arm-app@1.0.0-beta.1 --prefix . 2>&1
Removed @azure/arm-app@1.0.0-beta.1 because of docs package validation failure on 2022-06-06 23:11 +00:00
	Hi from ReferenceAutomation for JavaScript
	{
	    "npm_package_sources": [
	        {
	            "name": "@azure/arm-app@1.0.0-beta.1"
	        }
	    ]
	}
	{ npm_package_sources: [ { name: '@azure/arm-app@1.0.0-beta.1' } ] }
	=== Install npm packages ===
	
	Start to install npm package @azure/arm-app@1.0.0-beta.1.
	[User Error]: Failed to install npm package @azure/arm-app@1.0.0-beta.1 with command: 
		npm install @azure/arm-app@1.0.0-beta.1 --prefix . 2>&1
Removed @azure/arm-app@1.0.0-beta.1 because of docs package validation failure on 2022-06-07 23:13 +00:00
	Hi from ReferenceAutomation for JavaScript
	{
	    "npm_package_sources": [
	        {
	            "name": "@azure/arm-app@1.0.0-beta.1"
	        }
	    ]
	}
	{ npm_package_sources: [ { name: '@azure/arm-app@1.0.0-beta.1' } ] }
	=== Install npm packages ===
	
	Start to install npm package @azure/arm-app@1.0.0-beta.1.
	[User Error]: Failed to install npm package @azure/arm-app@1.0.0-beta.1 with command: 
		npm install @azure/arm-app@1.0.0-beta.1 --prefix . 2>&1
Removed @azure/arm-app@1.0.0-beta.1 because of docs package validation failure on 2022-06-08 23:11 +00:00
	Hi from ReferenceAutomation for JavaScript
	{
	    "npm_package_sources": [
	        {
	            "name": "@azure/arm-app@1.0.0-beta.1"
	        }
	    ]
	}
	{ npm_package_sources: [ { name: '@azure/arm-app@1.0.0-beta.1' } ] }
	=== Install npm packages ===
	
	Start to install npm package @azure/arm-app@1.0.0-beta.1.
	[User Error]: Failed to install npm package @azure/arm-app@1.0.0-beta.1 with command: 
		npm install @azure/arm-app@1.0.0-beta.1 --prefix . 2>&1
Removed @azure/arm-app@1.0.0-beta.1 because of docs package validation failure on 2022-06-09 23:12 +00:00
	Hi from ReferenceAutomation for JavaScript
	{
	    "npm_package_sources": [
	        {
	            "name": "@azure/arm-app@1.0.0-beta.1"
	        }
	    ]
	}
	{ npm_package_sources: [ { name: '@azure/arm-app@1.0.0-beta.1' } ] }
	=== Install npm packages ===
	
	Start to install npm package @azure/arm-app@1.0.0-beta.1.
	[User Error]: Failed to install npm package @azure/arm-app@1.0.0-beta.1 with command: 
		npm install @azure/arm-app@1.0.0-beta.1 --prefix . 2>&1
Removed @azure/arm-app@1.0.0-beta.1 because of docs package validation failure on 2022-06-10 23:11 +00:00
	Hi from ReferenceAutomation for JavaScript
	{
	    "npm_package_sources": [
	        {
	            "name": "@azure/arm-app@1.0.0-beta.1"
	        }
	    ]
	}
	{ npm_package_sources: [ { name: '@azure/arm-app@1.0.0-beta.1' } ] }
	=== Install npm packages ===
	
	Start to install npm package @azure/arm-app@1.0.0-beta.1.
	[User Error]: Failed to install npm package @azure/arm-app@1.0.0-beta.1 with command: 
		npm install @azure/arm-app@1.0.0-beta.1 --prefix . 2>&1
Removed @azure/arm-app@1.0.0-beta.1 because of docs package validation failure on 2022-06-13 23:12 +00:00
	Hi from ReferenceAutomation for JavaScript
	{
	    "npm_package_sources": [
	        {
	            "name": "@azure/arm-app@1.0.0-beta.1"
	        }
	    ]
	}
	{ npm_package_sources: [ { name: '@azure/arm-app@1.0.0-beta.1' } ] }
	=== Install npm packages ===
	
	Start to install npm package @azure/arm-app@1.0.0-beta.1.
	[User Error]: Failed to install npm package @azure/arm-app@1.0.0-beta.1 with command: 
		npm install @azure/arm-app@1.0.0-beta.1 --prefix . 2>&1
Removed @azure/arm-app@1.0.0-beta.1 because of docs package validation failure on 2022-06-14 23:12 +00:00
	Hi from ReferenceAutomation for JavaScript
	{
	    "npm_package_sources": [
	        {
	            "name": "@azure/arm-app@1.0.0-beta.1"
	        }
	    ]
	}
	{ npm_package_sources: [ { name: '@azure/arm-app@1.0.0-beta.1' } ] }
	=== Install npm packages ===
	
	Start to install npm package @azure/arm-app@1.0.0-beta.1.
	[User Error]: Failed to install npm package @azure/arm-app@1.0.0-beta.1 with command: 
		npm install @azure/arm-app@1.0.0-beta.1 --prefix . 2>&1
Removed @azure/arm-app@1.0.0-beta.1 because of docs package validation failure on 2022-06-15 23:12 +00:00
	Hi from ReferenceAutomation for JavaScript
	{
	    "npm_package_sources": [
	        {
	            "name": "@azure/arm-app@1.0.0-beta.1"
	        }
	    ]
	}
	{ npm_package_sources: [ { name: '@azure/arm-app@1.0.0-beta.1' } ] }
	=== Install npm packages ===
	
	Start to install npm package @azure/arm-app@1.0.0-beta.1.
	[User Error]: Failed to install npm package @azure/arm-app@1.0.0-beta.1 with command: 
		npm install @azure/arm-app@1.0.0-beta.1 --prefix . 2>&1
Removed @azure/arm-app@1.0.0-beta.1 because of docs package validation failure on 2022-06-16 23:12 +00:00
	Hi from ReferenceAutomation for JavaScript
	{
	    "npm_package_sources": [
	        {
	            "name": "@azure/arm-app@1.0.0-beta.1"
	        }
	    ]
	}
	{ npm_package_sources: [ { name: '@azure/arm-app@1.0.0-beta.1' } ] }
	=== Install npm packages ===
	
	Start to install npm package @azure/arm-app@1.0.0-beta.1.
	[User Error]: Failed to install npm package @azure/arm-app@1.0.0-beta.1 with command: 
		npm install @azure/arm-app@1.0.0-beta.1 --prefix . 2>&1
Removed @azure/arm-app@1.0.0-beta.1 because of docs package validation failure on 2022-06-17 23:14 +00:00
	Hi from ReferenceAutomation for JavaScript
	{
	    "npm_package_sources": [
	        {
	            "name": "@azure/arm-app@1.0.0-beta.1"
	        }
	    ]
	}
	{ npm_package_sources: [ { name: '@azure/arm-app@1.0.0-beta.1' } ] }
	=== Install npm packages ===
	
	Start to install npm package @azure/arm-app@1.0.0-beta.1.
	[User Error]: Failed to install npm package @azure/arm-app@1.0.0-beta.1 with command: 
		npm install @azure/arm-app@1.0.0-beta.1 --prefix . 2>&1
Removed @azure/arm-app@1.0.0-beta.1 because of docs package validation failure on 2022-06-20 23:10 +00:00
	Hi from ReferenceAutomation for JavaScript
	{
	    "npm_package_sources": [
	        {
	            "name": "@azure/arm-app@1.0.0-beta.1"
	        }
	    ]
	}
	{ npm_package_sources: [ { name: '@azure/arm-app@1.0.0-beta.1' } ] }
	=== Install npm packages ===
	
	Start to install npm package @azure/arm-app@1.0.0-beta.1.
	[User Error]: Failed to install npm package @azure/arm-app@1.0.0-beta.1 with command: 
		npm install @azure/arm-app@1.0.0-beta.1 --prefix . 2>&1
Removed @azure/arm-app@1.0.0-beta.1 because of docs package validation failure on 2022-06-21 23:10 +00:00
	Hi from ReferenceAutomation for JavaScript
	{
	    "npm_package_sources": [
	        {
	            "name": "@azure/arm-app@1.0.0-beta.1"
	        }
	    ]
	}
	{ npm_package_sources: [ { name: '@azure/arm-app@1.0.0-beta.1' } ] }
	=== Install npm packages ===
	
	Start to install npm package @azure/arm-app@1.0.0-beta.1.
	[User Error]: Failed to install npm package @azure/arm-app@1.0.0-beta.1 with command: 
		npm install @azure/arm-app@1.0.0-beta.1 --prefix . 2>&1
Removed @azure/arm-app@1.0.0-beta.1 because of docs package validation failure on 2022-06-22 23:11 +00:00
	Hi from ReferenceAutomation for JavaScript
	{
	    "npm_package_sources": [
	        {
	            "name": "@azure/arm-app@1.0.0-beta.1"
	        }
	    ]
	}
	{ npm_package_sources: [ { name: '@azure/arm-app@1.0.0-beta.1' } ] }
	=== Install npm packages ===
	
	Start to install npm package @azure/arm-app@1.0.0-beta.1.
	[User Error]: Failed to install npm package @azure/arm-app@1.0.0-beta.1 with command: 
		npm install @azure/arm-app@1.0.0-beta.1 --prefix . 2>&1
Removed @azure/arm-app@1.0.0-beta.1 because of docs package validation failure on 2022-06-23 23:13 +00:00
	Hi from ReferenceAutomation for JavaScript
	{
	    "npm_package_sources": [
	        {
	            "name": "@azure/arm-app@1.0.0-beta.1"
	        }
	    ]
	}
	{ npm_package_sources: [ { name: '@azure/arm-app@1.0.0-beta.1' } ] }
	=== Install npm packages ===
	
	Start to install npm package @azure/arm-app@1.0.0-beta.1.
	[User Error]: Failed to install npm package @azure/arm-app@1.0.0-beta.1 with command: 
		npm install @azure/arm-app@1.0.0-beta.1 --prefix . 2>&1
Removed @azure/arm-app@1.0.0-beta.1 because of docs package validation failure on 2022-06-24 23:12 +00:00
	Hi from ReferenceAutomation for JavaScript
	{
	    "npm_package_sources": [
	        {
	            "name": "@azure/arm-app@1.0.0-beta.1"
	        }
	    ]
	}
	{ npm_package_sources: [ { name: '@azure/arm-app@1.0.0-beta.1' } ] }
	=== Install npm packages ===
	
	Start to install npm package @azure/arm-app@1.0.0-beta.1.
	[User Error]: Failed to install npm package @azure/arm-app@1.0.0-beta.1 with command: 
		npm install @azure/arm-app@1.0.0-beta.1 --prefix . 2>&1
Removed @azure/arm-app@1.0.0-beta.1 because of docs package validation failure on 2022-06-27 23:11 +00:00
	Hi from ReferenceAutomation for JavaScript
	{
	    "npm_package_sources": [
	        {
	            "name": "@azure/arm-app@1.0.0-beta.1"
	        }
	    ]
	}
	{ npm_package_sources: [ { name: '@azure/arm-app@1.0.0-beta.1' } ] }
	=== Install npm packages ===
	
	Start to install npm package @azure/arm-app@1.0.0-beta.1.
	[User Error]: Failed to install npm package @azure/arm-app@1.0.0-beta.1 with command: 
		npm install @azure/arm-app@1.0.0-beta.1 --prefix . 2>&1
Removed @azure/arm-app@1.0.0-beta.1 because of docs package validation failure on 2022-06-28 23:11 +00:00
	Hi from ReferenceAutomation for JavaScript
	{
	    "npm_package_sources": [
	        {
	            "name": "@azure/arm-app@1.0.0-beta.1"
	        }
	    ]
	}
	{ npm_package_sources: [ { name: '@azure/arm-app@1.0.0-beta.1' } ] }
	=== Install npm packages ===
	
	Start to install npm package @azure/arm-app@1.0.0-beta.1.
	[User Error]: Failed to install npm package @azure/arm-app@1.0.0-beta.1 with command: 
		npm install @azure/arm-app@1.0.0-beta.1 --prefix . 2>&1
Removed @azure/arm-app@1.0.0-beta.1 because of docs package validation failure on 2022-06-29 23:12 +00:00
	Hi from ReferenceAutomation for JavaScript
	{
	    "npm_package_sources": [
	        {
	            "name": "@azure/arm-app@1.0.0-beta.1"
	        }
	    ]
	}
	{ npm_package_sources: [ { name: '@azure/arm-app@1.0.0-beta.1' } ] }
	=== Install npm packages ===
	
	Start to install npm package @azure/arm-app@1.0.0-beta.1.
	[User Error]: Failed to install npm package @azure/arm-app@1.0.0-beta.1 with command: 
		npm install @azure/arm-app@1.0.0-beta.1 --prefix . 2>&1
Removed @azure/arm-app@1.0.0-beta.1 because of docs package validation failure on 2022-06-30 23:18 +00:00
	Hi from ReferenceAutomation for JavaScript
	{
	    "npm_package_sources": [
	        {
	            "name": "@azure/arm-app@1.0.0-beta.1"
	        }
	    ]
	}
	{ npm_package_sources: [ { name: '@azure/arm-app@1.0.0-beta.1' } ] }
	=== Install npm packages ===
	
	Start to install npm package @azure/arm-app@1.0.0-beta.1.
	[User Error]: Failed to install npm package @azure/arm-app@1.0.0-beta.1 with command: 
		npm install @azure/arm-app@1.0.0-beta.1 --prefix . 2>&1
Removed @azure/arm-app@1.0.0-beta.1 because of docs package validation failure on 2022-07-01 23:11 +00:00
	Hi from ReferenceAutomation for JavaScript
	{
	    "npm_package_sources": [
	        {
	            "name": "@azure/arm-app@1.0.0-beta.1"
	        }
	    ]
	}
	{ npm_package_sources: [ { name: '@azure/arm-app@1.0.0-beta.1' } ] }
	=== Install npm packages ===
	
	Start to install npm package @azure/arm-app@1.0.0-beta.1.
	[User Error]: Failed to install npm package @azure/arm-app@1.0.0-beta.1 with command: 
		npm install @azure/arm-app@1.0.0-beta.1 --prefix . 2>&1
Removed @azure/arm-app@1.0.0-beta.1 because of docs package validation failure on 2022-07-04 23:14 +00:00
	Hi from ReferenceAutomation for JavaScript
	{
	    "npm_package_sources": [
	        {
	            "name": "@azure/arm-app@1.0.0-beta.1"
	        }
	    ]
	}
	{ npm_package_sources: [ { name: '@azure/arm-app@1.0.0-beta.1' } ] }
	=== Install npm packages ===
	
	Start to install npm package @azure/arm-app@1.0.0-beta.1.
	[User Error]: Failed to install npm package @azure/arm-app@1.0.0-beta.1 with command: 
		npm install @azure/arm-app@1.0.0-beta.1 --prefix . 2>&1
Removed @azure/arm-app@1.0.0-beta.1 because of docs package validation failure on 2022-07-05 23:13 +00:00
	Hi from ReferenceAutomation for JavaScript
	{
	    "npm_package_sources": [
	        {
	            "name": "@azure/arm-app@1.0.0-beta.1"
	        }
	    ]
	}
	{ npm_package_sources: [ { name: '@azure/arm-app@1.0.0-beta.1' } ] }
	=== Install npm packages ===
	
	Start to install npm package @azure/arm-app@1.0.0-beta.1.
	[User Error]: Failed to install npm package @azure/arm-app@1.0.0-beta.1 with command: 
		npm install @azure/arm-app@1.0.0-beta.1 --prefix . 2>&1
Removed @azure/arm-app@1.0.0-beta.1 because of docs package validation failure on 2022-07-06 23:15 +00:00
	Hi from ReferenceAutomation for JavaScript
	{
	    "npm_package_sources": [
	        {
	            "name": "@azure/arm-app@1.0.0-beta.1"
	        }
	    ]
	}
	{ npm_package_sources: [ { name: '@azure/arm-app@1.0.0-beta.1' } ] }
	=== Install npm packages ===
	
	Start to install npm package @azure/arm-app@1.0.0-beta.1.
	[User Error]: Failed to install npm package @azure/arm-app@1.0.0-beta.1 with command: 
		npm install @azure/arm-app@1.0.0-beta.1 --prefix . 2>&1
Removed @azure/arm-app@1.0.0-beta.1 because of docs package validation failure on 2022-07-07 23:16 +00:00
	Hi from ReferenceAutomation for JavaScript
	{
	    "npm_package_sources": [
	        {
	            "name": "@azure/arm-app@1.0.0-beta.1"
	        }
	    ]
	}
	{ npm_package_sources: [ { name: '@azure/arm-app@1.0.0-beta.1' } ] }
	=== Install npm packages ===
	
	Start to install npm package @azure/arm-app@1.0.0-beta.1.
	[User Error]: Failed to install npm package @azure/arm-app@1.0.0-beta.1 with command: 
		npm install @azure/arm-app@1.0.0-beta.1 --prefix . 2>&1
Removed @azure/arm-app@1.0.0-beta.1 because of docs package validation failure on 2022-07-08 23:17 +00:00
	Hi from ReferenceAutomation for JavaScript
	{
	    "npm_package_sources": [
	        {
	            "name": "@azure/arm-app@1.0.0-beta.1"
	        }
	    ]
	}
	{ npm_package_sources: [ { name: '@azure/arm-app@1.0.0-beta.1' } ] }
	=== Install npm packages ===
	
	Start to install npm package @azure/arm-app@1.0.0-beta.1.
	[User Error]: Failed to install npm package @azure/arm-app@1.0.0-beta.1 with command: 
		npm install @azure/arm-app@1.0.0-beta.1 --prefix . 2>&1
Removed @azure/arm-app@1.0.0-beta.1 because of docs package validation failure on 2022-07-11 23:12 +00:00
	Hi from ReferenceAutomation for JavaScript
	{
	    "npm_package_sources": [
	        {
	            "name": "@azure/arm-app@1.0.0-beta.1"
	        }
	    ]
	}
	{ npm_package_sources: [ { name: '@azure/arm-app@1.0.0-beta.1' } ] }
	=== Install npm packages ===
	
	Start to install npm package @azure/arm-app@1.0.0-beta.1.
	[User Error]: Failed to install npm package @azure/arm-app@1.0.0-beta.1 with command: 
		npm install @azure/arm-app@1.0.0-beta.1 --prefix . 2>&1
Removed @azure/arm-app@1.0.0-beta.1 because of docs package validation failure on 2022-07-12 23:18 +00:00
	Hi from ReferenceAutomation for JavaScript
	{
	    "npm_package_sources": [
	        {
	            "name": "@azure/arm-app@1.0.0-beta.1"
	        }
	    ]
	}
	{ npm_package_sources: [ { name: '@azure/arm-app@1.0.0-beta.1' } ] }
	=== Install npm packages ===
	
	Start to install npm package @azure/arm-app@1.0.0-beta.1.
	[User Error]: Failed to install npm package @azure/arm-app@1.0.0-beta.1 with command: 
		npm install @azure/arm-app@1.0.0-beta.1 --prefix . 2>&1
Removed @azure/arm-app@1.0.0-beta.1 because of docs package validation failure on 2022-07-13 23:16 +00:00
	Hi from ReferenceAutomation for JavaScript
	{
	    "npm_package_sources": [
	        {
	            "name": "@azure/arm-app@1.0.0-beta.1"
	        }
	    ]
	}
	{ npm_package_sources: [ { name: '@azure/arm-app@1.0.0-beta.1' } ] }
	=== Install npm packages ===
	
	Start to install npm package @azure/arm-app@1.0.0-beta.1.
	[User Error]: Failed to install npm package @azure/arm-app@1.0.0-beta.1 with command: 
		npm install @azure/arm-app@1.0.0-beta.1 --prefix . 2>&1
Removed @azure/arm-app@1.0.0-beta.1 because of docs package validation failure on 2022-07-14 23:15 +00:00
	Hi from ReferenceAutomation for JavaScript
	{
	    "npm_package_sources": [
	        {
	            "name": "@azure/arm-app@1.0.0-beta.1"
	        }
	    ]
	}
	{ npm_package_sources: [ { name: '@azure/arm-app@1.0.0-beta.1' } ] }
	=== Install npm packages ===
	
	Start to install npm package @azure/arm-app@1.0.0-beta.1.
	[User Error]: Failed to install npm package @azure/arm-app@1.0.0-beta.1 with command: 
		npm install @azure/arm-app@1.0.0-beta.1 --prefix . 2>&1
Removed @azure/arm-app@1.0.0-beta.1 because of docs package validation failure on 2022-07-15 23:12 +00:00
	Hi from ReferenceAutomation for JavaScript
	{
	    "npm_package_sources": [
	        {
	            "name": "@azure/arm-app@1.0.0-beta.1"
	        }
	    ]
	}
	{ npm_package_sources: [ { name: '@azure/arm-app@1.0.0-beta.1' } ] }
	=== Install npm packages ===
	
	Start to install npm package @azure/arm-app@1.0.0-beta.1.
	[User Error]: Failed to install npm package @azure/arm-app@1.0.0-beta.1 with command: 
		npm install @azure/arm-app@1.0.0-beta.1 --prefix . 2>&1
Removed @azure/arm-app@1.0.0-beta.1 because of docs package validation failure on 2022-07-18 23:15 +00:00
	Hi from ReferenceAutomation for JavaScript
	{
	    "npm_package_sources": [
	        {
	            "name": "@azure/arm-app@1.0.0-beta.1"
	        }
	    ]
	}
	{ npm_package_sources: [ { name: '@azure/arm-app@1.0.0-beta.1' } ] }
	=== Install npm packages ===
	
	Start to install npm package @azure/arm-app@1.0.0-beta.1.
	[User Error]: Failed to install npm package @azure/arm-app@1.0.0-beta.1 with command: 
		npm install @azure/arm-app@1.0.0-beta.1 --prefix . 2>&1
Removed @azure/arm-app@1.0.0-beta.1 because of docs package validation failure on 2022-07-19 19:35 +00:00
	Hi from ReferenceAutomation for JavaScript
	{
	    "npm_package_sources": [
	        {
	            "name": "@azure/arm-app@1.0.0-beta.1"
	        }
	    ]
	}
	{ npm_package_sources: [ { name: '@azure/arm-app@1.0.0-beta.1' } ] }
	=== Install npm packages ===
	
	Start to install npm package @azure/arm-app@1.0.0-beta.1.
	[User Error]: Failed to install npm package @azure/arm-app@1.0.0-beta.1 with command: 
		npm install @azure/arm-app@1.0.0-beta.1 --prefix . 2>&1
Removed @azure/arm-app@1.0.0-beta.1 because of docs package validation failure on 2022-07-19 23:13 +00:00
	Hi from ReferenceAutomation for JavaScript
	{
	    "npm_package_sources": [
	        {
	            "name": "@azure/arm-app@1.0.0-beta.1"
	        }
	    ]
	}
	{ npm_package_sources: [ { name: '@azure/arm-app@1.0.0-beta.1' } ] }
	=== Install npm packages ===
	
	Start to install npm package @azure/arm-app@1.0.0-beta.1.
	[User Error]: Failed to install npm package @azure/arm-app@1.0.0-beta.1 with command: 
		npm install @azure/arm-app@1.0.0-beta.1 --prefix . 2>&1
Removed @azure/arm-app@1.0.0-beta.1 because of docs package validation failure on 2022-11-16 02:24 +00:00
	Hi from ReferenceAutomation for JavaScript
	{
	    "npm_package_sources": [
	        {
	            "name": "@azure/arm-app@1.0.0-beta.1"
	        }
	    ]
	}
	{ npm_package_sources: [ { name: '@azure/arm-app@1.0.0-beta.1' } ] }
	=== Install npm packages ===
	
	Start to install npm package @azure/arm-app@1.0.0-beta.1.
	[User Error]: Failed to install npm package @azure/arm-app@1.0.0-beta.1 with command: 
		npm install @azure/arm-app@1.0.0-beta.1 --prefix . 2>&1
Removed @azure-rest/maps-search@1.0.0-beta.1 because of docs package validation failure on 2023-01-11 23:15 +00:00
	Hi from ReferenceAutomation for JavaScript
	{
	    "npm_package_sources": [
	        {
	            "name": "@azure-rest/maps-search@1.0.0-beta.1"
	        }
	    ]
	}
	{ npm_package_sources: [ { name: '@azure-rest/maps-search@1.0.0-beta.1' } ] }
	=== Install npm packages ===
	
	Start to install npm package @azure-rest/maps-search@1.0.0-beta.1.
	Finished to install npm package @azure-rest/maps-search@1.0.0-beta.1.
	current package: @azure-rest/maps-search
	current version is : 1.0.0-beta.1
	[User Error]: ./types/maps-search-rest.d.ts doesn't exist, which is defined in package.json.
Removed @azure-rest/maps-search@1.0.0-beta.1 because of docs package validation failure on 2023-01-12 23:19 +00:00
	Hi from ReferenceAutomation for JavaScript
	{
	    "npm_package_sources": [
	        {
	            "name": "@azure-rest/maps-search@1.0.0-beta.1"
	        }
	    ]
	}
	{ npm_package_sources: [ { name: '@azure-rest/maps-search@1.0.0-beta.1' } ] }
	=== Install npm packages ===
	
	Start to install npm package @azure-rest/maps-search@1.0.0-beta.1.
	Finished to install npm package @azure-rest/maps-search@1.0.0-beta.1.
	current package: @azure-rest/maps-search
	current version is : 1.0.0-beta.1
	[User Error]: ./types/maps-search-rest.d.ts doesn't exist, which is defined in package.json.
Removed @azure-rest/maps-search@1.0.0-beta.1 because of docs package validation failure on 2023-01-13 23:14 +00:00
	Hi from ReferenceAutomation for JavaScript
	{
	    "npm_package_sources": [
	        {
	            "name": "@azure-rest/maps-search@1.0.0-beta.1"
	        }
	    ]
	}
	{ npm_package_sources: [ { name: '@azure-rest/maps-search@1.0.0-beta.1' } ] }
	=== Install npm packages ===
	
	Start to install npm package @azure-rest/maps-search@1.0.0-beta.1.
	Finished to install npm package @azure-rest/maps-search@1.0.0-beta.1.
	current package: @azure-rest/maps-search
	current version is : 1.0.0-beta.1
	[User Error]: ./types/maps-search-rest.d.ts doesn't exist, which is defined in package.json.
Removed @azure-rest/maps-search@1.0.0-beta.1 because of docs package validation failure on 2023-01-16 23:20 +00:00
	Hi from ReferenceAutomation for JavaScript
	{
	    "npm_package_sources": [
	        {
	            "name": "@azure-rest/maps-search@1.0.0-beta.1"
	        }
	    ]
	}
	{ npm_package_sources: [ { name: '@azure-rest/maps-search@1.0.0-beta.1' } ] }
	=== Install npm packages ===
	
	Start to install npm package @azure-rest/maps-search@1.0.0-beta.1.
	Finished to install npm package @azure-rest/maps-search@1.0.0-beta.1.
	current package: @azure-rest/maps-search
	current version is : 1.0.0-beta.1
	[User Error]: ./types/maps-search-rest.d.ts doesn't exist, which is defined in package.json.
Removed @azure-rest/maps-search@1.0.0-beta.1 because of docs package validation failure on 2023-01-17 23:15 +00:00
	Hi from ReferenceAutomation for JavaScript
	{
	    "npm_package_sources": [
	        {
	            "name": "@azure-rest/maps-search@1.0.0-beta.1"
	        }
	    ]
	}
	{ npm_package_sources: [ { name: '@azure-rest/maps-search@1.0.0-beta.1' } ] }
	=== Install npm packages ===
	
	Start to install npm package @azure-rest/maps-search@1.0.0-beta.1.
	Finished to install npm package @azure-rest/maps-search@1.0.0-beta.1.
	current package: @azure-rest/maps-search
	current version is : 1.0.0-beta.1
	[User Error]: ./types/maps-search-rest.d.ts doesn't exist, which is defined in package.json.
Removed @azure-rest/maps-search@1.0.0-beta.1 because of docs package validation failure on 2023-01-18 23:18 +00:00
	Hi from ReferenceAutomation for JavaScript
	{
	    "npm_package_sources": [
	        {
	            "name": "@azure-rest/maps-search@1.0.0-beta.1"
	        }
	    ]
	}
	{ npm_package_sources: [ { name: '@azure-rest/maps-search@1.0.0-beta.1' } ] }
	=== Install npm packages ===
	
	Start to install npm package @azure-rest/maps-search@1.0.0-beta.1.
	Finished to install npm package @azure-rest/maps-search@1.0.0-beta.1.
	current package: @azure-rest/maps-search
	current version is : 1.0.0-beta.1
	[User Error]: ./types/maps-search-rest.d.ts doesn't exist, which is defined in package.json.
Removed @azure-rest/maps-search@1.0.0-beta.1 because of docs package validation failure on 2023-01-23 23:15 +00:00
	Hi from ReferenceAutomation for JavaScript
	{
	    "npm_package_sources": [
	        {
	            "name": "@azure-rest/maps-search@1.0.0-beta.1"
	        }
	    ]
	}
	{ npm_package_sources: [ { name: '@azure-rest/maps-search@1.0.0-beta.1' } ] }
	=== Install npm packages ===
	
	Start to install npm package @azure-rest/maps-search@1.0.0-beta.1.
	Finished to install npm package @azure-rest/maps-search@1.0.0-beta.1.
	current package: @azure-rest/maps-search
	current version is : 1.0.0-beta.1
	[User Error]: ./types/maps-search-rest.d.ts doesn't exist, which is defined in package.json.
Removed @azure-rest/maps-search@1.0.0-beta.1 because of docs package validation failure on 2023-01-24 23:17 +00:00
	Hi from ReferenceAutomation for JavaScript
	{
	    "npm_package_sources": [
	        {
	            "name": "@azure-rest/maps-search@1.0.0-beta.1"
	        }
	    ]
	}
	{ npm_package_sources: [ { name: '@azure-rest/maps-search@1.0.0-beta.1' } ] }
	=== Install npm packages ===
	
	Start to install npm package @azure-rest/maps-search@1.0.0-beta.1.
	Finished to install npm package @azure-rest/maps-search@1.0.0-beta.1.
	current package: @azure-rest/maps-search
	current version is : 1.0.0-beta.1
	[User Error]: ./types/maps-search-rest.d.ts doesn't exist, which is defined in package.json.
Removed @azure-rest/maps-search@1.0.0-beta.1 because of docs package validation failure on 2023-01-25 23:14 +00:00
	Hi from ReferenceAutomation for JavaScript
	{
	    "npm_package_sources": [
	        {
	            "name": "@azure-rest/maps-search@1.0.0-beta.1"
	        }
	    ]
	}
	{ npm_package_sources: [ { name: '@azure-rest/maps-search@1.0.0-beta.1' } ] }
	=== Install npm packages ===
	
	Start to install npm package @azure-rest/maps-search@1.0.0-beta.1.
	Finished to install npm package @azure-rest/maps-search@1.0.0-beta.1.
	current package: @azure-rest/maps-search
	current version is : 1.0.0-beta.1
	[User Error]: ./types/maps-search-rest.d.ts doesn't exist, which is defined in package.json.
Removed @azure-rest/maps-search@1.0.0-beta.1 because of docs package validation failure on 2023-01-26 23:14 +00:00
	Hi from ReferenceAutomation for JavaScript
	{
	    "npm_package_sources": [
	        {
	            "name": "@azure-rest/maps-search@1.0.0-beta.1"
	        }
	    ]
	}
	{ npm_package_sources: [ { name: '@azure-rest/maps-search@1.0.0-beta.1' } ] }
	=== Install npm packages ===
	
	Start to install npm package @azure-rest/maps-search@1.0.0-beta.1.
	Finished to install npm package @azure-rest/maps-search@1.0.0-beta.1.
	current package: @azure-rest/maps-search
	current version is : 1.0.0-beta.1
	[User Error]: ./types/maps-search-rest.d.ts doesn't exist, which is defined in package.json.
Removed @azure-rest/maps-search@1.0.0-beta.1 because of docs package validation failure on 2023-01-27 23:19 +00:00
	Hi from ReferenceAutomation for JavaScript
	{
	    "npm_package_sources": [
	        {
	            "name": "@azure-rest/maps-search@1.0.0-beta.1"
	        }
	    ]
	}
	{ npm_package_sources: [ { name: '@azure-rest/maps-search@1.0.0-beta.1' } ] }
	=== Install npm packages ===
	
	Start to install npm package @azure-rest/maps-search@1.0.0-beta.1.
	Finished to install npm package @azure-rest/maps-search@1.0.0-beta.1.
	current package: @azure-rest/maps-search
	current version is : 1.0.0-beta.1
	[User Error]: ./types/maps-search-rest.d.ts doesn't exist, which is defined in package.json.
Removed @azure-rest/maps-search@1.0.0-beta.1 because of docs package validation failure on 2023-01-30 23:19 +00:00
	Hi from ReferenceAutomation for JavaScript
	{
	    "npm_package_sources": [
	        {
	            "name": "@azure-rest/maps-search@1.0.0-beta.1"
	        }
	    ]
	}
	{ npm_package_sources: [ { name: '@azure-rest/maps-search@1.0.0-beta.1' } ] }
	=== Install npm packages ===
	
	Start to install npm package @azure-rest/maps-search@1.0.0-beta.1.
	Finished to install npm package @azure-rest/maps-search@1.0.0-beta.1.
	current package: @azure-rest/maps-search
	current version is : 1.0.0-beta.1
	[User Error]: ./types/maps-search-rest.d.ts doesn't exist, which is defined in package.json.
Removed @azure-rest/maps-search@1.0.0-beta.1 because of docs package validation failure on 2023-01-31 23:20 +00:00
	Hi from ReferenceAutomation for JavaScript
	{
	    "npm_package_sources": [
	        {
	            "name": "@azure-rest/maps-search@1.0.0-beta.1"
	        }
	    ]
	}
	{ npm_package_sources: [ { name: '@azure-rest/maps-search@1.0.0-beta.1' } ] }
	=== Install npm packages ===
	
	Start to install npm package @azure-rest/maps-search@1.0.0-beta.1.
	Finished to install npm package @azure-rest/maps-search@1.0.0-beta.1.
	current package: @azure-rest/maps-search
	current version is : 1.0.0-beta.1
	[User Error]: ./types/maps-search-rest.d.ts doesn't exist, which is defined in package.json.
Removed @azure-rest/maps-search@1.0.0-beta.1 because of docs package validation failure on 2023-02-01 23:14 +00:00
	Hi from ReferenceAutomation for JavaScript
	{
	    "npm_package_sources": [
	        {
	            "name": "@azure-rest/maps-search@1.0.0-beta.1"
	        }
	    ]
	}
	{ npm_package_sources: [ { name: '@azure-rest/maps-search@1.0.0-beta.1' } ] }
	=== Install npm packages ===
	
	Start to install npm package @azure-rest/maps-search@1.0.0-beta.1.
	Finished to install npm package @azure-rest/maps-search@1.0.0-beta.1.
	current package: @azure-rest/maps-search
	current version is : 1.0.0-beta.1
	[User Error]: ./types/maps-search-rest.d.ts doesn't exist, which is defined in package.json.
Removed @azure-rest/maps-search@1.0.0-beta.1 because of docs package validation failure on 2023-02-02 23:15 +00:00
	Hi from ReferenceAutomation for JavaScript
	{
	    "npm_package_sources": [
	        {
	            "name": "@azure-rest/maps-search@1.0.0-beta.1"
	        }
	    ]
	}
	{ npm_package_sources: [ { name: '@azure-rest/maps-search@1.0.0-beta.1' } ] }
	=== Install npm packages ===
	
	Start to install npm package @azure-rest/maps-search@1.0.0-beta.1.
	Finished to install npm package @azure-rest/maps-search@1.0.0-beta.1.
	current package: @azure-rest/maps-search
	current version is : 1.0.0-beta.1
	[User Error]: ./types/maps-search-rest.d.ts doesn't exist, which is defined in package.json.
Removed @azure-rest/maps-search@1.0.0-beta.1 because of docs package validation failure on 2023-02-03 23:17 +00:00
	Hi from ReferenceAutomation for JavaScript
	{
	    "npm_package_sources": [
	        {
	            "name": "@azure-rest/maps-search@1.0.0-beta.1"
	        }
	    ]
	}
	{ npm_package_sources: [ { name: '@azure-rest/maps-search@1.0.0-beta.1' } ] }
	=== Install npm packages ===
	
	Start to install npm package @azure-rest/maps-search@1.0.0-beta.1.
	Finished to install npm package @azure-rest/maps-search@1.0.0-beta.1.
	current package: @azure-rest/maps-search
	current version is : 1.0.0-beta.1
	[User Error]: ./types/maps-search-rest.d.ts doesn't exist, which is defined in package.json.
Removed @azure/communication-rooms@1.0.0-beta.1 because of docs package validation failure on 2023-02-06 23:17 +00:00
	Hi from ReferenceAutomation for JavaScript
	{
	    "npm_package_sources": [
	        {
	            "name": "@azure/communication-rooms@1.0.0-beta.1"
	        }
	    ]
	}
	{ npm_package_sources: [ { name: '@azure/communication-rooms@1.0.0-beta.1' } ] }
	=== Install npm packages ===
	
	Start to install npm package @azure/communication-rooms@1.0.0-beta.1.
	[User Error]: Failed to install npm package @azure/communication-rooms@1.0.0-beta.1 with command: 
		npm install @azure/communication-rooms@1.0.0-beta.1 --prefix . 2>&1
Removed @azure-rest/maps-search@1.0.0-beta.1 because of docs package validation failure on 2023-02-06 23:17 +00:00
	Hi from ReferenceAutomation for JavaScript
	{
	    "npm_package_sources": [
	        {
	            "name": "@azure-rest/maps-search@1.0.0-beta.1"
	        }
	    ]
	}
	{ npm_package_sources: [ { name: '@azure-rest/maps-search@1.0.0-beta.1' } ] }
	=== Install npm packages ===
	
	Start to install npm package @azure-rest/maps-search@1.0.0-beta.1.
	Finished to install npm package @azure-rest/maps-search@1.0.0-beta.1.
	current package: @azure-rest/maps-search
	current version is : 1.0.0-beta.1
	[User Error]: ./types/maps-search-rest.d.ts doesn't exist, which is defined in package.json.
Removed @azure/arm-connectedvmware@1.0.0-beta.2 because of docs package validation failure on 2023-03-10 23:15 +00:00
	Hi from ReferenceAutomation for JavaScript
	{
	    "npm_package_sources": [
	        {
	            "name": "@azure/arm-connectedvmware@1.0.0-beta.2"
	        }
	    ]
	}
	{ npm_package_sources: [ { name: '@azure/arm-connectedvmware@1.0.0-beta.2' } ] }
	=== Install npm packages ===
	
	Start to install npm package @azure/arm-connectedvmware@1.0.0-beta.2.
	[User Error]: Failed to install npm package @azure/arm-connectedvmware@1.0.0-beta.2 with command: 
		npm install @azure/arm-connectedvmware@1.0.0-beta.2 --prefix . 2>&1
Removed @azure/web-pubsub-client-protobuf@1.0.0-beta.1 because of docs package validation failure on 2023-03-28 23:18 +00:00
	Hi from ReferenceAutomation for JavaScript
	{
	    "npm_package_sources": [
	        {
	            "name": "@azure/web-pubsub-client-protobuf@1.0.0-beta.1"
	        }
	    ]
	}
	{ npm_package_sources:
	   [ { name: '@azure/web-pubsub-client-protobuf@1.0.0-beta.1' } ] }
	=== Install npm packages ===
	
	Start to install npm package @azure/web-pubsub-client-protobuf@1.0.0-beta.1.
	Finished to install npm package @azure/web-pubsub-client-protobuf@1.0.0-beta.1.
	current package: @azure/web-pubsub-client-protobuf
	current version is : 1.0.0-beta.1
	=== generate yml files for @azure/web-pubsub-client-protobuf ===
	
	run typedoc in ./node_modules/@azure/web-pubsub-client-protobuf: 
	$ typedoc types --json api.json --module commonjs --includeDeclarations --ignoreCompilerErrors --excludeExternals --stripInternal
	
	run type2docfx in /: 
	$ type2docfx ./node_modules/@azure/web-pubsub-client-protobuf/api.json /workdir/out/docs-ref-autogen/@azure/web-pubsub-client-protobuf
	{ Error: Command failed: type2docfx ./node_modules/@azure/web-pubsub-client-protobuf/api.json /workdir/out/docs-ref-autogen/@azure/web-pubsub-client-protobuf
	    at checkExecSyncError (child_process.js:629:11)
	    at Object.execSync (child_process.js:666:13)
	    at TSProcessor.generate (/nodejs/JavaScriptTypeScript/dist/DocProcessor.js:38:23)
	    at FlattenCoreProcessor.generateSinglePackage (/nodejs/JavaScriptTypeScript/dist/CoreProcessor.js:161:55)
	    at FlattenCoreProcessor.generateFromNpmPakcage (/nodejs/JavaScriptTypeScript/dist/CoreProcessor.js:119:18)
	    at FlattenCoreProcessor.generatePacakge (/nodejs/JavaScriptTypeScript/dist/CoreProcessor.js:104:18)
	    at FlattenCoreProcessor.BaseCoreProcessor.generate (/nodejs/JavaScriptTypeScript/dist/CoreProcessor.js:56:19)
	    at Object.<anonymous> (/nodejs/JavaScriptTypeScript/dist/main.js:20:15)
	    at Module._compile (internal/modules/cjs/loader.js:778:30)
	    at Object.Module._extensions..js (internal/modules/cjs/loader.js:789:10)
	  status: 1,
	  signal: null,
	  output: [ null, null, null ],
	  pid: 73,
	  stdout: null,
	  stderr: null }
Removed @azure/web-pubsub-client-protobuf@1.0.0-beta.1 because of docs package validation failure on 2023-03-29 23:22 +00:00
	Hi from ReferenceAutomation for JavaScript
	{
	    "npm_package_sources": [
	        {
	            "name": "@azure/web-pubsub-client-protobuf@1.0.0-beta.1"
	        }
	    ]
	}
	{ npm_package_sources:
	   [ { name: '@azure/web-pubsub-client-protobuf@1.0.0-beta.1' } ] }
	=== Install npm packages ===
	
	Start to install npm package @azure/web-pubsub-client-protobuf@1.0.0-beta.1.
	Finished to install npm package @azure/web-pubsub-client-protobuf@1.0.0-beta.1.
	current package: @azure/web-pubsub-client-protobuf
	current version is : 1.0.0-beta.1
	=== generate yml files for @azure/web-pubsub-client-protobuf ===
	
	run typedoc in ./node_modules/@azure/web-pubsub-client-protobuf: 
	$ typedoc types --json api.json --module commonjs --includeDeclarations --ignoreCompilerErrors --excludeExternals --stripInternal
	
	run type2docfx in /: 
	$ type2docfx ./node_modules/@azure/web-pubsub-client-protobuf/api.json /workdir/out/docs-ref-autogen/@azure/web-pubsub-client-protobuf
	{ Error: Command failed: type2docfx ./node_modules/@azure/web-pubsub-client-protobuf/api.json /workdir/out/docs-ref-autogen/@azure/web-pubsub-client-protobuf
	    at checkExecSyncError (child_process.js:629:11)
	    at Object.execSync (child_process.js:666:13)
	    at TSProcessor.generate (/nodejs/JavaScriptTypeScript/dist/DocProcessor.js:38:23)
	    at FlattenCoreProcessor.generateSinglePackage (/nodejs/JavaScriptTypeScript/dist/CoreProcessor.js:161:55)
	    at FlattenCoreProcessor.generateFromNpmPakcage (/nodejs/JavaScriptTypeScript/dist/CoreProcessor.js:119:18)
	    at FlattenCoreProcessor.generatePacakge (/nodejs/JavaScriptTypeScript/dist/CoreProcessor.js:104:18)
	    at FlattenCoreProcessor.BaseCoreProcessor.generate (/nodejs/JavaScriptTypeScript/dist/CoreProcessor.js:56:19)
	    at Object.<anonymous> (/nodejs/JavaScriptTypeScript/dist/main.js:20:15)
	    at Module._compile (internal/modules/cjs/loader.js:778:30)
	    at Object.Module._extensions..js (internal/modules/cjs/loader.js:789:10)
	  status: 1,
	  signal: null,
	  output: [ null, null, null ],
	  pid: 74,
	  stdout: null,
	  stderr: null }
Removed @azure/web-pubsub-client-protobuf@1.0.0-beta.1 because of docs package validation failure on 2023-03-30 23:15 +00:00
	Hi from ReferenceAutomation for JavaScript
	{
	    "npm_package_sources": [
	        {
	            "name": "@azure/web-pubsub-client-protobuf@1.0.0-beta.1"
	        }
	    ]
	}
	{ npm_package_sources:
	   [ { name: '@azure/web-pubsub-client-protobuf@1.0.0-beta.1' } ] }
	=== Install npm packages ===
	
	Start to install npm package @azure/web-pubsub-client-protobuf@1.0.0-beta.1.
	Finished to install npm package @azure/web-pubsub-client-protobuf@1.0.0-beta.1.
	current package: @azure/web-pubsub-client-protobuf
	current version is : 1.0.0-beta.1
	=== generate yml files for @azure/web-pubsub-client-protobuf ===
	
	run typedoc in ./node_modules/@azure/web-pubsub-client-protobuf: 
	$ typedoc types --json api.json --module commonjs --includeDeclarations --ignoreCompilerErrors --excludeExternals --stripInternal
	
	run type2docfx in /: 
	$ type2docfx ./node_modules/@azure/web-pubsub-client-protobuf/api.json /workdir/out/docs-ref-autogen/@azure/web-pubsub-client-protobuf
	{ Error: Command failed: type2docfx ./node_modules/@azure/web-pubsub-client-protobuf/api.json /workdir/out/docs-ref-autogen/@azure/web-pubsub-client-protobuf
	    at checkExecSyncError (child_process.js:629:11)
	    at Object.execSync (child_process.js:666:13)
	    at TSProcessor.generate (/nodejs/JavaScriptTypeScript/dist/DocProcessor.js:38:23)
	    at FlattenCoreProcessor.generateSinglePackage (/nodejs/JavaScriptTypeScript/dist/CoreProcessor.js:161:55)
	    at FlattenCoreProcessor.generateFromNpmPakcage (/nodejs/JavaScriptTypeScript/dist/CoreProcessor.js:119:18)
	    at FlattenCoreProcessor.generatePacakge (/nodejs/JavaScriptTypeScript/dist/CoreProcessor.js:104:18)
	    at FlattenCoreProcessor.BaseCoreProcessor.generate (/nodejs/JavaScriptTypeScript/dist/CoreProcessor.js:56:19)
	    at Object.<anonymous> (/nodejs/JavaScriptTypeScript/dist/main.js:20:15)
	    at Module._compile (internal/modules/cjs/loader.js:778:30)
	    at Object.Module._extensions..js (internal/modules/cjs/loader.js:789:10)
	  status: 1,
	  signal: null,
	  output: [ null, null, null ],
	  pid: 72,
	  stdout: null,
	  stderr: null }
Removed @azure/web-pubsub-client-protobuf@1.0.0-beta.1 because of docs package validation failure on 2023-04-03 23:16 +00:00
	Hi from ReferenceAutomation for JavaScript
	{
	    "npm_package_sources": [
	        {
	            "name": "@azure/web-pubsub-client-protobuf@1.0.0-beta.1"
	        }
	    ]
	}
	{ npm_package_sources:
	   [ { name: '@azure/web-pubsub-client-protobuf@1.0.0-beta.1' } ] }
	=== Install npm packages ===
	
	Start to install npm package @azure/web-pubsub-client-protobuf@1.0.0-beta.1.
	Finished to install npm package @azure/web-pubsub-client-protobuf@1.0.0-beta.1.
	current package: @azure/web-pubsub-client-protobuf
	current version is : 1.0.0-beta.1
	=== generate yml files for @azure/web-pubsub-client-protobuf ===
	
	run typedoc in ./node_modules/@azure/web-pubsub-client-protobuf: 
	$ typedoc types --json api.json --module commonjs --includeDeclarations --ignoreCompilerErrors --excludeExternals --stripInternal
	
	run type2docfx in /: 
	$ type2docfx ./node_modules/@azure/web-pubsub-client-protobuf/api.json /workdir/out/docs-ref-autogen/@azure/web-pubsub-client-protobuf
	{ Error: Command failed: type2docfx ./node_modules/@azure/web-pubsub-client-protobuf/api.json /workdir/out/docs-ref-autogen/@azure/web-pubsub-client-protobuf
	    at checkExecSyncError (child_process.js:629:11)
	    at Object.execSync (child_process.js:666:13)
	    at TSProcessor.generate (/nodejs/JavaScriptTypeScript/dist/DocProcessor.js:38:23)
	    at FlattenCoreProcessor.generateSinglePackage (/nodejs/JavaScriptTypeScript/dist/CoreProcessor.js:161:55)
	    at FlattenCoreProcessor.generateFromNpmPakcage (/nodejs/JavaScriptTypeScript/dist/CoreProcessor.js:119:18)
	    at FlattenCoreProcessor.generatePacakge (/nodejs/JavaScriptTypeScript/dist/CoreProcessor.js:104:18)
	    at FlattenCoreProcessor.BaseCoreProcessor.generate (/nodejs/JavaScriptTypeScript/dist/CoreProcessor.js:56:19)
	    at Object.<anonymous> (/nodejs/JavaScriptTypeScript/dist/main.js:20:15)
	    at Module._compile (internal/modules/cjs/loader.js:778:30)
	    at Object.Module._extensions..js (internal/modules/cjs/loader.js:789:10)
	  status: 1,
	  signal: null,
	  output: [ null, null, null ],
	  pid: 72,
	  stdout: null,
	  stderr: null }
Removed @azure/web-pubsub-client-protobuf@1.0.0-beta.1 because of docs package validation failure on 2023-04-04 23:20 +00:00
	Hi from ReferenceAutomation for JavaScript
	{
	    "npm_package_sources": [
	        {
	            "name": "@azure/web-pubsub-client-protobuf@1.0.0-beta.1"
	        }
	    ]
	}
	{ npm_package_sources:
	   [ { name: '@azure/web-pubsub-client-protobuf@1.0.0-beta.1' } ] }
	=== Install npm packages ===
	
	Start to install npm package @azure/web-pubsub-client-protobuf@1.0.0-beta.1.
	Finished to install npm package @azure/web-pubsub-client-protobuf@1.0.0-beta.1.
	current package: @azure/web-pubsub-client-protobuf
	current version is : 1.0.0-beta.1
	=== generate yml files for @azure/web-pubsub-client-protobuf ===
	
	run typedoc in ./node_modules/@azure/web-pubsub-client-protobuf: 
	$ typedoc types --json api.json --module commonjs --includeDeclarations --ignoreCompilerErrors --excludeExternals --stripInternal
	
	run type2docfx in /: 
	$ type2docfx ./node_modules/@azure/web-pubsub-client-protobuf/api.json /workdir/out/docs-ref-autogen/@azure/web-pubsub-client-protobuf
	{ Error: Command failed: type2docfx ./node_modules/@azure/web-pubsub-client-protobuf/api.json /workdir/out/docs-ref-autogen/@azure/web-pubsub-client-protobuf
	    at checkExecSyncError (child_process.js:629:11)
	    at Object.execSync (child_process.js:666:13)
	    at TSProcessor.generate (/nodejs/JavaScriptTypeScript/dist/DocProcessor.js:38:23)
	    at FlattenCoreProcessor.generateSinglePackage (/nodejs/JavaScriptTypeScript/dist/CoreProcessor.js:161:55)
	    at FlattenCoreProcessor.generateFromNpmPakcage (/nodejs/JavaScriptTypeScript/dist/CoreProcessor.js:119:18)
	    at FlattenCoreProcessor.generatePacakge (/nodejs/JavaScriptTypeScript/dist/CoreProcessor.js:104:18)
	    at FlattenCoreProcessor.BaseCoreProcessor.generate (/nodejs/JavaScriptTypeScript/dist/CoreProcessor.js:56:19)
	    at Object.<anonymous> (/nodejs/JavaScriptTypeScript/dist/main.js:20:15)
	    at Module._compile (internal/modules/cjs/loader.js:778:30)
	    at Object.Module._extensions..js (internal/modules/cjs/loader.js:789:10)
	  status: 1,
	  signal: null,
	  output: [ null, null, null ],
	  pid: 73,
	  stdout: null,
	  stderr: null }
Removed @azure/web-pubsub-client-protobuf@1.0.0-beta.1 because of docs package validation failure on 2023-04-05 23:16 +00:00
	Hi from ReferenceAutomation for JavaScript
	{
	    "npm_package_sources": [
	        {
	            "name": "@azure/web-pubsub-client-protobuf@1.0.0-beta.1"
	        }
	    ]
	}
	{ npm_package_sources:
	   [ { name: '@azure/web-pubsub-client-protobuf@1.0.0-beta.1' } ] }
	=== Install npm packages ===
	
	Start to install npm package @azure/web-pubsub-client-protobuf@1.0.0-beta.1.
	Finished to install npm package @azure/web-pubsub-client-protobuf@1.0.0-beta.1.
	current package: @azure/web-pubsub-client-protobuf
	current version is : 1.0.0-beta.1
	=== generate yml files for @azure/web-pubsub-client-protobuf ===
	
	run typedoc in ./node_modules/@azure/web-pubsub-client-protobuf: 
	$ typedoc types --json api.json --module commonjs --includeDeclarations --ignoreCompilerErrors --excludeExternals --stripInternal
	
	run type2docfx in /: 
	$ type2docfx ./node_modules/@azure/web-pubsub-client-protobuf/api.json /workdir/out/docs-ref-autogen/@azure/web-pubsub-client-protobuf
	{ Error: Command failed: type2docfx ./node_modules/@azure/web-pubsub-client-protobuf/api.json /workdir/out/docs-ref-autogen/@azure/web-pubsub-client-protobuf
	    at checkExecSyncError (child_process.js:629:11)
	    at Object.execSync (child_process.js:666:13)
	    at TSProcessor.generate (/nodejs/JavaScriptTypeScript/dist/DocProcessor.js:38:23)
	    at FlattenCoreProcessor.generateSinglePackage (/nodejs/JavaScriptTypeScript/dist/CoreProcessor.js:161:55)
	    at FlattenCoreProcessor.generateFromNpmPakcage (/nodejs/JavaScriptTypeScript/dist/CoreProcessor.js:119:18)
	    at FlattenCoreProcessor.generatePacakge (/nodejs/JavaScriptTypeScript/dist/CoreProcessor.js:104:18)
	    at FlattenCoreProcessor.BaseCoreProcessor.generate (/nodejs/JavaScriptTypeScript/dist/CoreProcessor.js:56:19)
	    at Object.<anonymous> (/nodejs/JavaScriptTypeScript/dist/main.js:20:15)
	    at Module._compile (internal/modules/cjs/loader.js:778:30)
	    at Object.Module._extensions..js (internal/modules/cjs/loader.js:789:10)
	  status: 1,
	  signal: null,
	  output: [ null, null, null ],
	  pid: 72,
	  stdout: null,
	  stderr: null }
Removed @azure/web-pubsub-client-protobuf@1.0.0-beta.1 because of docs package validation failure on 2023-04-06 23:15 +00:00
	Hi from ReferenceAutomation for JavaScript
	{
	    "npm_package_sources": [
	        {
	            "name": "@azure/web-pubsub-client-protobuf@1.0.0-beta.1"
	        }
	    ]
	}
	{ npm_package_sources:
	   [ { name: '@azure/web-pubsub-client-protobuf@1.0.0-beta.1' } ] }
	=== Install npm packages ===
	
	Start to install npm package @azure/web-pubsub-client-protobuf@1.0.0-beta.1.
	Finished to install npm package @azure/web-pubsub-client-protobuf@1.0.0-beta.1.
	current package: @azure/web-pubsub-client-protobuf
	current version is : 1.0.0-beta.1
	=== generate yml files for @azure/web-pubsub-client-protobuf ===
	
	run typedoc in ./node_modules/@azure/web-pubsub-client-protobuf: 
	$ typedoc types --json api.json --module commonjs --includeDeclarations --ignoreCompilerErrors --excludeExternals --stripInternal
	
	run type2docfx in /: 
	$ type2docfx ./node_modules/@azure/web-pubsub-client-protobuf/api.json /workdir/out/docs-ref-autogen/@azure/web-pubsub-client-protobuf
	{ Error: Command failed: type2docfx ./node_modules/@azure/web-pubsub-client-protobuf/api.json /workdir/out/docs-ref-autogen/@azure/web-pubsub-client-protobuf
	    at checkExecSyncError (child_process.js:629:11)
	    at Object.execSync (child_process.js:666:13)
	    at TSProcessor.generate (/nodejs/JavaScriptTypeScript/dist/DocProcessor.js:38:23)
	    at FlattenCoreProcessor.generateSinglePackage (/nodejs/JavaScriptTypeScript/dist/CoreProcessor.js:161:55)
	    at FlattenCoreProcessor.generateFromNpmPakcage (/nodejs/JavaScriptTypeScript/dist/CoreProcessor.js:119:18)
	    at FlattenCoreProcessor.generatePacakge (/nodejs/JavaScriptTypeScript/dist/CoreProcessor.js:104:18)
	    at FlattenCoreProcessor.BaseCoreProcessor.generate (/nodejs/JavaScriptTypeScript/dist/CoreProcessor.js:56:19)
	    at Object.<anonymous> (/nodejs/JavaScriptTypeScript/dist/main.js:20:15)
	    at Module._compile (internal/modules/cjs/loader.js:778:30)
	    at Object.Module._extensions..js (internal/modules/cjs/loader.js:789:10)
	  status: 1,
	  signal: null,
	  output: [ null, null, null ],
	  pid: 72,
	  stdout: null,
	  stderr: null }
Removed @azure/web-pubsub-client-protobuf@1.0.0-beta.1 because of docs package validation failure on 2023-04-07 23:19 +00:00
	Hi from ReferenceAutomation for JavaScript
	{
	    "npm_package_sources": [
	        {
	            "name": "@azure/web-pubsub-client-protobuf@1.0.0-beta.1"
	        }
	    ]
	}
	{ npm_package_sources:
	   [ { name: '@azure/web-pubsub-client-protobuf@1.0.0-beta.1' } ] }
	=== Install npm packages ===
	
	Start to install npm package @azure/web-pubsub-client-protobuf@1.0.0-beta.1.
	Finished to install npm package @azure/web-pubsub-client-protobuf@1.0.0-beta.1.
	current package: @azure/web-pubsub-client-protobuf
	current version is : 1.0.0-beta.1
	=== generate yml files for @azure/web-pubsub-client-protobuf ===
	
	run typedoc in ./node_modules/@azure/web-pubsub-client-protobuf: 
	$ typedoc types --json api.json --module commonjs --includeDeclarations --ignoreCompilerErrors --excludeExternals --stripInternal
	
	run type2docfx in /: 
	$ type2docfx ./node_modules/@azure/web-pubsub-client-protobuf/api.json /workdir/out/docs-ref-autogen/@azure/web-pubsub-client-protobuf
	{ Error: Command failed: type2docfx ./node_modules/@azure/web-pubsub-client-protobuf/api.json /workdir/out/docs-ref-autogen/@azure/web-pubsub-client-protobuf
	    at checkExecSyncError (child_process.js:629:11)
	    at Object.execSync (child_process.js:666:13)
	    at TSProcessor.generate (/nodejs/JavaScriptTypeScript/dist/DocProcessor.js:38:23)
	    at FlattenCoreProcessor.generateSinglePackage (/nodejs/JavaScriptTypeScript/dist/CoreProcessor.js:161:55)
	    at FlattenCoreProcessor.generateFromNpmPakcage (/nodejs/JavaScriptTypeScript/dist/CoreProcessor.js:119:18)
	    at FlattenCoreProcessor.generatePacakge (/nodejs/JavaScriptTypeScript/dist/CoreProcessor.js:104:18)
	    at FlattenCoreProcessor.BaseCoreProcessor.generate (/nodejs/JavaScriptTypeScript/dist/CoreProcessor.js:56:19)
	    at Object.<anonymous> (/nodejs/JavaScriptTypeScript/dist/main.js:20:15)
	    at Module._compile (internal/modules/cjs/loader.js:778:30)
	    at Object.Module._extensions..js (internal/modules/cjs/loader.js:789:10)
	  status: 1,
	  signal: null,
	  output: [ null, null, null ],
	  pid: 72,
	  stdout: null,
	  stderr: null }
Removed @azure/web-pubsub-client-protobuf@1.0.0-beta.1 because of docs package validation failure on 2023-04-10 23:20 +00:00
	Hi from ReferenceAutomation for JavaScript
	{
	    "npm_package_sources": [
	        {
	            "name": "@azure/web-pubsub-client-protobuf@1.0.0-beta.1"
	        }
	    ]
	}
	{ npm_package_sources:
	   [ { name: '@azure/web-pubsub-client-protobuf@1.0.0-beta.1' } ] }
	=== Install npm packages ===
	
	Start to install npm package @azure/web-pubsub-client-protobuf@1.0.0-beta.1.
	Finished to install npm package @azure/web-pubsub-client-protobuf@1.0.0-beta.1.
	current package: @azure/web-pubsub-client-protobuf
	current version is : 1.0.0-beta.1
	=== generate yml files for @azure/web-pubsub-client-protobuf ===
	
	run typedoc in ./node_modules/@azure/web-pubsub-client-protobuf: 
	$ typedoc types --json api.json --module commonjs --includeDeclarations --ignoreCompilerErrors --excludeExternals --stripInternal
	
	run type2docfx in /: 
	$ type2docfx ./node_modules/@azure/web-pubsub-client-protobuf/api.json /workdir/out/docs-ref-autogen/@azure/web-pubsub-client-protobuf
	{ Error: Command failed: type2docfx ./node_modules/@azure/web-pubsub-client-protobuf/api.json /workdir/out/docs-ref-autogen/@azure/web-pubsub-client-protobuf
	    at checkExecSyncError (child_process.js:629:11)
	    at Object.execSync (child_process.js:666:13)
	    at TSProcessor.generate (/nodejs/JavaScriptTypeScript/dist/DocProcessor.js:38:23)
	    at FlattenCoreProcessor.generateSinglePackage (/nodejs/JavaScriptTypeScript/dist/CoreProcessor.js:161:55)
	    at FlattenCoreProcessor.generateFromNpmPakcage (/nodejs/JavaScriptTypeScript/dist/CoreProcessor.js:119:18)
	    at FlattenCoreProcessor.generatePacakge (/nodejs/JavaScriptTypeScript/dist/CoreProcessor.js:104:18)
	    at FlattenCoreProcessor.BaseCoreProcessor.generate (/nodejs/JavaScriptTypeScript/dist/CoreProcessor.js:56:19)
	    at Object.<anonymous> (/nodejs/JavaScriptTypeScript/dist/main.js:20:15)
	    at Module._compile (internal/modules/cjs/loader.js:778:30)
	    at Object.Module._extensions..js (internal/modules/cjs/loader.js:789:10)
	  status: 1,
	  signal: null,
	  output: [ null, null, null ],
	  pid: 72,
	  stdout: null,
	  stderr: null }
Removed @azure/web-pubsub-client-protobuf@1.0.0-beta.1 because of docs package validation failure on 2023-04-11 23:18 +00:00
	Hi from ReferenceAutomation for JavaScript
	{
	    "npm_package_sources": [
	        {
	            "name": "@azure/web-pubsub-client-protobuf@1.0.0-beta.1"
	        }
	    ]
	}
	{ npm_package_sources:
	   [ { name: '@azure/web-pubsub-client-protobuf@1.0.0-beta.1' } ] }
	=== Install npm packages ===
	
	Start to install npm package @azure/web-pubsub-client-protobuf@1.0.0-beta.1.
	Finished to install npm package @azure/web-pubsub-client-protobuf@1.0.0-beta.1.
	current package: @azure/web-pubsub-client-protobuf
	current version is : 1.0.0-beta.1
	=== generate yml files for @azure/web-pubsub-client-protobuf ===
	
	run typedoc in ./node_modules/@azure/web-pubsub-client-protobuf: 
	$ typedoc types --json api.json --module commonjs --includeDeclarations --ignoreCompilerErrors --excludeExternals --stripInternal
	
	run type2docfx in /: 
	$ type2docfx ./node_modules/@azure/web-pubsub-client-protobuf/api.json /workdir/out/docs-ref-autogen/@azure/web-pubsub-client-protobuf
	{ Error: Command failed: type2docfx ./node_modules/@azure/web-pubsub-client-protobuf/api.json /workdir/out/docs-ref-autogen/@azure/web-pubsub-client-protobuf
	    at checkExecSyncError (child_process.js:629:11)
	    at Object.execSync (child_process.js:666:13)
	    at TSProcessor.generate (/nodejs/JavaScriptTypeScript/dist/DocProcessor.js:38:23)
	    at FlattenCoreProcessor.generateSinglePackage (/nodejs/JavaScriptTypeScript/dist/CoreProcessor.js:161:55)
	    at FlattenCoreProcessor.generateFromNpmPakcage (/nodejs/JavaScriptTypeScript/dist/CoreProcessor.js:119:18)
	    at FlattenCoreProcessor.generatePacakge (/nodejs/JavaScriptTypeScript/dist/CoreProcessor.js:104:18)
	    at FlattenCoreProcessor.BaseCoreProcessor.generate (/nodejs/JavaScriptTypeScript/dist/CoreProcessor.js:56:19)
	    at Object.<anonymous> (/nodejs/JavaScriptTypeScript/dist/main.js:20:15)
	    at Module._compile (internal/modules/cjs/loader.js:778:30)
	    at Object.Module._extensions..js (internal/modules/cjs/loader.js:789:10)
	  status: 1,
	  signal: null,
	  output: [ null, null, null ],
	  pid: 72,
	  stdout: null,
	  stderr: null }
Removed @azure/web-pubsub-client-protobuf@1.0.0-beta.1 because of docs package validation failure on 2023-04-12 23:19 +00:00
	Hi from ReferenceAutomation for JavaScript
	{
	    "npm_package_sources": [
	        {
	            "name": "@azure/web-pubsub-client-protobuf@1.0.0-beta.1"
	        }
	    ]
	}
	{ npm_package_sources:
	   [ { name: '@azure/web-pubsub-client-protobuf@1.0.0-beta.1' } ] }
	=== Install npm packages ===
	
	Start to install npm package @azure/web-pubsub-client-protobuf@1.0.0-beta.1.
	Finished to install npm package @azure/web-pubsub-client-protobuf@1.0.0-beta.1.
	current package: @azure/web-pubsub-client-protobuf
	current version is : 1.0.0-beta.1
	=== generate yml files for @azure/web-pubsub-client-protobuf ===
	
	run typedoc in ./node_modules/@azure/web-pubsub-client-protobuf: 
	$ typedoc types --json api.json --module commonjs --includeDeclarations --ignoreCompilerErrors --excludeExternals --stripInternal
	
	run type2docfx in /: 
	$ type2docfx ./node_modules/@azure/web-pubsub-client-protobuf/api.json /workdir/out/docs-ref-autogen/@azure/web-pubsub-client-protobuf
	{ Error: Command failed: type2docfx ./node_modules/@azure/web-pubsub-client-protobuf/api.json /workdir/out/docs-ref-autogen/@azure/web-pubsub-client-protobuf
	    at checkExecSyncError (child_process.js:629:11)
	    at Object.execSync (child_process.js:666:13)
	    at TSProcessor.generate (/nodejs/JavaScriptTypeScript/dist/DocProcessor.js:38:23)
	    at FlattenCoreProcessor.generateSinglePackage (/nodejs/JavaScriptTypeScript/dist/CoreProcessor.js:161:55)
	    at FlattenCoreProcessor.generateFromNpmPakcage (/nodejs/JavaScriptTypeScript/dist/CoreProcessor.js:119:18)
	    at FlattenCoreProcessor.generatePacakge (/nodejs/JavaScriptTypeScript/dist/CoreProcessor.js:104:18)
	    at FlattenCoreProcessor.BaseCoreProcessor.generate (/nodejs/JavaScriptTypeScript/dist/CoreProcessor.js:56:19)
	    at Object.<anonymous> (/nodejs/JavaScriptTypeScript/dist/main.js:20:15)
	    at Module._compile (internal/modules/cjs/loader.js:778:30)
	    at Object.Module._extensions..js (internal/modules/cjs/loader.js:789:10)
	  status: 1,
	  signal: null,
	  output: [ null, null, null ],
	  pid: 72,
	  stdout: null,
	  stderr: null }
Removed @azure/web-pubsub-client-protobuf@1.0.0-beta.1 because of docs package validation failure on 2023-04-13 23:19 +00:00
	Hi from ReferenceAutomation for JavaScript
	{
	    "npm_package_sources": [
	        {
	            "name": "@azure/web-pubsub-client-protobuf@1.0.0-beta.1"
	        }
	    ]
	}
	{ npm_package_sources:
	   [ { name: '@azure/web-pubsub-client-protobuf@1.0.0-beta.1' } ] }
	=== Install npm packages ===
	
	Start to install npm package @azure/web-pubsub-client-protobuf@1.0.0-beta.1.
	Finished to install npm package @azure/web-pubsub-client-protobuf@1.0.0-beta.1.
	current package: @azure/web-pubsub-client-protobuf
	current version is : 1.0.0-beta.1
	=== generate yml files for @azure/web-pubsub-client-protobuf ===
	
	run typedoc in ./node_modules/@azure/web-pubsub-client-protobuf: 
	$ typedoc types --json api.json --module commonjs --includeDeclarations --ignoreCompilerErrors --excludeExternals --stripInternal
	
	run type2docfx in /: 
	$ type2docfx ./node_modules/@azure/web-pubsub-client-protobuf/api.json /workdir/out/docs-ref-autogen/@azure/web-pubsub-client-protobuf
	{ Error: Command failed: type2docfx ./node_modules/@azure/web-pubsub-client-protobuf/api.json /workdir/out/docs-ref-autogen/@azure/web-pubsub-client-protobuf
	    at checkExecSyncError (child_process.js:629:11)
	    at Object.execSync (child_process.js:666:13)
	    at TSProcessor.generate (/nodejs/JavaScriptTypeScript/dist/DocProcessor.js:38:23)
	    at FlattenCoreProcessor.generateSinglePackage (/nodejs/JavaScriptTypeScript/dist/CoreProcessor.js:161:55)
	    at FlattenCoreProcessor.generateFromNpmPakcage (/nodejs/JavaScriptTypeScript/dist/CoreProcessor.js:119:18)
	    at FlattenCoreProcessor.generatePacakge (/nodejs/JavaScriptTypeScript/dist/CoreProcessor.js:104:18)
	    at FlattenCoreProcessor.BaseCoreProcessor.generate (/nodejs/JavaScriptTypeScript/dist/CoreProcessor.js:56:19)
	    at Object.<anonymous> (/nodejs/JavaScriptTypeScript/dist/main.js:20:15)
	    at Module._compile (internal/modules/cjs/loader.js:778:30)
	    at Object.Module._extensions..js (internal/modules/cjs/loader.js:789:10)
	  status: 1,
	  signal: null,
	  output: [ null, null, null ],
	  pid: 73,
	  stdout: null,
	  stderr: null }
Removed @azure/web-pubsub-client-protobuf@1.0.0-beta.1 because of docs package validation failure on 2023-04-14 23:18 +00:00
	Hi from ReferenceAutomation for JavaScript
	{
	    "npm_package_sources": [
	        {
	            "name": "@azure/web-pubsub-client-protobuf@1.0.0-beta.1"
	        }
	    ]
	}
	{ npm_package_sources:
	   [ { name: '@azure/web-pubsub-client-protobuf@1.0.0-beta.1' } ] }
	=== Install npm packages ===
	
	Start to install npm package @azure/web-pubsub-client-protobuf@1.0.0-beta.1.
	Finished to install npm package @azure/web-pubsub-client-protobuf@1.0.0-beta.1.
	current package: @azure/web-pubsub-client-protobuf
	current version is : 1.0.0-beta.1
	=== generate yml files for @azure/web-pubsub-client-protobuf ===
	
	run typedoc in ./node_modules/@azure/web-pubsub-client-protobuf: 
	$ typedoc types --json api.json --module commonjs --includeDeclarations --ignoreCompilerErrors --excludeExternals --stripInternal
	
	run type2docfx in /: 
	$ type2docfx ./node_modules/@azure/web-pubsub-client-protobuf/api.json /workdir/out/docs-ref-autogen/@azure/web-pubsub-client-protobuf
	{ Error: Command failed: type2docfx ./node_modules/@azure/web-pubsub-client-protobuf/api.json /workdir/out/docs-ref-autogen/@azure/web-pubsub-client-protobuf
	    at checkExecSyncError (child_process.js:629:11)
	    at Object.execSync (child_process.js:666:13)
	    at TSProcessor.generate (/nodejs/JavaScriptTypeScript/dist/DocProcessor.js:38:23)
	    at FlattenCoreProcessor.generateSinglePackage (/nodejs/JavaScriptTypeScript/dist/CoreProcessor.js:161:55)
	    at FlattenCoreProcessor.generateFromNpmPakcage (/nodejs/JavaScriptTypeScript/dist/CoreProcessor.js:119:18)
	    at FlattenCoreProcessor.generatePacakge (/nodejs/JavaScriptTypeScript/dist/CoreProcessor.js:104:18)
	    at FlattenCoreProcessor.BaseCoreProcessor.generate (/nodejs/JavaScriptTypeScript/dist/CoreProcessor.js:56:19)
	    at Object.<anonymous> (/nodejs/JavaScriptTypeScript/dist/main.js:20:15)
	    at Module._compile (internal/modules/cjs/loader.js:778:30)
	    at Object.Module._extensions..js (internal/modules/cjs/loader.js:789:10)
	  status: 1,
	  signal: null,
	  output: [ null, null, null ],
	  pid: 72,
	  stdout: null,
	  stderr: null }
Removed @azure/web-pubsub-client-protobuf@1.0.0-beta.1 because of docs package validation failure on 2023-04-17 23:20 +00:00
	Hi from ReferenceAutomation for JavaScript
	{
	    "npm_package_sources": [
	        {
	            "name": "@azure/web-pubsub-client-protobuf@1.0.0-beta.1"
	        }
	    ]
	}
	{ npm_package_sources:
	   [ { name: '@azure/web-pubsub-client-protobuf@1.0.0-beta.1' } ] }
	=== Install npm packages ===
	
	Start to install npm package @azure/web-pubsub-client-protobuf@1.0.0-beta.1.
	Finished to install npm package @azure/web-pubsub-client-protobuf@1.0.0-beta.1.
	current package: @azure/web-pubsub-client-protobuf
	current version is : 1.0.0-beta.1
	=== generate yml files for @azure/web-pubsub-client-protobuf ===
	
	run typedoc in ./node_modules/@azure/web-pubsub-client-protobuf: 
	$ typedoc types --json api.json --module commonjs --includeDeclarations --ignoreCompilerErrors --excludeExternals --stripInternal
	
	run type2docfx in /: 
	$ type2docfx ./node_modules/@azure/web-pubsub-client-protobuf/api.json /workdir/out/docs-ref-autogen/@azure/web-pubsub-client-protobuf
	{ Error: Command failed: type2docfx ./node_modules/@azure/web-pubsub-client-protobuf/api.json /workdir/out/docs-ref-autogen/@azure/web-pubsub-client-protobuf
	    at checkExecSyncError (child_process.js:629:11)
	    at Object.execSync (child_process.js:666:13)
	    at TSProcessor.generate (/nodejs/JavaScriptTypeScript/dist/DocProcessor.js:38:23)
	    at FlattenCoreProcessor.generateSinglePackage (/nodejs/JavaScriptTypeScript/dist/CoreProcessor.js:161:55)
	    at FlattenCoreProcessor.generateFromNpmPakcage (/nodejs/JavaScriptTypeScript/dist/CoreProcessor.js:119:18)
	    at FlattenCoreProcessor.generatePacakge (/nodejs/JavaScriptTypeScript/dist/CoreProcessor.js:104:18)
	    at FlattenCoreProcessor.BaseCoreProcessor.generate (/nodejs/JavaScriptTypeScript/dist/CoreProcessor.js:56:19)
	    at Object.<anonymous> (/nodejs/JavaScriptTypeScript/dist/main.js:20:15)
	    at Module._compile (internal/modules/cjs/loader.js:778:30)
	    at Object.Module._extensions..js (internal/modules/cjs/loader.js:789:10)
	  status: 1,
	  signal: null,
	  output: [ null, null, null ],
	  pid: 72,
	  stdout: null,
	  stderr: null }
Removed @azure/web-pubsub-client-protobuf@1.0.0-beta.1 because of docs package validation failure on 2023-04-18 23:25 +00:00
	Hi from ReferenceAutomation for JavaScript
	{
	    "npm_package_sources": [
	        {
	            "name": "@azure/web-pubsub-client-protobuf@1.0.0-beta.1"
	        }
	    ]
	}
	{ npm_package_sources:
	   [ { name: '@azure/web-pubsub-client-protobuf@1.0.0-beta.1' } ] }
	=== Install npm packages ===
	
	Start to install npm package @azure/web-pubsub-client-protobuf@1.0.0-beta.1.
	Finished to install npm package @azure/web-pubsub-client-protobuf@1.0.0-beta.1.
	current package: @azure/web-pubsub-client-protobuf
	current version is : 1.0.0-beta.1
	=== generate yml files for @azure/web-pubsub-client-protobuf ===
	
	run typedoc in ./node_modules/@azure/web-pubsub-client-protobuf: 
	$ typedoc types --json api.json --module commonjs --includeDeclarations --ignoreCompilerErrors --excludeExternals --stripInternal
	
	run type2docfx in /: 
	$ type2docfx ./node_modules/@azure/web-pubsub-client-protobuf/api.json /workdir/out/docs-ref-autogen/@azure/web-pubsub-client-protobuf
	{ Error: Command failed: type2docfx ./node_modules/@azure/web-pubsub-client-protobuf/api.json /workdir/out/docs-ref-autogen/@azure/web-pubsub-client-protobuf
	    at checkExecSyncError (child_process.js:629:11)
	    at Object.execSync (child_process.js:666:13)
	    at TSProcessor.generate (/nodejs/JavaScriptTypeScript/dist/DocProcessor.js:38:23)
	    at FlattenCoreProcessor.generateSinglePackage (/nodejs/JavaScriptTypeScript/dist/CoreProcessor.js:161:55)
	    at FlattenCoreProcessor.generateFromNpmPakcage (/nodejs/JavaScriptTypeScript/dist/CoreProcessor.js:119:18)
	    at FlattenCoreProcessor.generatePacakge (/nodejs/JavaScriptTypeScript/dist/CoreProcessor.js:104:18)
	    at FlattenCoreProcessor.BaseCoreProcessor.generate (/nodejs/JavaScriptTypeScript/dist/CoreProcessor.js:56:19)
	    at Object.<anonymous> (/nodejs/JavaScriptTypeScript/dist/main.js:20:15)
	    at Module._compile (internal/modules/cjs/loader.js:778:30)
	    at Object.Module._extensions..js (internal/modules/cjs/loader.js:789:10)
	  status: 1,
	  signal: null,
	  output: [ null, null, null ],
	  pid: 73,
	  stdout: null,
	  stderr: null }
Removed @azure/web-pubsub-client-protobuf@1.0.0-beta.1 because of docs package validation failure on 2023-04-19 23:18 +00:00
	Hi from ReferenceAutomation for JavaScript
	{
	    "npm_package_sources": [
	        {
	            "name": "@azure/web-pubsub-client-protobuf@1.0.0-beta.1"
	        }
	    ]
	}
	{ npm_package_sources:
	   [ { name: '@azure/web-pubsub-client-protobuf@1.0.0-beta.1' } ] }
	=== Install npm packages ===
	
	Start to install npm package @azure/web-pubsub-client-protobuf@1.0.0-beta.1.
	Finished to install npm package @azure/web-pubsub-client-protobuf@1.0.0-beta.1.
	current package: @azure/web-pubsub-client-protobuf
	current version is : 1.0.0-beta.1
	=== generate yml files for @azure/web-pubsub-client-protobuf ===
	
	run typedoc in ./node_modules/@azure/web-pubsub-client-protobuf: 
	$ typedoc types --json api.json --module commonjs --includeDeclarations --ignoreCompilerErrors --excludeExternals --stripInternal
	
	run type2docfx in /: 
	$ type2docfx ./node_modules/@azure/web-pubsub-client-protobuf/api.json /workdir/out/docs-ref-autogen/@azure/web-pubsub-client-protobuf
	{ Error: Command failed: type2docfx ./node_modules/@azure/web-pubsub-client-protobuf/api.json /workdir/out/docs-ref-autogen/@azure/web-pubsub-client-protobuf
	    at checkExecSyncError (child_process.js:629:11)
	    at Object.execSync (child_process.js:666:13)
	    at TSProcessor.generate (/nodejs/JavaScriptTypeScript/dist/DocProcessor.js:38:23)
	    at FlattenCoreProcessor.generateSinglePackage (/nodejs/JavaScriptTypeScript/dist/CoreProcessor.js:161:55)
	    at FlattenCoreProcessor.generateFromNpmPakcage (/nodejs/JavaScriptTypeScript/dist/CoreProcessor.js:119:18)
	    at FlattenCoreProcessor.generatePacakge (/nodejs/JavaScriptTypeScript/dist/CoreProcessor.js:104:18)
	    at FlattenCoreProcessor.BaseCoreProcessor.generate (/nodejs/JavaScriptTypeScript/dist/CoreProcessor.js:56:19)
	    at Object.<anonymous> (/nodejs/JavaScriptTypeScript/dist/main.js:20:15)
	    at Module._compile (internal/modules/cjs/loader.js:778:30)
	    at Object.Module._extensions..js (internal/modules/cjs/loader.js:789:10)
	  status: 1,
	  signal: null,
	  output: [ null, null, null ],
	  pid: 72,
	  stdout: null,
	  stderr: null }
Removed @azure/web-pubsub-client-protobuf@1.0.0-beta.1 because of docs package validation failure on 2023-04-20 23:21 +00:00
	Hi from ReferenceAutomation for JavaScript
	{
	    "npm_package_sources": [
	        {
	            "name": "@azure/web-pubsub-client-protobuf@1.0.0-beta.1"
	        }
	    ]
	}
	{ npm_package_sources:
	   [ { name: '@azure/web-pubsub-client-protobuf@1.0.0-beta.1' } ] }
	=== Install npm packages ===
	
	Start to install npm package @azure/web-pubsub-client-protobuf@1.0.0-beta.1.
	Finished to install npm package @azure/web-pubsub-client-protobuf@1.0.0-beta.1.
	current package: @azure/web-pubsub-client-protobuf
	current version is : 1.0.0-beta.1
	=== generate yml files for @azure/web-pubsub-client-protobuf ===
	
	run typedoc in ./node_modules/@azure/web-pubsub-client-protobuf: 
	$ typedoc types --json api.json --module commonjs --includeDeclarations --ignoreCompilerErrors --excludeExternals --stripInternal
	
	run type2docfx in /: 
	$ type2docfx ./node_modules/@azure/web-pubsub-client-protobuf/api.json /workdir/out/docs-ref-autogen/@azure/web-pubsub-client-protobuf
	{ Error: Command failed: type2docfx ./node_modules/@azure/web-pubsub-client-protobuf/api.json /workdir/out/docs-ref-autogen/@azure/web-pubsub-client-protobuf
	    at checkExecSyncError (child_process.js:629:11)
	    at Object.execSync (child_process.js:666:13)
	    at TSProcessor.generate (/nodejs/JavaScriptTypeScript/dist/DocProcessor.js:38:23)
	    at FlattenCoreProcessor.generateSinglePackage (/nodejs/JavaScriptTypeScript/dist/CoreProcessor.js:161:55)
	    at FlattenCoreProcessor.generateFromNpmPakcage (/nodejs/JavaScriptTypeScript/dist/CoreProcessor.js:119:18)
	    at FlattenCoreProcessor.generatePacakge (/nodejs/JavaScriptTypeScript/dist/CoreProcessor.js:104:18)
	    at FlattenCoreProcessor.BaseCoreProcessor.generate (/nodejs/JavaScriptTypeScript/dist/CoreProcessor.js:56:19)
	    at Object.<anonymous> (/nodejs/JavaScriptTypeScript/dist/main.js:20:15)
	    at Module._compile (internal/modules/cjs/loader.js:778:30)
	    at Object.Module._extensions..js (internal/modules/cjs/loader.js:789:10)
	  status: 1,
	  signal: null,
	  output: [ null, null, null ],
	  pid: 72,
	  stdout: null,
	  stderr: null }
Removed @azure/web-pubsub-client-protobuf@1.0.0-beta.1 because of docs package validation failure on 2023-04-21 23:19 +00:00
	Hi from ReferenceAutomation for JavaScript
	{
	    "npm_package_sources": [
	        {
	            "name": "@azure/web-pubsub-client-protobuf@1.0.0-beta.1"
	        }
	    ]
	}
	{ npm_package_sources:
	   [ { name: '@azure/web-pubsub-client-protobuf@1.0.0-beta.1' } ] }
	=== Install npm packages ===
	
	Start to install npm package @azure/web-pubsub-client-protobuf@1.0.0-beta.1.
	Finished to install npm package @azure/web-pubsub-client-protobuf@1.0.0-beta.1.
	current package: @azure/web-pubsub-client-protobuf
	current version is : 1.0.0-beta.1
	=== generate yml files for @azure/web-pubsub-client-protobuf ===
	
	run typedoc in ./node_modules/@azure/web-pubsub-client-protobuf: 
	$ typedoc types --json api.json --module commonjs --includeDeclarations --ignoreCompilerErrors --excludeExternals --stripInternal
	
	run type2docfx in /: 
	$ type2docfx ./node_modules/@azure/web-pubsub-client-protobuf/api.json /workdir/out/docs-ref-autogen/@azure/web-pubsub-client-protobuf
	{ Error: Command failed: type2docfx ./node_modules/@azure/web-pubsub-client-protobuf/api.json /workdir/out/docs-ref-autogen/@azure/web-pubsub-client-protobuf
	    at checkExecSyncError (child_process.js:629:11)
	    at Object.execSync (child_process.js:666:13)
	    at TSProcessor.generate (/nodejs/JavaScriptTypeScript/dist/DocProcessor.js:38:23)
	    at FlattenCoreProcessor.generateSinglePackage (/nodejs/JavaScriptTypeScript/dist/CoreProcessor.js:161:55)
	    at FlattenCoreProcessor.generateFromNpmPakcage (/nodejs/JavaScriptTypeScript/dist/CoreProcessor.js:119:18)
	    at FlattenCoreProcessor.generatePacakge (/nodejs/JavaScriptTypeScript/dist/CoreProcessor.js:104:18)
	    at FlattenCoreProcessor.BaseCoreProcessor.generate (/nodejs/JavaScriptTypeScript/dist/CoreProcessor.js:56:19)
	    at Object.<anonymous> (/nodejs/JavaScriptTypeScript/dist/main.js:20:15)
	    at Module._compile (internal/modules/cjs/loader.js:778:30)
	    at Object.Module._extensions..js (internal/modules/cjs/loader.js:789:10)
	  status: 1,
	  signal: null,
	  output: [ null, null, null ],
	  pid: 73,
	  stdout: null,
	  stderr: null }
Removed @azure/web-pubsub-client-protobuf@1.0.0-beta.1 because of docs package validation failure on 2023-04-24 23:16 +00:00
	Hi from ReferenceAutomation for JavaScript
	{
	    "npm_package_sources": [
	        {
	            "name": "@azure/web-pubsub-client-protobuf@1.0.0-beta.1"
	        }
	    ]
	}
	{ npm_package_sources:
	   [ { name: '@azure/web-pubsub-client-protobuf@1.0.0-beta.1' } ] }
	=== Install npm packages ===
	
	Start to install npm package @azure/web-pubsub-client-protobuf@1.0.0-beta.1.
	Finished to install npm package @azure/web-pubsub-client-protobuf@1.0.0-beta.1.
	current package: @azure/web-pubsub-client-protobuf
	current version is : 1.0.0-beta.1
	=== generate yml files for @azure/web-pubsub-client-protobuf ===
	
	run typedoc in ./node_modules/@azure/web-pubsub-client-protobuf: 
	$ typedoc types --json api.json --module commonjs --includeDeclarations --ignoreCompilerErrors --excludeExternals --stripInternal
	
	run type2docfx in /: 
	$ type2docfx ./node_modules/@azure/web-pubsub-client-protobuf/api.json /workdir/out/docs-ref-autogen/@azure/web-pubsub-client-protobuf
	{ Error: Command failed: type2docfx ./node_modules/@azure/web-pubsub-client-protobuf/api.json /workdir/out/docs-ref-autogen/@azure/web-pubsub-client-protobuf
	    at checkExecSyncError (child_process.js:629:11)
	    at Object.execSync (child_process.js:666:13)
	    at TSProcessor.generate (/nodejs/JavaScriptTypeScript/dist/DocProcessor.js:38:23)
	    at FlattenCoreProcessor.generateSinglePackage (/nodejs/JavaScriptTypeScript/dist/CoreProcessor.js:161:55)
	    at FlattenCoreProcessor.generateFromNpmPakcage (/nodejs/JavaScriptTypeScript/dist/CoreProcessor.js:119:18)
	    at FlattenCoreProcessor.generatePacakge (/nodejs/JavaScriptTypeScript/dist/CoreProcessor.js:104:18)
	    at FlattenCoreProcessor.BaseCoreProcessor.generate (/nodejs/JavaScriptTypeScript/dist/CoreProcessor.js:56:19)
	    at Object.<anonymous> (/nodejs/JavaScriptTypeScript/dist/main.js:20:15)
	    at Module._compile (internal/modules/cjs/loader.js:778:30)
	    at Object.Module._extensions..js (internal/modules/cjs/loader.js:789:10)
	  status: 1,
	  signal: null,
	  output: [ null, null, null ],
	  pid: 73,
	  stdout: null,
	  stderr: null }
Removed @azure/web-pubsub-client-protobuf@1.0.0-beta.1 because of docs package validation failure on 2023-04-25 23:16 +00:00
	Hi from ReferenceAutomation for JavaScript
	{
	    "npm_package_sources": [
	        {
	            "name": "@azure/web-pubsub-client-protobuf@1.0.0-beta.1"
	        }
	    ]
	}
	{ npm_package_sources:
	   [ { name: '@azure/web-pubsub-client-protobuf@1.0.0-beta.1' } ] }
	=== Install npm packages ===
	
	Start to install npm package @azure/web-pubsub-client-protobuf@1.0.0-beta.1.
	Finished to install npm package @azure/web-pubsub-client-protobuf@1.0.0-beta.1.
	current package: @azure/web-pubsub-client-protobuf
	current version is : 1.0.0-beta.1
	=== generate yml files for @azure/web-pubsub-client-protobuf ===
	
	run typedoc in ./node_modules/@azure/web-pubsub-client-protobuf: 
	$ typedoc types --json api.json --module commonjs --includeDeclarations --ignoreCompilerErrors --excludeExternals --stripInternal
	
	run type2docfx in /: 
	$ type2docfx ./node_modules/@azure/web-pubsub-client-protobuf/api.json /workdir/out/docs-ref-autogen/@azure/web-pubsub-client-protobuf
	{ Error: Command failed: type2docfx ./node_modules/@azure/web-pubsub-client-protobuf/api.json /workdir/out/docs-ref-autogen/@azure/web-pubsub-client-protobuf
	    at checkExecSyncError (child_process.js:629:11)
	    at Object.execSync (child_process.js:666:13)
	    at TSProcessor.generate (/nodejs/JavaScriptTypeScript/dist/DocProcessor.js:38:23)
	    at FlattenCoreProcessor.generateSinglePackage (/nodejs/JavaScriptTypeScript/dist/CoreProcessor.js:161:55)
	    at FlattenCoreProcessor.generateFromNpmPakcage (/nodejs/JavaScriptTypeScript/dist/CoreProcessor.js:119:18)
	    at FlattenCoreProcessor.generatePacakge (/nodejs/JavaScriptTypeScript/dist/CoreProcessor.js:104:18)
	    at FlattenCoreProcessor.BaseCoreProcessor.generate (/nodejs/JavaScriptTypeScript/dist/CoreProcessor.js:56:19)
	    at Object.<anonymous> (/nodejs/JavaScriptTypeScript/dist/main.js:20:15)
	    at Module._compile (internal/modules/cjs/loader.js:778:30)
	    at Object.Module._extensions..js (internal/modules/cjs/loader.js:789:10)
	  status: 1,
	  signal: null,
	  output: [ null, null, null ],
	  pid: 72,
	  stdout: null,
	  stderr: null }
Removed @azure/web-pubsub-client-protobuf@1.0.0-beta.1 because of docs package validation failure on 2023-04-26 23:20 +00:00
	Hi from ReferenceAutomation for JavaScript
	{
	    "npm_package_sources": [
	        {
	            "name": "@azure/web-pubsub-client-protobuf@1.0.0-beta.1"
	        }
	    ]
	}
	{ npm_package_sources:
	   [ { name: '@azure/web-pubsub-client-protobuf@1.0.0-beta.1' } ] }
	=== Install npm packages ===
	
	Start to install npm package @azure/web-pubsub-client-protobuf@1.0.0-beta.1.
	Finished to install npm package @azure/web-pubsub-client-protobuf@1.0.0-beta.1.
	current package: @azure/web-pubsub-client-protobuf
	current version is : 1.0.0-beta.1
	=== generate yml files for @azure/web-pubsub-client-protobuf ===
	
	run typedoc in ./node_modules/@azure/web-pubsub-client-protobuf: 
	$ typedoc types --json api.json --module commonjs --includeDeclarations --ignoreCompilerErrors --excludeExternals --stripInternal
	
	run type2docfx in /: 
	$ type2docfx ./node_modules/@azure/web-pubsub-client-protobuf/api.json /workdir/out/docs-ref-autogen/@azure/web-pubsub-client-protobuf
	{ Error: Command failed: type2docfx ./node_modules/@azure/web-pubsub-client-protobuf/api.json /workdir/out/docs-ref-autogen/@azure/web-pubsub-client-protobuf
	    at checkExecSyncError (child_process.js:629:11)
	    at Object.execSync (child_process.js:666:13)
	    at TSProcessor.generate (/nodejs/JavaScriptTypeScript/dist/DocProcessor.js:38:23)
	    at FlattenCoreProcessor.generateSinglePackage (/nodejs/JavaScriptTypeScript/dist/CoreProcessor.js:161:55)
	    at FlattenCoreProcessor.generateFromNpmPakcage (/nodejs/JavaScriptTypeScript/dist/CoreProcessor.js:119:18)
	    at FlattenCoreProcessor.generatePacakge (/nodejs/JavaScriptTypeScript/dist/CoreProcessor.js:104:18)
	    at FlattenCoreProcessor.BaseCoreProcessor.generate (/nodejs/JavaScriptTypeScript/dist/CoreProcessor.js:56:19)
	    at Object.<anonymous> (/nodejs/JavaScriptTypeScript/dist/main.js:20:15)
	    at Module._compile (internal/modules/cjs/loader.js:778:30)
	    at Object.Module._extensions..js (internal/modules/cjs/loader.js:789:10)
	  status: 1,
	  signal: null,
	  output: [ null, null, null ],
	  pid: 73,
	  stdout: null,
	  stderr: null }
Removed @azure/web-pubsub-client-protobuf@1.0.0-beta.1 because of docs package validation failure on 2023-04-28 23:15 +00:00
	Hi from ReferenceAutomation for JavaScript
	{
	    "npm_package_sources": [
	        {
	            "name": "@azure/web-pubsub-client-protobuf@1.0.0-beta.1"
	        }
	    ]
	}
	{ npm_package_sources:
	   [ { name: '@azure/web-pubsub-client-protobuf@1.0.0-beta.1' } ] }
	=== Install npm packages ===
	
	Start to install npm package @azure/web-pubsub-client-protobuf@1.0.0-beta.1.
	Finished to install npm package @azure/web-pubsub-client-protobuf@1.0.0-beta.1.
	current package: @azure/web-pubsub-client-protobuf
	current version is : 1.0.0-beta.1
	=== generate yml files for @azure/web-pubsub-client-protobuf ===
	
	run typedoc in ./node_modules/@azure/web-pubsub-client-protobuf: 
	$ typedoc types --json api.json --module commonjs --includeDeclarations --ignoreCompilerErrors --excludeExternals --stripInternal
	
	run type2docfx in /: 
	$ type2docfx ./node_modules/@azure/web-pubsub-client-protobuf/api.json /workdir/out/docs-ref-autogen/@azure/web-pubsub-client-protobuf
	{ Error: Command failed: type2docfx ./node_modules/@azure/web-pubsub-client-protobuf/api.json /workdir/out/docs-ref-autogen/@azure/web-pubsub-client-protobuf
	    at checkExecSyncError (child_process.js:629:11)
	    at Object.execSync (child_process.js:666:13)
	    at TSProcessor.generate (/nodejs/JavaScriptTypeScript/dist/DocProcessor.js:38:23)
	    at FlattenCoreProcessor.generateSinglePackage (/nodejs/JavaScriptTypeScript/dist/CoreProcessor.js:161:55)
	    at FlattenCoreProcessor.generateFromNpmPakcage (/nodejs/JavaScriptTypeScript/dist/CoreProcessor.js:119:18)
	    at FlattenCoreProcessor.generatePacakge (/nodejs/JavaScriptTypeScript/dist/CoreProcessor.js:104:18)
	    at FlattenCoreProcessor.BaseCoreProcessor.generate (/nodejs/JavaScriptTypeScript/dist/CoreProcessor.js:56:19)
	    at Object.<anonymous> (/nodejs/JavaScriptTypeScript/dist/main.js:20:15)
	    at Module._compile (internal/modules/cjs/loader.js:778:30)
	    at Object.Module._extensions..js (internal/modules/cjs/loader.js:789:10)
	  status: 1,
	  signal: null,
	  output: [ null, null, null ],
	  pid: 71,
	  stdout: null,
	  stderr: null }
Removed @azure/web-pubsub-client-protobuf@1.0.0-beta.1 because of docs package validation failure on 2023-05-01 23:16 +00:00
	Hi from ReferenceAutomation for JavaScript
	{
	    "npm_package_sources": [
	        {
	            "name": "@azure/web-pubsub-client-protobuf@1.0.0-beta.1"
	        }
	    ]
	}
	{ npm_package_sources:
	   [ { name: '@azure/web-pubsub-client-protobuf@1.0.0-beta.1' } ] }
	=== Install npm packages ===
	
	Start to install npm package @azure/web-pubsub-client-protobuf@1.0.0-beta.1.
	Finished to install npm package @azure/web-pubsub-client-protobuf@1.0.0-beta.1.
	current package: @azure/web-pubsub-client-protobuf
	current version is : 1.0.0-beta.1
	=== generate yml files for @azure/web-pubsub-client-protobuf ===
	
	run typedoc in ./node_modules/@azure/web-pubsub-client-protobuf: 
	$ typedoc types --json api.json --module commonjs --includeDeclarations --ignoreCompilerErrors --excludeExternals --stripInternal
	
	run type2docfx in /: 
	$ type2docfx ./node_modules/@azure/web-pubsub-client-protobuf/api.json /workdir/out/docs-ref-autogen/@azure/web-pubsub-client-protobuf
	{ Error: Command failed: type2docfx ./node_modules/@azure/web-pubsub-client-protobuf/api.json /workdir/out/docs-ref-autogen/@azure/web-pubsub-client-protobuf
	    at checkExecSyncError (child_process.js:629:11)
	    at Object.execSync (child_process.js:666:13)
	    at TSProcessor.generate (/nodejs/JavaScriptTypeScript/dist/DocProcessor.js:38:23)
	    at FlattenCoreProcessor.generateSinglePackage (/nodejs/JavaScriptTypeScript/dist/CoreProcessor.js:161:55)
	    at FlattenCoreProcessor.generateFromNpmPakcage (/nodejs/JavaScriptTypeScript/dist/CoreProcessor.js:119:18)
	    at FlattenCoreProcessor.generatePacakge (/nodejs/JavaScriptTypeScript/dist/CoreProcessor.js:104:18)
	    at FlattenCoreProcessor.BaseCoreProcessor.generate (/nodejs/JavaScriptTypeScript/dist/CoreProcessor.js:56:19)
	    at Object.<anonymous> (/nodejs/JavaScriptTypeScript/dist/main.js:20:15)
	    at Module._compile (internal/modules/cjs/loader.js:778:30)
	    at Object.Module._extensions..js (internal/modules/cjs/loader.js:789:10)
	  status: 1,
	  signal: null,
	  output: [ null, null, null ],
	  pid: 71,
	  stdout: null,
	  stderr: null }
Removed @azure/web-pubsub-client-protobuf@1.0.0-beta.1 because of docs package validation failure on 2023-05-02 23:24 +00:00
	Hi from ReferenceAutomation for JavaScript
	{
	    "npm_package_sources": [
	        {
	            "name": "@azure/web-pubsub-client-protobuf@1.0.0-beta.1"
	        }
	    ]
	}
	{ npm_package_sources:
	   [ { name: '@azure/web-pubsub-client-protobuf@1.0.0-beta.1' } ] }
	=== Install npm packages ===
	
	Start to install npm package @azure/web-pubsub-client-protobuf@1.0.0-beta.1.
	Finished to install npm package @azure/web-pubsub-client-protobuf@1.0.0-beta.1.
	current package: @azure/web-pubsub-client-protobuf
	current version is : 1.0.0-beta.1
	=== generate yml files for @azure/web-pubsub-client-protobuf ===
	
	run typedoc in ./node_modules/@azure/web-pubsub-client-protobuf: 
	$ typedoc types --json api.json --module commonjs --includeDeclarations --ignoreCompilerErrors --excludeExternals --stripInternal
	
	run type2docfx in /: 
	$ type2docfx ./node_modules/@azure/web-pubsub-client-protobuf/api.json /workdir/out/docs-ref-autogen/@azure/web-pubsub-client-protobuf
	{ Error: Command failed: type2docfx ./node_modules/@azure/web-pubsub-client-protobuf/api.json /workdir/out/docs-ref-autogen/@azure/web-pubsub-client-protobuf
	    at checkExecSyncError (child_process.js:629:11)
	    at Object.execSync (child_process.js:666:13)
	    at TSProcessor.generate (/nodejs/JavaScriptTypeScript/dist/DocProcessor.js:38:23)
	    at FlattenCoreProcessor.generateSinglePackage (/nodejs/JavaScriptTypeScript/dist/CoreProcessor.js:161:55)
	    at FlattenCoreProcessor.generateFromNpmPakcage (/nodejs/JavaScriptTypeScript/dist/CoreProcessor.js:119:18)
	    at FlattenCoreProcessor.generatePacakge (/nodejs/JavaScriptTypeScript/dist/CoreProcessor.js:104:18)
	    at FlattenCoreProcessor.BaseCoreProcessor.generate (/nodejs/JavaScriptTypeScript/dist/CoreProcessor.js:56:19)
	    at Object.<anonymous> (/nodejs/JavaScriptTypeScript/dist/main.js:20:15)
	    at Module._compile (internal/modules/cjs/loader.js:778:30)
	    at Object.Module._extensions..js (internal/modules/cjs/loader.js:789:10)
	  status: 1,
	  signal: null,
	  output: [ null, null, null ],
	  pid: 72,
	  stdout: null,
	  stderr: null }
Removed @azure/web-pubsub-client-protobuf@1.0.0-beta.1 because of docs package validation failure on 2023-05-03 23:15 +00:00
	Hi from ReferenceAutomation for JavaScript
	{
	    "npm_package_sources": [
	        {
	            "name": "@azure/web-pubsub-client-protobuf@1.0.0-beta.1"
	        }
	    ]
	}
	{ npm_package_sources:
	   [ { name: '@azure/web-pubsub-client-protobuf@1.0.0-beta.1' } ] }
	=== Install npm packages ===
	
	Start to install npm package @azure/web-pubsub-client-protobuf@1.0.0-beta.1.
	Finished to install npm package @azure/web-pubsub-client-protobuf@1.0.0-beta.1.
	current package: @azure/web-pubsub-client-protobuf
	current version is : 1.0.0-beta.1
	=== generate yml files for @azure/web-pubsub-client-protobuf ===
	
	run typedoc in ./node_modules/@azure/web-pubsub-client-protobuf: 
	$ typedoc types --json api.json --module commonjs --includeDeclarations --ignoreCompilerErrors --excludeExternals --stripInternal
	
	run type2docfx in /: 
	$ type2docfx ./node_modules/@azure/web-pubsub-client-protobuf/api.json /workdir/out/docs-ref-autogen/@azure/web-pubsub-client-protobuf
	{ Error: Command failed: type2docfx ./node_modules/@azure/web-pubsub-client-protobuf/api.json /workdir/out/docs-ref-autogen/@azure/web-pubsub-client-protobuf
	    at checkExecSyncError (child_process.js:629:11)
	    at Object.execSync (child_process.js:666:13)
	    at TSProcessor.generate (/nodejs/JavaScriptTypeScript/dist/DocProcessor.js:38:23)
	    at FlattenCoreProcessor.generateSinglePackage (/nodejs/JavaScriptTypeScript/dist/CoreProcessor.js:161:55)
	    at FlattenCoreProcessor.generateFromNpmPakcage (/nodejs/JavaScriptTypeScript/dist/CoreProcessor.js:119:18)
	    at FlattenCoreProcessor.generatePacakge (/nodejs/JavaScriptTypeScript/dist/CoreProcessor.js:104:18)
	    at FlattenCoreProcessor.BaseCoreProcessor.generate (/nodejs/JavaScriptTypeScript/dist/CoreProcessor.js:56:19)
	    at Object.<anonymous> (/nodejs/JavaScriptTypeScript/dist/main.js:20:15)
	    at Module._compile (internal/modules/cjs/loader.js:778:30)
	    at Object.Module._extensions..js (internal/modules/cjs/loader.js:789:10)
	  status: 1,
	  signal: null,
	  output: [ null, null, null ],
	  pid: 72,
	  stdout: null,
	  stderr: null }
Removed @azure/web-pubsub-client-protobuf@1.0.0-beta.1 because of docs package validation failure on 2023-05-04 23:16 +00:00
	Hi from ReferenceAutomation for JavaScript
	{
	    "npm_package_sources": [
	        {
	            "name": "@azure/web-pubsub-client-protobuf@1.0.0-beta.1"
	        }
	    ]
	}
	{ npm_package_sources:
	   [ { name: '@azure/web-pubsub-client-protobuf@1.0.0-beta.1' } ] }
	=== Install npm packages ===
	
	Start to install npm package @azure/web-pubsub-client-protobuf@1.0.0-beta.1.
	Finished to install npm package @azure/web-pubsub-client-protobuf@1.0.0-beta.1.
	current package: @azure/web-pubsub-client-protobuf
	current version is : 1.0.0-beta.1
	=== generate yml files for @azure/web-pubsub-client-protobuf ===
	
	run typedoc in ./node_modules/@azure/web-pubsub-client-protobuf: 
	$ typedoc types --json api.json --module commonjs --includeDeclarations --ignoreCompilerErrors --excludeExternals --stripInternal
	
	run type2docfx in /: 
	$ type2docfx ./node_modules/@azure/web-pubsub-client-protobuf/api.json /workdir/out/docs-ref-autogen/@azure/web-pubsub-client-protobuf
	{ Error: Command failed: type2docfx ./node_modules/@azure/web-pubsub-client-protobuf/api.json /workdir/out/docs-ref-autogen/@azure/web-pubsub-client-protobuf
	    at checkExecSyncError (child_process.js:629:11)
	    at Object.execSync (child_process.js:666:13)
	    at TSProcessor.generate (/nodejs/JavaScriptTypeScript/dist/DocProcessor.js:38:23)
	    at FlattenCoreProcessor.generateSinglePackage (/nodejs/JavaScriptTypeScript/dist/CoreProcessor.js:161:55)
	    at FlattenCoreProcessor.generateFromNpmPakcage (/nodejs/JavaScriptTypeScript/dist/CoreProcessor.js:119:18)
	    at FlattenCoreProcessor.generatePacakge (/nodejs/JavaScriptTypeScript/dist/CoreProcessor.js:104:18)
	    at FlattenCoreProcessor.BaseCoreProcessor.generate (/nodejs/JavaScriptTypeScript/dist/CoreProcessor.js:56:19)
	    at Object.<anonymous> (/nodejs/JavaScriptTypeScript/dist/main.js:20:15)
	    at Module._compile (internal/modules/cjs/loader.js:778:30)
	    at Object.Module._extensions..js (internal/modules/cjs/loader.js:789:10)
	  status: 1,
	  signal: null,
	  output: [ null, null, null ],
	  pid: 73,
	  stdout: null,
	  stderr: null }
Removed @azure/web-pubsub-client-protobuf@1.0.0-beta.1 because of docs package validation failure on 2023-05-05 23:16 +00:00
	Hi from ReferenceAutomation for JavaScript
	{
	    "npm_package_sources": [
	        {
	            "name": "@azure/web-pubsub-client-protobuf@1.0.0-beta.1"
	        }
	    ]
	}
	{ npm_package_sources:
	   [ { name: '@azure/web-pubsub-client-protobuf@1.0.0-beta.1' } ] }
	=== Install npm packages ===
	
	Start to install npm package @azure/web-pubsub-client-protobuf@1.0.0-beta.1.
	Finished to install npm package @azure/web-pubsub-client-protobuf@1.0.0-beta.1.
	current package: @azure/web-pubsub-client-protobuf
	current version is : 1.0.0-beta.1
	=== generate yml files for @azure/web-pubsub-client-protobuf ===
	
	run typedoc in ./node_modules/@azure/web-pubsub-client-protobuf: 
	$ typedoc types --json api.json --module commonjs --includeDeclarations --ignoreCompilerErrors --excludeExternals --stripInternal
	
	run type2docfx in /: 
	$ type2docfx ./node_modules/@azure/web-pubsub-client-protobuf/api.json /workdir/out/docs-ref-autogen/@azure/web-pubsub-client-protobuf
	{ Error: Command failed: type2docfx ./node_modules/@azure/web-pubsub-client-protobuf/api.json /workdir/out/docs-ref-autogen/@azure/web-pubsub-client-protobuf
	    at checkExecSyncError (child_process.js:629:11)
	    at Object.execSync (child_process.js:666:13)
	    at TSProcessor.generate (/nodejs/JavaScriptTypeScript/dist/DocProcessor.js:38:23)
	    at FlattenCoreProcessor.generateSinglePackage (/nodejs/JavaScriptTypeScript/dist/CoreProcessor.js:161:55)
	    at FlattenCoreProcessor.generateFromNpmPakcage (/nodejs/JavaScriptTypeScript/dist/CoreProcessor.js:119:18)
	    at FlattenCoreProcessor.generatePacakge (/nodejs/JavaScriptTypeScript/dist/CoreProcessor.js:104:18)
	    at FlattenCoreProcessor.BaseCoreProcessor.generate (/nodejs/JavaScriptTypeScript/dist/CoreProcessor.js:56:19)
	    at Object.<anonymous> (/nodejs/JavaScriptTypeScript/dist/main.js:20:15)
	    at Module._compile (internal/modules/cjs/loader.js:778:30)
	    at Object.Module._extensions..js (internal/modules/cjs/loader.js:789:10)
	  status: 1,
	  signal: null,
	  output: [ null, null, null ],
	  pid: 72,
	  stdout: null,
	  stderr: null }
Removed @azure/web-pubsub-client-protobuf@1.0.0-beta.1 because of docs package validation failure on 2023-05-08 23:16 +00:00
	Hi from ReferenceAutomation for JavaScript
	{
	    "npm_package_sources": [
	        {
	            "name": "@azure/web-pubsub-client-protobuf@1.0.0-beta.1"
	        }
	    ]
	}
	{ npm_package_sources:
	   [ { name: '@azure/web-pubsub-client-protobuf@1.0.0-beta.1' } ] }
	=== Install npm packages ===
	
	Start to install npm package @azure/web-pubsub-client-protobuf@1.0.0-beta.1.
	Finished to install npm package @azure/web-pubsub-client-protobuf@1.0.0-beta.1.
	current package: @azure/web-pubsub-client-protobuf
	current version is : 1.0.0-beta.1
	=== generate yml files for @azure/web-pubsub-client-protobuf ===
	
	run typedoc in ./node_modules/@azure/web-pubsub-client-protobuf: 
	$ typedoc types --json api.json --module commonjs --includeDeclarations --ignoreCompilerErrors --excludeExternals --stripInternal
	
	run type2docfx in /: 
	$ type2docfx ./node_modules/@azure/web-pubsub-client-protobuf/api.json /workdir/out/docs-ref-autogen/@azure/web-pubsub-client-protobuf
	{ Error: Command failed: type2docfx ./node_modules/@azure/web-pubsub-client-protobuf/api.json /workdir/out/docs-ref-autogen/@azure/web-pubsub-client-protobuf
	    at checkExecSyncError (child_process.js:629:11)
	    at Object.execSync (child_process.js:666:13)
	    at TSProcessor.generate (/nodejs/JavaScriptTypeScript/dist/DocProcessor.js:38:23)
	    at FlattenCoreProcessor.generateSinglePackage (/nodejs/JavaScriptTypeScript/dist/CoreProcessor.js:161:55)
	    at FlattenCoreProcessor.generateFromNpmPakcage (/nodejs/JavaScriptTypeScript/dist/CoreProcessor.js:119:18)
	    at FlattenCoreProcessor.generatePacakge (/nodejs/JavaScriptTypeScript/dist/CoreProcessor.js:104:18)
	    at FlattenCoreProcessor.BaseCoreProcessor.generate (/nodejs/JavaScriptTypeScript/dist/CoreProcessor.js:56:19)
	    at Object.<anonymous> (/nodejs/JavaScriptTypeScript/dist/main.js:20:15)
	    at Module._compile (internal/modules/cjs/loader.js:778:30)
	    at Object.Module._extensions..js (internal/modules/cjs/loader.js:789:10)
	  status: 1,
	  signal: null,
	  output: [ null, null, null ],
	  pid: 71,
	  stdout: null,
	  stderr: null }
Removed @azure/web-pubsub-client-protobuf@1.0.0-beta.1 because of docs package validation failure on 2023-05-09 23:18 +00:00
	Hi from ReferenceAutomation for JavaScript
	{
	    "npm_package_sources": [
	        {
	            "name": "@azure/web-pubsub-client-protobuf@1.0.0-beta.1"
	        }
	    ]
	}
	{ npm_package_sources:
	   [ { name: '@azure/web-pubsub-client-protobuf@1.0.0-beta.1' } ] }
	=== Install npm packages ===
	
	Start to install npm package @azure/web-pubsub-client-protobuf@1.0.0-beta.1.
	Finished to install npm package @azure/web-pubsub-client-protobuf@1.0.0-beta.1.
	current package: @azure/web-pubsub-client-protobuf
	current version is : 1.0.0-beta.1
	=== generate yml files for @azure/web-pubsub-client-protobuf ===
	
	run typedoc in ./node_modules/@azure/web-pubsub-client-protobuf: 
	$ typedoc types --json api.json --module commonjs --includeDeclarations --ignoreCompilerErrors --excludeExternals --stripInternal
	
	run type2docfx in /: 
	$ type2docfx ./node_modules/@azure/web-pubsub-client-protobuf/api.json /workdir/out/docs-ref-autogen/@azure/web-pubsub-client-protobuf
	{ Error: Command failed: type2docfx ./node_modules/@azure/web-pubsub-client-protobuf/api.json /workdir/out/docs-ref-autogen/@azure/web-pubsub-client-protobuf
	    at checkExecSyncError (child_process.js:629:11)
	    at Object.execSync (child_process.js:666:13)
	    at TSProcessor.generate (/nodejs/JavaScriptTypeScript/dist/DocProcessor.js:38:23)
	    at FlattenCoreProcessor.generateSinglePackage (/nodejs/JavaScriptTypeScript/dist/CoreProcessor.js:161:55)
	    at FlattenCoreProcessor.generateFromNpmPakcage (/nodejs/JavaScriptTypeScript/dist/CoreProcessor.js:119:18)
	    at FlattenCoreProcessor.generatePacakge (/nodejs/JavaScriptTypeScript/dist/CoreProcessor.js:104:18)
	    at FlattenCoreProcessor.BaseCoreProcessor.generate (/nodejs/JavaScriptTypeScript/dist/CoreProcessor.js:56:19)
	    at Object.<anonymous> (/nodejs/JavaScriptTypeScript/dist/main.js:20:15)
	    at Module._compile (internal/modules/cjs/loader.js:778:30)
	    at Object.Module._extensions..js (internal/modules/cjs/loader.js:789:10)
	  status: 1,
	  signal: null,
	  output: [ null, null, null ],
	  pid: 72,
	  stdout: null,
	  stderr: null }
Removed @azure/web-pubsub-client-protobuf@1.0.0-beta.1 because of docs package validation failure on 2023-05-10 23:21 +00:00
	Hi from ReferenceAutomation for JavaScript
	{
	    "npm_package_sources": [
	        {
	            "name": "@azure/web-pubsub-client-protobuf@1.0.0-beta.1"
	        }
	    ]
	}
	{ npm_package_sources:
	   [ { name: '@azure/web-pubsub-client-protobuf@1.0.0-beta.1' } ] }
	=== Install npm packages ===
	
	Start to install npm package @azure/web-pubsub-client-protobuf@1.0.0-beta.1.
	Finished to install npm package @azure/web-pubsub-client-protobuf@1.0.0-beta.1.
	current package: @azure/web-pubsub-client-protobuf
	current version is : 1.0.0-beta.1
	=== generate yml files for @azure/web-pubsub-client-protobuf ===
	
	run typedoc in ./node_modules/@azure/web-pubsub-client-protobuf: 
	$ typedoc types --json api.json --module commonjs --includeDeclarations --ignoreCompilerErrors --excludeExternals --stripInternal
	
	run type2docfx in /: 
	$ type2docfx ./node_modules/@azure/web-pubsub-client-protobuf/api.json /workdir/out/docs-ref-autogen/@azure/web-pubsub-client-protobuf
	{ Error: Command failed: type2docfx ./node_modules/@azure/web-pubsub-client-protobuf/api.json /workdir/out/docs-ref-autogen/@azure/web-pubsub-client-protobuf
	    at checkExecSyncError (child_process.js:629:11)
	    at Object.execSync (child_process.js:666:13)
	    at TSProcessor.generate (/nodejs/JavaScriptTypeScript/dist/DocProcessor.js:38:23)
	    at FlattenCoreProcessor.generateSinglePackage (/nodejs/JavaScriptTypeScript/dist/CoreProcessor.js:161:55)
	    at FlattenCoreProcessor.generateFromNpmPakcage (/nodejs/JavaScriptTypeScript/dist/CoreProcessor.js:119:18)
	    at FlattenCoreProcessor.generatePacakge (/nodejs/JavaScriptTypeScript/dist/CoreProcessor.js:104:18)
	    at FlattenCoreProcessor.BaseCoreProcessor.generate (/nodejs/JavaScriptTypeScript/dist/CoreProcessor.js:56:19)
	    at Object.<anonymous> (/nodejs/JavaScriptTypeScript/dist/main.js:20:15)
	    at Module._compile (internal/modules/cjs/loader.js:778:30)
	    at Object.Module._extensions..js (internal/modules/cjs/loader.js:789:10)
	  status: 1,
	  signal: null,
	  output: [ null, null, null ],
	  pid: 72,
	  stdout: null,
	  stderr: null }
Removed @azure/web-pubsub-client-protobuf@1.0.0-beta.1 because of docs package validation failure on 2023-05-12 23:18 +00:00
	Hi from ReferenceAutomation for JavaScript
	{
	    "npm_package_sources": [
	        {
	            "name": "@azure/web-pubsub-client-protobuf@1.0.0-beta.1"
	        }
	    ]
	}
	{ npm_package_sources:
	   [ { name: '@azure/web-pubsub-client-protobuf@1.0.0-beta.1' } ] }
	=== Install npm packages ===
	
	Start to install npm package @azure/web-pubsub-client-protobuf@1.0.0-beta.1.
	Finished to install npm package @azure/web-pubsub-client-protobuf@1.0.0-beta.1.
	current package: @azure/web-pubsub-client-protobuf
	current version is : 1.0.0-beta.1
	=== generate yml files for @azure/web-pubsub-client-protobuf ===
	
	run typedoc in ./node_modules/@azure/web-pubsub-client-protobuf: 
	$ typedoc types --json api.json --module commonjs --includeDeclarations --ignoreCompilerErrors --excludeExternals --stripInternal
	
	run type2docfx in /: 
	$ type2docfx ./node_modules/@azure/web-pubsub-client-protobuf/api.json /workdir/out/docs-ref-autogen/@azure/web-pubsub-client-protobuf
	{ Error: Command failed: type2docfx ./node_modules/@azure/web-pubsub-client-protobuf/api.json /workdir/out/docs-ref-autogen/@azure/web-pubsub-client-protobuf
	    at checkExecSyncError (child_process.js:629:11)
	    at Object.execSync (child_process.js:666:13)
	    at TSProcessor.generate (/nodejs/JavaScriptTypeScript/dist/DocProcessor.js:38:23)
	    at FlattenCoreProcessor.generateSinglePackage (/nodejs/JavaScriptTypeScript/dist/CoreProcessor.js:161:55)
	    at FlattenCoreProcessor.generateFromNpmPakcage (/nodejs/JavaScriptTypeScript/dist/CoreProcessor.js:119:18)
	    at FlattenCoreProcessor.generatePacakge (/nodejs/JavaScriptTypeScript/dist/CoreProcessor.js:104:18)
	    at FlattenCoreProcessor.BaseCoreProcessor.generate (/nodejs/JavaScriptTypeScript/dist/CoreProcessor.js:56:19)
	    at Object.<anonymous> (/nodejs/JavaScriptTypeScript/dist/main.js:20:15)
	    at Module._compile (internal/modules/cjs/loader.js:778:30)
	    at Object.Module._extensions..js (internal/modules/cjs/loader.js:789:10)
	  status: 1,
	  signal: null,
	  output: [ null, null, null ],
	  pid: 71,
	  stdout: null,
	  stderr: null }
Removed @azure/web-pubsub-client-protobuf@1.0.0-beta.1 because of docs package validation failure on 2023-05-15 23:20 +00:00
	Hi from ReferenceAutomation for JavaScript
	{
	    "npm_package_sources": [
	        {
	            "name": "@azure/web-pubsub-client-protobuf@1.0.0-beta.1"
	        }
	    ]
	}
	{ npm_package_sources:
	   [ { name: '@azure/web-pubsub-client-protobuf@1.0.0-beta.1' } ] }
	=== Install npm packages ===
	
	Start to install npm package @azure/web-pubsub-client-protobuf@1.0.0-beta.1.
	Finished to install npm package @azure/web-pubsub-client-protobuf@1.0.0-beta.1.
	current package: @azure/web-pubsub-client-protobuf
	current version is : 1.0.0-beta.1
	=== generate yml files for @azure/web-pubsub-client-protobuf ===
	
	run typedoc in ./node_modules/@azure/web-pubsub-client-protobuf: 
	$ typedoc types --json api.json --module commonjs --includeDeclarations --ignoreCompilerErrors --excludeExternals --stripInternal
	
	run type2docfx in /: 
	$ type2docfx ./node_modules/@azure/web-pubsub-client-protobuf/api.json /workdir/out/docs-ref-autogen/@azure/web-pubsub-client-protobuf
	{ Error: Command failed: type2docfx ./node_modules/@azure/web-pubsub-client-protobuf/api.json /workdir/out/docs-ref-autogen/@azure/web-pubsub-client-protobuf
	    at checkExecSyncError (child_process.js:629:11)
	    at Object.execSync (child_process.js:666:13)
	    at TSProcessor.generate (/nodejs/JavaScriptTypeScript/dist/DocProcessor.js:38:23)
	    at FlattenCoreProcessor.generateSinglePackage (/nodejs/JavaScriptTypeScript/dist/CoreProcessor.js:161:55)
	    at FlattenCoreProcessor.generateFromNpmPakcage (/nodejs/JavaScriptTypeScript/dist/CoreProcessor.js:119:18)
	    at FlattenCoreProcessor.generatePacakge (/nodejs/JavaScriptTypeScript/dist/CoreProcessor.js:104:18)
	    at FlattenCoreProcessor.BaseCoreProcessor.generate (/nodejs/JavaScriptTypeScript/dist/CoreProcessor.js:56:19)
	    at Object.<anonymous> (/nodejs/JavaScriptTypeScript/dist/main.js:20:15)
	    at Module._compile (internal/modules/cjs/loader.js:778:30)
	    at Object.Module._extensions..js (internal/modules/cjs/loader.js:789:10)
	  status: 1,
	  signal: null,
	  output: [ null, null, null ],
	  pid: 73,
	  stdout: null,
	  stderr: null }
Removed @azure/web-pubsub-client-protobuf@1.0.0-beta.1 because of docs package validation failure on 2023-05-16 23:20 +00:00
	Hi from ReferenceAutomation for JavaScript
	{
	    "npm_package_sources": [
	        {
	            "name": "@azure/web-pubsub-client-protobuf@1.0.0-beta.1"
	        }
	    ]
	}
	{ npm_package_sources:
	   [ { name: '@azure/web-pubsub-client-protobuf@1.0.0-beta.1' } ] }
	=== Install npm packages ===
	
	Start to install npm package @azure/web-pubsub-client-protobuf@1.0.0-beta.1.
	Finished to install npm package @azure/web-pubsub-client-protobuf@1.0.0-beta.1.
	current package: @azure/web-pubsub-client-protobuf
	current version is : 1.0.0-beta.1
	=== generate yml files for @azure/web-pubsub-client-protobuf ===
	
	run typedoc in ./node_modules/@azure/web-pubsub-client-protobuf: 
	$ typedoc types --json api.json --module commonjs --includeDeclarations --ignoreCompilerErrors --excludeExternals --stripInternal
	
	run type2docfx in /: 
	$ type2docfx ./node_modules/@azure/web-pubsub-client-protobuf/api.json /workdir/out/docs-ref-autogen/@azure/web-pubsub-client-protobuf
	{ Error: Command failed: type2docfx ./node_modules/@azure/web-pubsub-client-protobuf/api.json /workdir/out/docs-ref-autogen/@azure/web-pubsub-client-protobuf
	    at checkExecSyncError (child_process.js:629:11)
	    at Object.execSync (child_process.js:666:13)
	    at TSProcessor.generate (/nodejs/JavaScriptTypeScript/dist/DocProcessor.js:38:23)
	    at FlattenCoreProcessor.generateSinglePackage (/nodejs/JavaScriptTypeScript/dist/CoreProcessor.js:161:55)
	    at FlattenCoreProcessor.generateFromNpmPakcage (/nodejs/JavaScriptTypeScript/dist/CoreProcessor.js:119:18)
	    at FlattenCoreProcessor.generatePacakge (/nodejs/JavaScriptTypeScript/dist/CoreProcessor.js:104:18)
	    at FlattenCoreProcessor.BaseCoreProcessor.generate (/nodejs/JavaScriptTypeScript/dist/CoreProcessor.js:56:19)
	    at Object.<anonymous> (/nodejs/JavaScriptTypeScript/dist/main.js:20:15)
	    at Module._compile (internal/modules/cjs/loader.js:778:30)
	    at Object.Module._extensions..js (internal/modules/cjs/loader.js:789:10)
	  status: 1,
	  signal: null,
	  output: [ null, null, null ],
	  pid: 73,
	  stdout: null,
	  stderr: null }
Removed @azure/web-pubsub-client-protobuf@1.0.0-beta.1 because of docs package validation failure on 2023-05-17 23:18 +00:00
	Hi from ReferenceAutomation for JavaScript
	{
	    "npm_package_sources": [
	        {
	            "name": "@azure/web-pubsub-client-protobuf@1.0.0-beta.1"
	        }
	    ]
	}
	{ npm_package_sources:
	   [ { name: '@azure/web-pubsub-client-protobuf@1.0.0-beta.1' } ] }
	=== Install npm packages ===
	
	Start to install npm package @azure/web-pubsub-client-protobuf@1.0.0-beta.1.
	Finished to install npm package @azure/web-pubsub-client-protobuf@1.0.0-beta.1.
	current package: @azure/web-pubsub-client-protobuf
	current version is : 1.0.0-beta.1
	=== generate yml files for @azure/web-pubsub-client-protobuf ===
	
	run typedoc in ./node_modules/@azure/web-pubsub-client-protobuf: 
	$ typedoc types --json api.json --module commonjs --includeDeclarations --ignoreCompilerErrors --excludeExternals --stripInternal
	
	run type2docfx in /: 
	$ type2docfx ./node_modules/@azure/web-pubsub-client-protobuf/api.json /workdir/out/docs-ref-autogen/@azure/web-pubsub-client-protobuf
	{ Error: Command failed: type2docfx ./node_modules/@azure/web-pubsub-client-protobuf/api.json /workdir/out/docs-ref-autogen/@azure/web-pubsub-client-protobuf
	    at checkExecSyncError (child_process.js:629:11)
	    at Object.execSync (child_process.js:666:13)
	    at TSProcessor.generate (/nodejs/JavaScriptTypeScript/dist/DocProcessor.js:38:23)
	    at FlattenCoreProcessor.generateSinglePackage (/nodejs/JavaScriptTypeScript/dist/CoreProcessor.js:161:55)
	    at FlattenCoreProcessor.generateFromNpmPakcage (/nodejs/JavaScriptTypeScript/dist/CoreProcessor.js:119:18)
	    at FlattenCoreProcessor.generatePacakge (/nodejs/JavaScriptTypeScript/dist/CoreProcessor.js:104:18)
	    at FlattenCoreProcessor.BaseCoreProcessor.generate (/nodejs/JavaScriptTypeScript/dist/CoreProcessor.js:56:19)
	    at Object.<anonymous> (/nodejs/JavaScriptTypeScript/dist/main.js:20:15)
	    at Module._compile (internal/modules/cjs/loader.js:778:30)
	    at Object.Module._extensions..js (internal/modules/cjs/loader.js:789:10)
	  status: 1,
	  signal: null,
	  output: [ null, null, null ],
	  pid: 72,
	  stdout: null,
	  stderr: null }
Removed @azure/web-pubsub-client-protobuf@1.0.0-beta.1 because of docs package validation failure on 2023-05-18 23:21 +00:00
	Hi from ReferenceAutomation for JavaScript
	{
	    "npm_package_sources": [
	        {
	            "name": "@azure/web-pubsub-client-protobuf@1.0.0-beta.1"
	        }
	    ]
	}
	{ npm_package_sources:
	   [ { name: '@azure/web-pubsub-client-protobuf@1.0.0-beta.1' } ] }
	=== Install npm packages ===
	
	Start to install npm package @azure/web-pubsub-client-protobuf@1.0.0-beta.1.
	Finished to install npm package @azure/web-pubsub-client-protobuf@1.0.0-beta.1.
	current package: @azure/web-pubsub-client-protobuf
	current version is : 1.0.0-beta.1
	=== generate yml files for @azure/web-pubsub-client-protobuf ===
	
	run typedoc in ./node_modules/@azure/web-pubsub-client-protobuf: 
	$ typedoc types --json api.json --module commonjs --includeDeclarations --ignoreCompilerErrors --excludeExternals --stripInternal
	
	run type2docfx in /: 
	$ type2docfx ./node_modules/@azure/web-pubsub-client-protobuf/api.json /workdir/out/docs-ref-autogen/@azure/web-pubsub-client-protobuf
	{ Error: Command failed: type2docfx ./node_modules/@azure/web-pubsub-client-protobuf/api.json /workdir/out/docs-ref-autogen/@azure/web-pubsub-client-protobuf
	    at checkExecSyncError (child_process.js:629:11)
	    at Object.execSync (child_process.js:666:13)
	    at TSProcessor.generate (/nodejs/JavaScriptTypeScript/dist/DocProcessor.js:38:23)
	    at FlattenCoreProcessor.generateSinglePackage (/nodejs/JavaScriptTypeScript/dist/CoreProcessor.js:161:55)
	    at FlattenCoreProcessor.generateFromNpmPakcage (/nodejs/JavaScriptTypeScript/dist/CoreProcessor.js:119:18)
	    at FlattenCoreProcessor.generatePacakge (/nodejs/JavaScriptTypeScript/dist/CoreProcessor.js:104:18)
	    at FlattenCoreProcessor.BaseCoreProcessor.generate (/nodejs/JavaScriptTypeScript/dist/CoreProcessor.js:56:19)
	    at Object.<anonymous> (/nodejs/JavaScriptTypeScript/dist/main.js:20:15)
	    at Module._compile (internal/modules/cjs/loader.js:778:30)
	    at Object.Module._extensions..js (internal/modules/cjs/loader.js:789:10)
	  status: 1,
	  signal: null,
	  output: [ null, null, null ],
	  pid: 73,
	  stdout: null,
	  stderr: null }
Removed @azure/web-pubsub-client-protobuf@1.0.0-beta.1 because of docs package validation failure on 2023-05-19 23:15 +00:00
	Hi from ReferenceAutomation for JavaScript
	{
	    "npm_package_sources": [
	        {
	            "name": "@azure/web-pubsub-client-protobuf@1.0.0-beta.1"
	        }
	    ]
	}
	{ npm_package_sources:
	   [ { name: '@azure/web-pubsub-client-protobuf@1.0.0-beta.1' } ] }
	=== Install npm packages ===
	
	Start to install npm package @azure/web-pubsub-client-protobuf@1.0.0-beta.1.
	Finished to install npm package @azure/web-pubsub-client-protobuf@1.0.0-beta.1.
	current package: @azure/web-pubsub-client-protobuf
	current version is : 1.0.0-beta.1
	=== generate yml files for @azure/web-pubsub-client-protobuf ===
	
	run typedoc in ./node_modules/@azure/web-pubsub-client-protobuf: 
	$ typedoc types --json api.json --module commonjs --includeDeclarations --ignoreCompilerErrors --excludeExternals --stripInternal
	
	run type2docfx in /: 
	$ type2docfx ./node_modules/@azure/web-pubsub-client-protobuf/api.json /workdir/out/docs-ref-autogen/@azure/web-pubsub-client-protobuf
	{ Error: Command failed: type2docfx ./node_modules/@azure/web-pubsub-client-protobuf/api.json /workdir/out/docs-ref-autogen/@azure/web-pubsub-client-protobuf
	    at checkExecSyncError (child_process.js:629:11)
	    at Object.execSync (child_process.js:666:13)
	    at TSProcessor.generate (/nodejs/JavaScriptTypeScript/dist/DocProcessor.js:38:23)
	    at FlattenCoreProcessor.generateSinglePackage (/nodejs/JavaScriptTypeScript/dist/CoreProcessor.js:161:55)
	    at FlattenCoreProcessor.generateFromNpmPakcage (/nodejs/JavaScriptTypeScript/dist/CoreProcessor.js:119:18)
	    at FlattenCoreProcessor.generatePacakge (/nodejs/JavaScriptTypeScript/dist/CoreProcessor.js:104:18)
	    at FlattenCoreProcessor.BaseCoreProcessor.generate (/nodejs/JavaScriptTypeScript/dist/CoreProcessor.js:56:19)
	    at Object.<anonymous> (/nodejs/JavaScriptTypeScript/dist/main.js:20:15)
	    at Module._compile (internal/modules/cjs/loader.js:778:30)
	    at Object.Module._extensions..js (internal/modules/cjs/loader.js:789:10)
	  status: 1,
	  signal: null,
	  output: [ null, null, null ],
	  pid: 72,
	  stdout: null,
	  stderr: null }
Removed @azure/web-pubsub-client-protobuf@1.0.0-beta.1 because of docs package validation failure on 2023-05-22 23:15 +00:00
	Hi from ReferenceAutomation for JavaScript
	{
	    "npm_package_sources": [
	        {
	            "name": "@azure/web-pubsub-client-protobuf@1.0.0-beta.1"
	        }
	    ]
	}
	{ npm_package_sources:
	   [ { name: '@azure/web-pubsub-client-protobuf@1.0.0-beta.1' } ] }
	=== Install npm packages ===
	
	Start to install npm package @azure/web-pubsub-client-protobuf@1.0.0-beta.1.
	Finished to install npm package @azure/web-pubsub-client-protobuf@1.0.0-beta.1.
	current package: @azure/web-pubsub-client-protobuf
	current version is : 1.0.0-beta.1
	=== generate yml files for @azure/web-pubsub-client-protobuf ===
	
	run typedoc in ./node_modules/@azure/web-pubsub-client-protobuf: 
	$ typedoc types --json api.json --module commonjs --includeDeclarations --ignoreCompilerErrors --excludeExternals --stripInternal
	
	run type2docfx in /: 
	$ type2docfx ./node_modules/@azure/web-pubsub-client-protobuf/api.json /workdir/out/docs-ref-autogen/@azure/web-pubsub-client-protobuf
	{ Error: Command failed: type2docfx ./node_modules/@azure/web-pubsub-client-protobuf/api.json /workdir/out/docs-ref-autogen/@azure/web-pubsub-client-protobuf
	    at checkExecSyncError (child_process.js:629:11)
	    at Object.execSync (child_process.js:666:13)
	    at TSProcessor.generate (/nodejs/JavaScriptTypeScript/dist/DocProcessor.js:38:23)
	    at FlattenCoreProcessor.generateSinglePackage (/nodejs/JavaScriptTypeScript/dist/CoreProcessor.js:161:55)
	    at FlattenCoreProcessor.generateFromNpmPakcage (/nodejs/JavaScriptTypeScript/dist/CoreProcessor.js:119:18)
	    at FlattenCoreProcessor.generatePacakge (/nodejs/JavaScriptTypeScript/dist/CoreProcessor.js:104:18)
	    at FlattenCoreProcessor.BaseCoreProcessor.generate (/nodejs/JavaScriptTypeScript/dist/CoreProcessor.js:56:19)
	    at Object.<anonymous> (/nodejs/JavaScriptTypeScript/dist/main.js:20:15)
	    at Module._compile (internal/modules/cjs/loader.js:778:30)
	    at Object.Module._extensions..js (internal/modules/cjs/loader.js:789:10)
	  status: 1,
	  signal: null,
	  output: [ null, null, null ],
	  pid: 73,
	  stdout: null,
	  stderr: null }
Removed @azure/web-pubsub-client-protobuf@1.0.0-beta.1 because of docs package validation failure on 2023-05-23 23:24 +00:00
	Hi from ReferenceAutomation for JavaScript
	{
	    "npm_package_sources": [
	        {
	            "name": "@azure/web-pubsub-client-protobuf@1.0.0-beta.1"
	        }
	    ]
	}
	{ npm_package_sources:
	   [ { name: '@azure/web-pubsub-client-protobuf@1.0.0-beta.1' } ] }
	=== Install npm packages ===
	
	Start to install npm package @azure/web-pubsub-client-protobuf@1.0.0-beta.1.
	Finished to install npm package @azure/web-pubsub-client-protobuf@1.0.0-beta.1.
	current package: @azure/web-pubsub-client-protobuf
	current version is : 1.0.0-beta.1
	=== generate yml files for @azure/web-pubsub-client-protobuf ===
	
	run typedoc in ./node_modules/@azure/web-pubsub-client-protobuf: 
	$ typedoc types --json api.json --module commonjs --includeDeclarations --ignoreCompilerErrors --excludeExternals --stripInternal
	
	run type2docfx in /: 
	$ type2docfx ./node_modules/@azure/web-pubsub-client-protobuf/api.json /workdir/out/docs-ref-autogen/@azure/web-pubsub-client-protobuf
	{ Error: Command failed: type2docfx ./node_modules/@azure/web-pubsub-client-protobuf/api.json /workdir/out/docs-ref-autogen/@azure/web-pubsub-client-protobuf
	    at checkExecSyncError (child_process.js:629:11)
	    at Object.execSync (child_process.js:666:13)
	    at TSProcessor.generate (/nodejs/JavaScriptTypeScript/dist/DocProcessor.js:38:23)
	    at FlattenCoreProcessor.generateSinglePackage (/nodejs/JavaScriptTypeScript/dist/CoreProcessor.js:161:55)
	    at FlattenCoreProcessor.generateFromNpmPakcage (/nodejs/JavaScriptTypeScript/dist/CoreProcessor.js:119:18)
	    at FlattenCoreProcessor.generatePacakge (/nodejs/JavaScriptTypeScript/dist/CoreProcessor.js:104:18)
	    at FlattenCoreProcessor.BaseCoreProcessor.generate (/nodejs/JavaScriptTypeScript/dist/CoreProcessor.js:56:19)
	    at Object.<anonymous> (/nodejs/JavaScriptTypeScript/dist/main.js:20:15)
	    at Module._compile (internal/modules/cjs/loader.js:778:30)
	    at Object.Module._extensions..js (internal/modules/cjs/loader.js:789:10)
	  status: 1,
	  signal: null,
	  output: [ null, null, null ],
	  pid: 73,
	  stdout: null,
	  stderr: null }
Removed @azure/web-pubsub-client-protobuf@1.0.0-beta.1 because of docs package validation failure on 2023-05-24 23:20 +00:00
	Hi from ReferenceAutomation for JavaScript
	{
	    "npm_package_sources": [
	        {
	            "name": "@azure/web-pubsub-client-protobuf@1.0.0-beta.1"
	        }
	    ]
	}
	{ npm_package_sources:
	   [ { name: '@azure/web-pubsub-client-protobuf@1.0.0-beta.1' } ] }
	=== Install npm packages ===
	
	Start to install npm package @azure/web-pubsub-client-protobuf@1.0.0-beta.1.
	Finished to install npm package @azure/web-pubsub-client-protobuf@1.0.0-beta.1.
	current package: @azure/web-pubsub-client-protobuf
	current version is : 1.0.0-beta.1
	=== generate yml files for @azure/web-pubsub-client-protobuf ===
	
	run typedoc in ./node_modules/@azure/web-pubsub-client-protobuf: 
	$ typedoc types --json api.json --module commonjs --includeDeclarations --ignoreCompilerErrors --excludeExternals --stripInternal
	
	run type2docfx in /: 
	$ type2docfx ./node_modules/@azure/web-pubsub-client-protobuf/api.json /workdir/out/docs-ref-autogen/@azure/web-pubsub-client-protobuf
	{ Error: Command failed: type2docfx ./node_modules/@azure/web-pubsub-client-protobuf/api.json /workdir/out/docs-ref-autogen/@azure/web-pubsub-client-protobuf
	    at checkExecSyncError (child_process.js:629:11)
	    at Object.execSync (child_process.js:666:13)
	    at TSProcessor.generate (/nodejs/JavaScriptTypeScript/dist/DocProcessor.js:38:23)
	    at FlattenCoreProcessor.generateSinglePackage (/nodejs/JavaScriptTypeScript/dist/CoreProcessor.js:161:55)
	    at FlattenCoreProcessor.generateFromNpmPakcage (/nodejs/JavaScriptTypeScript/dist/CoreProcessor.js:119:18)
	    at FlattenCoreProcessor.generatePacakge (/nodejs/JavaScriptTypeScript/dist/CoreProcessor.js:104:18)
	    at FlattenCoreProcessor.BaseCoreProcessor.generate (/nodejs/JavaScriptTypeScript/dist/CoreProcessor.js:56:19)
	    at Object.<anonymous> (/nodejs/JavaScriptTypeScript/dist/main.js:20:15)
	    at Module._compile (internal/modules/cjs/loader.js:778:30)
	    at Object.Module._extensions..js (internal/modules/cjs/loader.js:789:10)
	  status: 1,
	  signal: null,
	  output: [ null, null, null ],
	  pid: 73,
	  stdout: null,
	  stderr: null }
Removed @azure/web-pubsub-client-protobuf@1.0.0-beta.1 because of docs package validation failure on 2023-05-25 23:20 +00:00
	Hi from ReferenceAutomation for JavaScript
	{
	    "npm_package_sources": [
	        {
	            "name": "@azure/web-pubsub-client-protobuf@1.0.0-beta.1"
	        }
	    ]
	}
	{ npm_package_sources:
	   [ { name: '@azure/web-pubsub-client-protobuf@1.0.0-beta.1' } ] }
	=== Install npm packages ===
	
	Start to install npm package @azure/web-pubsub-client-protobuf@1.0.0-beta.1.
	Finished to install npm package @azure/web-pubsub-client-protobuf@1.0.0-beta.1.
	current package: @azure/web-pubsub-client-protobuf
	current version is : 1.0.0-beta.1
	=== generate yml files for @azure/web-pubsub-client-protobuf ===
	
	run typedoc in ./node_modules/@azure/web-pubsub-client-protobuf: 
	$ typedoc types --json api.json --module commonjs --includeDeclarations --ignoreCompilerErrors --excludeExternals --stripInternal
	
	run type2docfx in /: 
	$ type2docfx ./node_modules/@azure/web-pubsub-client-protobuf/api.json /workdir/out/docs-ref-autogen/@azure/web-pubsub-client-protobuf
	{ Error: Command failed: type2docfx ./node_modules/@azure/web-pubsub-client-protobuf/api.json /workdir/out/docs-ref-autogen/@azure/web-pubsub-client-protobuf
	    at checkExecSyncError (child_process.js:629:11)
	    at Object.execSync (child_process.js:666:13)
	    at TSProcessor.generate (/nodejs/JavaScriptTypeScript/dist/DocProcessor.js:38:23)
	    at FlattenCoreProcessor.generateSinglePackage (/nodejs/JavaScriptTypeScript/dist/CoreProcessor.js:161:55)
	    at FlattenCoreProcessor.generateFromNpmPakcage (/nodejs/JavaScriptTypeScript/dist/CoreProcessor.js:119:18)
	    at FlattenCoreProcessor.generatePacakge (/nodejs/JavaScriptTypeScript/dist/CoreProcessor.js:104:18)
	    at FlattenCoreProcessor.BaseCoreProcessor.generate (/nodejs/JavaScriptTypeScript/dist/CoreProcessor.js:56:19)
	    at Object.<anonymous> (/nodejs/JavaScriptTypeScript/dist/main.js:20:15)
	    at Module._compile (internal/modules/cjs/loader.js:778:30)
	    at Object.Module._extensions..js (internal/modules/cjs/loader.js:789:10)
	  status: 1,
	  signal: null,
	  output: [ null, null, null ],
	  pid: 73,
	  stdout: null,
	  stderr: null }
Removed @azure/web-pubsub-client-protobuf@1.0.0-beta.1 because of docs package validation failure on 2023-05-26 23:17 +00:00
	Hi from ReferenceAutomation for JavaScript
	{
	    "npm_package_sources": [
	        {
	            "name": "@azure/web-pubsub-client-protobuf@1.0.0-beta.1"
	        }
	    ]
	}
	{ npm_package_sources:
	   [ { name: '@azure/web-pubsub-client-protobuf@1.0.0-beta.1' } ] }
	=== Install npm packages ===
	
	Start to install npm package @azure/web-pubsub-client-protobuf@1.0.0-beta.1.
	Finished to install npm package @azure/web-pubsub-client-protobuf@1.0.0-beta.1.
	current package: @azure/web-pubsub-client-protobuf
	current version is : 1.0.0-beta.1
	=== generate yml files for @azure/web-pubsub-client-protobuf ===
	
	run typedoc in ./node_modules/@azure/web-pubsub-client-protobuf: 
	$ typedoc types --json api.json --module commonjs --includeDeclarations --ignoreCompilerErrors --excludeExternals --stripInternal
	
	run type2docfx in /: 
	$ type2docfx ./node_modules/@azure/web-pubsub-client-protobuf/api.json /workdir/out/docs-ref-autogen/@azure/web-pubsub-client-protobuf
	{ Error: Command failed: type2docfx ./node_modules/@azure/web-pubsub-client-protobuf/api.json /workdir/out/docs-ref-autogen/@azure/web-pubsub-client-protobuf
	    at checkExecSyncError (child_process.js:629:11)
	    at Object.execSync (child_process.js:666:13)
	    at TSProcessor.generate (/nodejs/JavaScriptTypeScript/dist/DocProcessor.js:38:23)
	    at FlattenCoreProcessor.generateSinglePackage (/nodejs/JavaScriptTypeScript/dist/CoreProcessor.js:161:55)
	    at FlattenCoreProcessor.generateFromNpmPakcage (/nodejs/JavaScriptTypeScript/dist/CoreProcessor.js:119:18)
	    at FlattenCoreProcessor.generatePacakge (/nodejs/JavaScriptTypeScript/dist/CoreProcessor.js:104:18)
	    at FlattenCoreProcessor.BaseCoreProcessor.generate (/nodejs/JavaScriptTypeScript/dist/CoreProcessor.js:56:19)
	    at Object.<anonymous> (/nodejs/JavaScriptTypeScript/dist/main.js:20:15)
	    at Module._compile (internal/modules/cjs/loader.js:778:30)
	    at Object.Module._extensions..js (internal/modules/cjs/loader.js:789:10)
	  status: 1,
	  signal: null,
	  output: [ null, null, null ],
	  pid: 71,
	  stdout: null,
	  stderr: null }
Removed @azure/web-pubsub-client-protobuf@1.0.0-beta.1 because of docs package validation failure on 2023-05-29 23:16 +00:00
	Hi from ReferenceAutomation for JavaScript
	{
	    "npm_package_sources": [
	        {
	            "name": "@azure/web-pubsub-client-protobuf@1.0.0-beta.1"
	        }
	    ]
	}
	{ npm_package_sources:
	   [ { name: '@azure/web-pubsub-client-protobuf@1.0.0-beta.1' } ] }
	=== Install npm packages ===
	
	Start to install npm package @azure/web-pubsub-client-protobuf@1.0.0-beta.1.
	Finished to install npm package @azure/web-pubsub-client-protobuf@1.0.0-beta.1.
	current package: @azure/web-pubsub-client-protobuf
	current version is : 1.0.0-beta.1
	=== generate yml files for @azure/web-pubsub-client-protobuf ===
	
	run typedoc in ./node_modules/@azure/web-pubsub-client-protobuf: 
	$ typedoc types --json api.json --module commonjs --includeDeclarations --ignoreCompilerErrors --excludeExternals --stripInternal
	
	run type2docfx in /: 
	$ type2docfx ./node_modules/@azure/web-pubsub-client-protobuf/api.json /workdir/out/docs-ref-autogen/@azure/web-pubsub-client-protobuf
	{ Error: Command failed: type2docfx ./node_modules/@azure/web-pubsub-client-protobuf/api.json /workdir/out/docs-ref-autogen/@azure/web-pubsub-client-protobuf
	    at checkExecSyncError (child_process.js:629:11)
	    at Object.execSync (child_process.js:666:13)
	    at TSProcessor.generate (/nodejs/JavaScriptTypeScript/dist/DocProcessor.js:38:23)
	    at FlattenCoreProcessor.generateSinglePackage (/nodejs/JavaScriptTypeScript/dist/CoreProcessor.js:161:55)
	    at FlattenCoreProcessor.generateFromNpmPakcage (/nodejs/JavaScriptTypeScript/dist/CoreProcessor.js:119:18)
	    at FlattenCoreProcessor.generatePacakge (/nodejs/JavaScriptTypeScript/dist/CoreProcessor.js:104:18)
	    at FlattenCoreProcessor.BaseCoreProcessor.generate (/nodejs/JavaScriptTypeScript/dist/CoreProcessor.js:56:19)
	    at Object.<anonymous> (/nodejs/JavaScriptTypeScript/dist/main.js:20:15)
	    at Module._compile (internal/modules/cjs/loader.js:778:30)
	    at Object.Module._extensions..js (internal/modules/cjs/loader.js:789:10)
	  status: 1,
	  signal: null,
	  output: [ null, null, null ],
	  pid: 71,
	  stdout: null,
	  stderr: null }
Removed @azure/loganalytics@1.0.0-beta.1 because of docs package validation failure on 2023-06-06 22:25 +00:00
	Hi from ReferenceAutomation for JavaScript
	{
	    "npm_package_sources": [
	        {
	            "name": "@azure/loganalytics@1.0.0-beta.1"
	        }
	    ]
	}
	{ npm_package_sources: [ { name: '@azure/loganalytics@1.0.0-beta.1' } ] }
	=== Install npm packages ===
	
	Start to install npm package @azure/loganalytics@1.0.0-beta.1.
	[User Error]: Failed to install npm package @azure/loganalytics@1.0.0-beta.1 with command: 
		npm install @azure/loganalytics@1.0.0-beta.1 --prefix . 2>&1
Removed @azure/web-pubsub-client-protobuf@1.0.0-beta.1 because of docs package validation failure on 2023-06-06 22:25 +00:00
	Hi from ReferenceAutomation for JavaScript
	{
	    "npm_package_sources": [
	        {
	            "name": "@azure/web-pubsub-client-protobuf@1.0.0-beta.1"
	        }
	    ]
	}
	{ npm_package_sources:
	   [ { name: '@azure/web-pubsub-client-protobuf@1.0.0-beta.1' } ] }
	=== Install npm packages ===
	
	Start to install npm package @azure/web-pubsub-client-protobuf@1.0.0-beta.1.
	Finished to install npm package @azure/web-pubsub-client-protobuf@1.0.0-beta.1.
	current package: @azure/web-pubsub-client-protobuf
	current version is : 1.0.0-beta.1
	=== generate yml files for @azure/web-pubsub-client-protobuf ===
	
	run typedoc in ./node_modules/@azure/web-pubsub-client-protobuf: 
	$ typedoc types --json api.json --module commonjs --includeDeclarations --ignoreCompilerErrors --excludeExternals --stripInternal
	
	run type2docfx in /: 
	$ type2docfx ./node_modules/@azure/web-pubsub-client-protobuf/api.json /workdir/out/docs-ref-autogen/@azure/web-pubsub-client-protobuf
	{ Error: Command failed: type2docfx ./node_modules/@azure/web-pubsub-client-protobuf/api.json /workdir/out/docs-ref-autogen/@azure/web-pubsub-client-protobuf
	    at checkExecSyncError (child_process.js:629:11)
	    at Object.execSync (child_process.js:666:13)
	    at TSProcessor.generate (/nodejs/JavaScriptTypeScript/dist/DocProcessor.js:38:23)
	    at FlattenCoreProcessor.generateSinglePackage (/nodejs/JavaScriptTypeScript/dist/CoreProcessor.js:161:55)
	    at FlattenCoreProcessor.generateFromNpmPakcage (/nodejs/JavaScriptTypeScript/dist/CoreProcessor.js:119:18)
	    at FlattenCoreProcessor.generatePacakge (/nodejs/JavaScriptTypeScript/dist/CoreProcessor.js:104:18)
	    at FlattenCoreProcessor.BaseCoreProcessor.generate (/nodejs/JavaScriptTypeScript/dist/CoreProcessor.js:56:19)
	    at Object.<anonymous> (/nodejs/JavaScriptTypeScript/dist/main.js:20:15)
	    at Module._compile (internal/modules/cjs/loader.js:778:30)
	    at Object.Module._extensions..js (internal/modules/cjs/loader.js:789:10)
	  status: 1,
	  signal: null,
	  output: [ null, null, null ],
	  pid: 73,
	  stdout: null,
	  stderr: null }
Removed @azure/loganalytics@1.0.0-beta.1 because of docs package validation failure on 2023-06-13 17:55 +00:00
	Hi from ReferenceAutomation for JavaScript
	{
	    "npm_package_sources": [
	        {
	            "name": "@azure/loganalytics@1.0.0-beta.1"
	        }
	    ]
	}
	{ npm_package_sources: [ { name: '@azure/loganalytics@1.0.0-beta.1' } ] }
	=== Install npm packages ===
	
	Start to install npm package @azure/loganalytics@1.0.0-beta.1.
	[User Error]: Failed to install npm package @azure/loganalytics@1.0.0-beta.1 with command: 
		npm install @azure/loganalytics@1.0.0-beta.1 --prefix . 2>&1
Removed @azure/web-pubsub-client-protobuf@1.0.0-beta.1 because of docs package validation failure on 2023-06-13 17:55 +00:00
	Hi from ReferenceAutomation for JavaScript
	{
	    "npm_package_sources": [
	        {
	            "name": "@azure/web-pubsub-client-protobuf@1.0.0-beta.1"
	        }
	    ]
	}
	{ npm_package_sources:
	   [ { name: '@azure/web-pubsub-client-protobuf@1.0.0-beta.1' } ] }
	=== Install npm packages ===
	
	Start to install npm package @azure/web-pubsub-client-protobuf@1.0.0-beta.1.
	Finished to install npm package @azure/web-pubsub-client-protobuf@1.0.0-beta.1.
	current package: @azure/web-pubsub-client-protobuf
	current version is : 1.0.0-beta.1
	=== generate yml files for @azure/web-pubsub-client-protobuf ===
	
	run typedoc in ./node_modules/@azure/web-pubsub-client-protobuf: 
	$ typedoc types --json api.json --module commonjs --includeDeclarations --ignoreCompilerErrors --excludeExternals --stripInternal
	
	run type2docfx in /: 
	$ type2docfx ./node_modules/@azure/web-pubsub-client-protobuf/api.json /workdir/out/docs-ref-autogen/@azure/web-pubsub-client-protobuf
	{ Error: Command failed: type2docfx ./node_modules/@azure/web-pubsub-client-protobuf/api.json /workdir/out/docs-ref-autogen/@azure/web-pubsub-client-protobuf
	    at checkExecSyncError (child_process.js:629:11)
	    at Object.execSync (child_process.js:666:13)
	    at TSProcessor.generate (/nodejs/JavaScriptTypeScript/dist/DocProcessor.js:38:23)
	    at FlattenCoreProcessor.generateSinglePackage (/nodejs/JavaScriptTypeScript/dist/CoreProcessor.js:161:55)
	    at FlattenCoreProcessor.generateFromNpmPakcage (/nodejs/JavaScriptTypeScript/dist/CoreProcessor.js:119:18)
	    at FlattenCoreProcessor.generatePacakge (/nodejs/JavaScriptTypeScript/dist/CoreProcessor.js:104:18)
	    at FlattenCoreProcessor.BaseCoreProcessor.generate (/nodejs/JavaScriptTypeScript/dist/CoreProcessor.js:56:19)
	    at Object.<anonymous> (/nodejs/JavaScriptTypeScript/dist/main.js:20:15)
	    at Module._compile (internal/modules/cjs/loader.js:778:30)
	    at Object.Module._extensions..js (internal/modules/cjs/loader.js:789:10)
	  status: 1,
	  signal: null,
	  output: [ null, null, null ],
	  pid: 72,
	  stdout: null,
	  stderr: null }
Removed @azure/web-pubsub-client-protobuf@1.0.0-beta.1 because of docs package validation failure on 2023-06-13 23:17 +00:00
	Hi from ReferenceAutomation for JavaScript
	{
	    "npm_package_sources": [
	        {
	            "name": "@azure/web-pubsub-client-protobuf@1.0.0-beta.1"
	        }
	    ]
	}
	{ npm_package_sources:
	   [ { name: '@azure/web-pubsub-client-protobuf@1.0.0-beta.1' } ] }
	=== Install npm packages ===
	
	Start to install npm package @azure/web-pubsub-client-protobuf@1.0.0-beta.1.
	Finished to install npm package @azure/web-pubsub-client-protobuf@1.0.0-beta.1.
	current package: @azure/web-pubsub-client-protobuf
	current version is : 1.0.0-beta.1
	=== generate yml files for @azure/web-pubsub-client-protobuf ===
	
	run typedoc in ./node_modules/@azure/web-pubsub-client-protobuf: 
	$ typedoc types --json api.json --module commonjs --includeDeclarations --ignoreCompilerErrors --excludeExternals --stripInternal
	
	run type2docfx in /: 
	$ type2docfx ./node_modules/@azure/web-pubsub-client-protobuf/api.json /workdir/out/docs-ref-autogen/@azure/web-pubsub-client-protobuf
	{ Error: Command failed: type2docfx ./node_modules/@azure/web-pubsub-client-protobuf/api.json /workdir/out/docs-ref-autogen/@azure/web-pubsub-client-protobuf
	    at checkExecSyncError (child_process.js:629:11)
	    at Object.execSync (child_process.js:666:13)
	    at TSProcessor.generate (/nodejs/JavaScriptTypeScript/dist/DocProcessor.js:38:23)
	    at FlattenCoreProcessor.generateSinglePackage (/nodejs/JavaScriptTypeScript/dist/CoreProcessor.js:161:55)
	    at FlattenCoreProcessor.generateFromNpmPakcage (/nodejs/JavaScriptTypeScript/dist/CoreProcessor.js:119:18)
	    at FlattenCoreProcessor.generatePacakge (/nodejs/JavaScriptTypeScript/dist/CoreProcessor.js:104:18)
	    at FlattenCoreProcessor.BaseCoreProcessor.generate (/nodejs/JavaScriptTypeScript/dist/CoreProcessor.js:56:19)
	    at Object.<anonymous> (/nodejs/JavaScriptTypeScript/dist/main.js:20:15)
	    at Module._compile (internal/modules/cjs/loader.js:778:30)
	    at Object.Module._extensions..js (internal/modules/cjs/loader.js:789:10)
	  status: 1,
	  signal: null,
	  output: [ null, null, null ],
	  pid: 72,
	  stdout: null,
	  stderr: null }
Removed @azure/loganalytics@1.0.0-beta.1 because of docs package validation failure on 2023-06-13 23:17 +00:00
	Hi from ReferenceAutomation for JavaScript
	{
	    "npm_package_sources": [
	        {
	            "name": "@azure/loganalytics@1.0.0-beta.1"
	        }
	    ]
	}
	{ npm_package_sources: [ { name: '@azure/loganalytics@1.0.0-beta.1' } ] }
	=== Install npm packages ===
	
	Start to install npm package @azure/loganalytics@1.0.0-beta.1.
	[User Error]: Failed to install npm package @azure/loganalytics@1.0.0-beta.1 with command: 
		npm install @azure/loganalytics@1.0.0-beta.1 --prefix . 2>&1
Removed @azure/loganalytics@1.0.0-beta.1 because of docs package validation failure on 2023-06-14 23:19 +00:00
	Hi from ReferenceAutomation for JavaScript
	{
	    "npm_package_sources": [
	        {
	            "name": "@azure/loganalytics@1.0.0-beta.1"
	        }
	    ]
	}
	{ npm_package_sources: [ { name: '@azure/loganalytics@1.0.0-beta.1' } ] }
	=== Install npm packages ===
	
	Start to install npm package @azure/loganalytics@1.0.0-beta.1.
	[User Error]: Failed to install npm package @azure/loganalytics@1.0.0-beta.1 with command: 
		npm install @azure/loganalytics@1.0.0-beta.1 --prefix . 2>&1
Removed @azure/web-pubsub-client-protobuf@1.0.0-beta.1 because of docs package validation failure on 2023-06-14 23:19 +00:00
	Hi from ReferenceAutomation for JavaScript
	{
	    "npm_package_sources": [
	        {
	            "name": "@azure/web-pubsub-client-protobuf@1.0.0-beta.1"
	        }
	    ]
	}
	{ npm_package_sources:
	   [ { name: '@azure/web-pubsub-client-protobuf@1.0.0-beta.1' } ] }
	=== Install npm packages ===
	
	Start to install npm package @azure/web-pubsub-client-protobuf@1.0.0-beta.1.
	Finished to install npm package @azure/web-pubsub-client-protobuf@1.0.0-beta.1.
	current package: @azure/web-pubsub-client-protobuf
	current version is : 1.0.0-beta.1
	=== generate yml files for @azure/web-pubsub-client-protobuf ===
	
	run typedoc in ./node_modules/@azure/web-pubsub-client-protobuf: 
	$ typedoc types --json api.json --module commonjs --includeDeclarations --ignoreCompilerErrors --excludeExternals --stripInternal
	
	run type2docfx in /: 
	$ type2docfx ./node_modules/@azure/web-pubsub-client-protobuf/api.json /workdir/out/docs-ref-autogen/@azure/web-pubsub-client-protobuf
	{ Error: Command failed: type2docfx ./node_modules/@azure/web-pubsub-client-protobuf/api.json /workdir/out/docs-ref-autogen/@azure/web-pubsub-client-protobuf
	    at checkExecSyncError (child_process.js:629:11)
	    at Object.execSync (child_process.js:666:13)
	    at TSProcessor.generate (/nodejs/JavaScriptTypeScript/dist/DocProcessor.js:38:23)
	    at FlattenCoreProcessor.generateSinglePackage (/nodejs/JavaScriptTypeScript/dist/CoreProcessor.js:161:55)
	    at FlattenCoreProcessor.generateFromNpmPakcage (/nodejs/JavaScriptTypeScript/dist/CoreProcessor.js:119:18)
	    at FlattenCoreProcessor.generatePacakge (/nodejs/JavaScriptTypeScript/dist/CoreProcessor.js:104:18)
	    at FlattenCoreProcessor.BaseCoreProcessor.generate (/nodejs/JavaScriptTypeScript/dist/CoreProcessor.js:56:19)
	    at Object.<anonymous> (/nodejs/JavaScriptTypeScript/dist/main.js:20:15)
	    at Module._compile (internal/modules/cjs/loader.js:778:30)
	    at Object.Module._extensions..js (internal/modules/cjs/loader.js:789:10)
	  status: 1,
	  signal: null,
	  output: [ null, null, null ],
	  pid: 72,
	  stdout: null,
	  stderr: null }
Removed @azure/loganalytics@1.0.0-beta.1 because of docs package validation failure on 2023-06-15 23:18 +00:00
	Hi from ReferenceAutomation for JavaScript
	{
	    "npm_package_sources": [
	        {
	            "name": "@azure/loganalytics@1.0.0-beta.1"
	        }
	    ]
	}
	{ npm_package_sources: [ { name: '@azure/loganalytics@1.0.0-beta.1' } ] }
	=== Install npm packages ===
	
	Start to install npm package @azure/loganalytics@1.0.0-beta.1.
	[User Error]: Failed to install npm package @azure/loganalytics@1.0.0-beta.1 with command: 
		npm install @azure/loganalytics@1.0.0-beta.1 --prefix . 2>&1
Removed @azure/web-pubsub-client-protobuf@1.0.0-beta.1 because of docs package validation failure on 2023-06-15 23:18 +00:00
	Hi from ReferenceAutomation for JavaScript
	{
	    "npm_package_sources": [
	        {
	            "name": "@azure/web-pubsub-client-protobuf@1.0.0-beta.1"
	        }
	    ]
	}
	{ npm_package_sources:
	   [ { name: '@azure/web-pubsub-client-protobuf@1.0.0-beta.1' } ] }
	=== Install npm packages ===
	
	Start to install npm package @azure/web-pubsub-client-protobuf@1.0.0-beta.1.
	Finished to install npm package @azure/web-pubsub-client-protobuf@1.0.0-beta.1.
	current package: @azure/web-pubsub-client-protobuf
	current version is : 1.0.0-beta.1
	=== generate yml files for @azure/web-pubsub-client-protobuf ===
	
	run typedoc in ./node_modules/@azure/web-pubsub-client-protobuf: 
	$ typedoc types --json api.json --module commonjs --includeDeclarations --ignoreCompilerErrors --excludeExternals --stripInternal
	
	run type2docfx in /: 
	$ type2docfx ./node_modules/@azure/web-pubsub-client-protobuf/api.json /workdir/out/docs-ref-autogen/@azure/web-pubsub-client-protobuf
	{ Error: Command failed: type2docfx ./node_modules/@azure/web-pubsub-client-protobuf/api.json /workdir/out/docs-ref-autogen/@azure/web-pubsub-client-protobuf
	    at checkExecSyncError (child_process.js:629:11)
	    at Object.execSync (child_process.js:666:13)
	    at TSProcessor.generate (/nodejs/JavaScriptTypeScript/dist/DocProcessor.js:38:23)
	    at FlattenCoreProcessor.generateSinglePackage (/nodejs/JavaScriptTypeScript/dist/CoreProcessor.js:161:55)
	    at FlattenCoreProcessor.generateFromNpmPakcage (/nodejs/JavaScriptTypeScript/dist/CoreProcessor.js:119:18)
	    at FlattenCoreProcessor.generatePacakge (/nodejs/JavaScriptTypeScript/dist/CoreProcessor.js:104:18)
	    at FlattenCoreProcessor.BaseCoreProcessor.generate (/nodejs/JavaScriptTypeScript/dist/CoreProcessor.js:56:19)
	    at Object.<anonymous> (/nodejs/JavaScriptTypeScript/dist/main.js:20:15)
	    at Module._compile (internal/modules/cjs/loader.js:778:30)
	    at Object.Module._extensions..js (internal/modules/cjs/loader.js:789:10)
	  status: 1,
	  signal: null,
	  output: [ null, null, null ],
	  pid: 73,
	  stdout: null,
	  stderr: null }
Removed @azure/loganalytics@1.0.0-beta.1 because of docs package validation failure on 2023-06-16 23:15 +00:00
	Hi from ReferenceAutomation for JavaScript
	{
	    "npm_package_sources": [
	        {
	            "name": "@azure/loganalytics@1.0.0-beta.1"
	        }
	    ]
	}
	{ npm_package_sources: [ { name: '@azure/loganalytics@1.0.0-beta.1' } ] }
	=== Install npm packages ===
	
	Start to install npm package @azure/loganalytics@1.0.0-beta.1.
	[User Error]: Failed to install npm package @azure/loganalytics@1.0.0-beta.1 with command: 
		npm install @azure/loganalytics@1.0.0-beta.1 --prefix . 2>&1
Removed @azure/web-pubsub-client-protobuf@1.0.0-beta.1 because of docs package validation failure on 2023-06-16 23:15 +00:00
	Hi from ReferenceAutomation for JavaScript
	{
	    "npm_package_sources": [
	        {
	            "name": "@azure/web-pubsub-client-protobuf@1.0.0-beta.1"
	        }
	    ]
	}
	{ npm_package_sources:
	   [ { name: '@azure/web-pubsub-client-protobuf@1.0.0-beta.1' } ] }
	=== Install npm packages ===
	
	Start to install npm package @azure/web-pubsub-client-protobuf@1.0.0-beta.1.
	Finished to install npm package @azure/web-pubsub-client-protobuf@1.0.0-beta.1.
	current package: @azure/web-pubsub-client-protobuf
	current version is : 1.0.0-beta.1
	=== generate yml files for @azure/web-pubsub-client-protobuf ===
	
	run typedoc in ./node_modules/@azure/web-pubsub-client-protobuf: 
	$ typedoc types --json api.json --module commonjs --includeDeclarations --ignoreCompilerErrors --excludeExternals --stripInternal
	
	run type2docfx in /: 
	$ type2docfx ./node_modules/@azure/web-pubsub-client-protobuf/api.json /workdir/out/docs-ref-autogen/@azure/web-pubsub-client-protobuf
	{ Error: Command failed: type2docfx ./node_modules/@azure/web-pubsub-client-protobuf/api.json /workdir/out/docs-ref-autogen/@azure/web-pubsub-client-protobuf
	    at checkExecSyncError (child_process.js:629:11)
	    at Object.execSync (child_process.js:666:13)
	    at TSProcessor.generate (/nodejs/JavaScriptTypeScript/dist/DocProcessor.js:38:23)
	    at FlattenCoreProcessor.generateSinglePackage (/nodejs/JavaScriptTypeScript/dist/CoreProcessor.js:161:55)
	    at FlattenCoreProcessor.generateFromNpmPakcage (/nodejs/JavaScriptTypeScript/dist/CoreProcessor.js:119:18)
	    at FlattenCoreProcessor.generatePacakge (/nodejs/JavaScriptTypeScript/dist/CoreProcessor.js:104:18)
	    at FlattenCoreProcessor.BaseCoreProcessor.generate (/nodejs/JavaScriptTypeScript/dist/CoreProcessor.js:56:19)
	    at Object.<anonymous> (/nodejs/JavaScriptTypeScript/dist/main.js:20:15)
	    at Module._compile (internal/modules/cjs/loader.js:778:30)
	    at Object.Module._extensions..js (internal/modules/cjs/loader.js:789:10)
	  status: 1,
	  signal: null,
	  output: [ null, null, null ],
	  pid: 71,
	  stdout: null,
	  stderr: null }
Removed @azure/web-pubsub-client-protobuf@1.0.0-beta.1 because of docs package validation failure on 2023-06-19 23:19 +00:00
	Hi from ReferenceAutomation for JavaScript
	{
	    "npm_package_sources": [
	        {
	            "name": "@azure/web-pubsub-client-protobuf@1.0.0-beta.1"
	        }
	    ]
	}
	{ npm_package_sources:
	   [ { name: '@azure/web-pubsub-client-protobuf@1.0.0-beta.1' } ] }
	=== Install npm packages ===
	
	Start to install npm package @azure/web-pubsub-client-protobuf@1.0.0-beta.1.
	Finished to install npm package @azure/web-pubsub-client-protobuf@1.0.0-beta.1.
	current package: @azure/web-pubsub-client-protobuf
	current version is : 1.0.0-beta.1
	=== generate yml files for @azure/web-pubsub-client-protobuf ===
	
	run typedoc in ./node_modules/@azure/web-pubsub-client-protobuf: 
	$ typedoc types --json api.json --module commonjs --includeDeclarations --ignoreCompilerErrors --excludeExternals --stripInternal
	
	run type2docfx in /: 
	$ type2docfx ./node_modules/@azure/web-pubsub-client-protobuf/api.json /workdir/out/docs-ref-autogen/@azure/web-pubsub-client-protobuf
	{ Error: Command failed: type2docfx ./node_modules/@azure/web-pubsub-client-protobuf/api.json /workdir/out/docs-ref-autogen/@azure/web-pubsub-client-protobuf
	    at checkExecSyncError (child_process.js:629:11)
	    at Object.execSync (child_process.js:666:13)
	    at TSProcessor.generate (/nodejs/JavaScriptTypeScript/dist/DocProcessor.js:38:23)
	    at FlattenCoreProcessor.generateSinglePackage (/nodejs/JavaScriptTypeScript/dist/CoreProcessor.js:161:55)
	    at FlattenCoreProcessor.generateFromNpmPakcage (/nodejs/JavaScriptTypeScript/dist/CoreProcessor.js:119:18)
	    at FlattenCoreProcessor.generatePacakge (/nodejs/JavaScriptTypeScript/dist/CoreProcessor.js:104:18)
	    at FlattenCoreProcessor.BaseCoreProcessor.generate (/nodejs/JavaScriptTypeScript/dist/CoreProcessor.js:56:19)
	    at Object.<anonymous> (/nodejs/JavaScriptTypeScript/dist/main.js:20:15)
	    at Module._compile (internal/modules/cjs/loader.js:778:30)
	    at Object.Module._extensions..js (internal/modules/cjs/loader.js:789:10)
	  status: 1,
	  signal: null,
	  output: [ null, null, null ],
	  pid: 73,
	  stdout: null,
	  stderr: null }
Removed @azure/loganalytics@1.0.0-beta.1 because of docs package validation failure on 2023-06-19 23:19 +00:00
	Hi from ReferenceAutomation for JavaScript
	{
	    "npm_package_sources": [
	        {
	            "name": "@azure/loganalytics@1.0.0-beta.1"
	        }
	    ]
	}
	{ npm_package_sources: [ { name: '@azure/loganalytics@1.0.0-beta.1' } ] }
	=== Install npm packages ===
	
	Start to install npm package @azure/loganalytics@1.0.0-beta.1.
	[User Error]: Failed to install npm package @azure/loganalytics@1.0.0-beta.1 with command: 
		npm install @azure/loganalytics@1.0.0-beta.1 --prefix . 2>&1
Removed @azure/web-pubsub-client-protobuf@1.0.0-beta.1 because of docs package validation failure on 2023-06-20 23:24 +00:00
	Hi from ReferenceAutomation for JavaScript
	{
	    "npm_package_sources": [
	        {
	            "name": "@azure/web-pubsub-client-protobuf@1.0.0-beta.1"
	        }
	    ]
	}
	{ npm_package_sources:
	   [ { name: '@azure/web-pubsub-client-protobuf@1.0.0-beta.1' } ] }
	=== Install npm packages ===
	
	Start to install npm package @azure/web-pubsub-client-protobuf@1.0.0-beta.1.
	Finished to install npm package @azure/web-pubsub-client-protobuf@1.0.0-beta.1.
	current package: @azure/web-pubsub-client-protobuf
	current version is : 1.0.0-beta.1
	=== generate yml files for @azure/web-pubsub-client-protobuf ===
	
	run typedoc in ./node_modules/@azure/web-pubsub-client-protobuf: 
	$ typedoc types --json api.json --module commonjs --includeDeclarations --ignoreCompilerErrors --excludeExternals --stripInternal
	
	run type2docfx in /: 
	$ type2docfx ./node_modules/@azure/web-pubsub-client-protobuf/api.json /workdir/out/docs-ref-autogen/@azure/web-pubsub-client-protobuf
	{ Error: Command failed: type2docfx ./node_modules/@azure/web-pubsub-client-protobuf/api.json /workdir/out/docs-ref-autogen/@azure/web-pubsub-client-protobuf
	    at checkExecSyncError (child_process.js:629:11)
	    at Object.execSync (child_process.js:666:13)
	    at TSProcessor.generate (/nodejs/JavaScriptTypeScript/dist/DocProcessor.js:38:23)
	    at FlattenCoreProcessor.generateSinglePackage (/nodejs/JavaScriptTypeScript/dist/CoreProcessor.js:161:55)
	    at FlattenCoreProcessor.generateFromNpmPakcage (/nodejs/JavaScriptTypeScript/dist/CoreProcessor.js:119:18)
	    at FlattenCoreProcessor.generatePacakge (/nodejs/JavaScriptTypeScript/dist/CoreProcessor.js:104:18)
	    at FlattenCoreProcessor.BaseCoreProcessor.generate (/nodejs/JavaScriptTypeScript/dist/CoreProcessor.js:56:19)
	    at Object.<anonymous> (/nodejs/JavaScriptTypeScript/dist/main.js:20:15)
	    at Module._compile (internal/modules/cjs/loader.js:778:30)
	    at Object.Module._extensions..js (internal/modules/cjs/loader.js:789:10)
	  status: 1,
	  signal: null,
	  output: [ null, null, null ],
	  pid: 73,
	  stdout: null,
	  stderr: null }
Removed @azure/web-pubsub-client-protobuf@1.0.0-beta.1 because of docs package validation failure on 2023-06-21 23:18 +00:00
	Hi from ReferenceAutomation for JavaScript
	{
	    "npm_package_sources": [
	        {
	            "name": "@azure/web-pubsub-client-protobuf@1.0.0-beta.1"
	        }
	    ]
	}
	{ npm_package_sources:
	   [ { name: '@azure/web-pubsub-client-protobuf@1.0.0-beta.1' } ] }
	=== Install npm packages ===
	
	Start to install npm package @azure/web-pubsub-client-protobuf@1.0.0-beta.1.
	Finished to install npm package @azure/web-pubsub-client-protobuf@1.0.0-beta.1.
	current package: @azure/web-pubsub-client-protobuf
	current version is : 1.0.0-beta.1
	=== generate yml files for @azure/web-pubsub-client-protobuf ===
	
	run typedoc in ./node_modules/@azure/web-pubsub-client-protobuf: 
	$ typedoc types --json api.json --module commonjs --includeDeclarations --ignoreCompilerErrors --excludeExternals --stripInternal
	
	run type2docfx in /: 
	$ type2docfx ./node_modules/@azure/web-pubsub-client-protobuf/api.json /workdir/out/docs-ref-autogen/@azure/web-pubsub-client-protobuf
	{ Error: Command failed: type2docfx ./node_modules/@azure/web-pubsub-client-protobuf/api.json /workdir/out/docs-ref-autogen/@azure/web-pubsub-client-protobuf
	    at checkExecSyncError (child_process.js:629:11)
	    at Object.execSync (child_process.js:666:13)
	    at TSProcessor.generate (/nodejs/JavaScriptTypeScript/dist/DocProcessor.js:38:23)
	    at FlattenCoreProcessor.generateSinglePackage (/nodejs/JavaScriptTypeScript/dist/CoreProcessor.js:161:55)
	    at FlattenCoreProcessor.generateFromNpmPakcage (/nodejs/JavaScriptTypeScript/dist/CoreProcessor.js:119:18)
	    at FlattenCoreProcessor.generatePacakge (/nodejs/JavaScriptTypeScript/dist/CoreProcessor.js:104:18)
	    at FlattenCoreProcessor.BaseCoreProcessor.generate (/nodejs/JavaScriptTypeScript/dist/CoreProcessor.js:56:19)
	    at Object.<anonymous> (/nodejs/JavaScriptTypeScript/dist/main.js:20:15)
	    at Module._compile (internal/modules/cjs/loader.js:778:30)
	    at Object.Module._extensions..js (internal/modules/cjs/loader.js:789:10)
	  status: 1,
	  signal: null,
	  output: [ null, null, null ],
	  pid: 72,
	  stdout: null,
	  stderr: null }
Removed @azure/arm-devtestlabs@4.0.0-beta.1 because of docs package validation failure on 2023-06-22 23:23 +00:00
	Hi from ReferenceAutomation for JavaScript
	{
	    "npm_package_sources": [
	        {
	            "name": "@azure/arm-devtestlabs@4.0.0-beta.1"
	        }
	    ]
	}
	{ npm_package_sources: [ { name: '@azure/arm-devtestlabs@4.0.0-beta.1' } ] }
	=== Install npm packages ===
	
	Start to install npm package @azure/arm-devtestlabs@4.0.0-beta.1.
	Finished to install npm package @azure/arm-devtestlabs@4.0.0-beta.1.
	current package: @azure/arm-devtestlabs
	current version is : 4.0.0-beta.1
	=== generate yml files for @azure/arm-devtestlabs ===
	
	run typedoc in ./node_modules/@azure/arm-devtestlabs: 
	$ typedoc ./types --json api.json --module commonjs --includeDeclarations --ignoreCompilerErrors --excludeExternals --stripInternal
	
	run type2docfx in /: 
	$ type2docfx ./node_modules/@azure/arm-devtestlabs/api.json /workdir/out/docs-ref-autogen/@azure/arm-devtestlabs
	
	Finished to generated yml files and save in /workdir/out/docs-ref-autogen
Removed @azure/web-pubsub-client-protobuf@1.0.0-beta.1 because of docs package validation failure on 2023-06-22 23:23 +00:00
	Hi from ReferenceAutomation for JavaScript
	{
	    "npm_package_sources": [
	        {
	            "name": "@azure/web-pubsub-client-protobuf@1.0.0-beta.1"
	        }
	    ]
	}
	{ npm_package_sources:
	   [ { name: '@azure/web-pubsub-client-protobuf@1.0.0-beta.1' } ] }
	=== Install npm packages ===
	
	Start to install npm package @azure/web-pubsub-client-protobuf@1.0.0-beta.1.
	Finished to install npm package @azure/web-pubsub-client-protobuf@1.0.0-beta.1.
	current package: @azure/web-pubsub-client-protobuf
	current version is : 1.0.0-beta.1
	=== generate yml files for @azure/web-pubsub-client-protobuf ===
	
	run typedoc in ./node_modules/@azure/web-pubsub-client-protobuf: 
	$ typedoc types --json api.json --module commonjs --includeDeclarations --ignoreCompilerErrors --excludeExternals --stripInternal
	
	run type2docfx in /: 
	$ type2docfx ./node_modules/@azure/web-pubsub-client-protobuf/api.json /workdir/out/docs-ref-autogen/@azure/web-pubsub-client-protobuf
	{ Error: Command failed: type2docfx ./node_modules/@azure/web-pubsub-client-protobuf/api.json /workdir/out/docs-ref-autogen/@azure/web-pubsub-client-protobuf
	    at checkExecSyncError (child_process.js:629:11)
	    at Object.execSync (child_process.js:666:13)
	    at TSProcessor.generate (/nodejs/JavaScriptTypeScript/dist/DocProcessor.js:38:23)
	    at FlattenCoreProcessor.generateSinglePackage (/nodejs/JavaScriptTypeScript/dist/CoreProcessor.js:161:55)
	    at FlattenCoreProcessor.generateFromNpmPakcage (/nodejs/JavaScriptTypeScript/dist/CoreProcessor.js:119:18)
	    at FlattenCoreProcessor.generatePacakge (/nodejs/JavaScriptTypeScript/dist/CoreProcessor.js:104:18)
	    at FlattenCoreProcessor.BaseCoreProcessor.generate (/nodejs/JavaScriptTypeScript/dist/CoreProcessor.js:56:19)
	    at Object.<anonymous> (/nodejs/JavaScriptTypeScript/dist/main.js:20:15)
	    at Module._compile (internal/modules/cjs/loader.js:778:30)
	    at Object.Module._extensions..js (internal/modules/cjs/loader.js:789:10)
	  status: 1,
	  signal: null,
	  output: [ null, null, null ],
	  pid: 73,
	  stdout: null,
	  stderr: null }
Removed @azure/web-pubsub-client-protobuf@1.0.0-beta.1 because of docs package validation failure on 2023-06-23 23:15 +00:00
	Hi from ReferenceAutomation for JavaScript
	{
	    "npm_package_sources": [
	        {
	            "name": "@azure/web-pubsub-client-protobuf@1.0.0-beta.1"
	        }
	    ]
	}
	{ npm_package_sources:
	   [ { name: '@azure/web-pubsub-client-protobuf@1.0.0-beta.1' } ] }
	=== Install npm packages ===
	
	Start to install npm package @azure/web-pubsub-client-protobuf@1.0.0-beta.1.
	Finished to install npm package @azure/web-pubsub-client-protobuf@1.0.0-beta.1.
	current package: @azure/web-pubsub-client-protobuf
	current version is : 1.0.0-beta.1
	=== generate yml files for @azure/web-pubsub-client-protobuf ===
	
	run typedoc in ./node_modules/@azure/web-pubsub-client-protobuf: 
	$ typedoc types --json api.json --module commonjs --includeDeclarations --ignoreCompilerErrors --excludeExternals --stripInternal
	
	run type2docfx in /: 
	$ type2docfx ./node_modules/@azure/web-pubsub-client-protobuf/api.json /workdir/out/docs-ref-autogen/@azure/web-pubsub-client-protobuf
	{ Error: Command failed: type2docfx ./node_modules/@azure/web-pubsub-client-protobuf/api.json /workdir/out/docs-ref-autogen/@azure/web-pubsub-client-protobuf
	    at checkExecSyncError (child_process.js:629:11)
	    at Object.execSync (child_process.js:666:13)
	    at TSProcessor.generate (/nodejs/JavaScriptTypeScript/dist/DocProcessor.js:38:23)
	    at FlattenCoreProcessor.generateSinglePackage (/nodejs/JavaScriptTypeScript/dist/CoreProcessor.js:161:55)
	    at FlattenCoreProcessor.generateFromNpmPakcage (/nodejs/JavaScriptTypeScript/dist/CoreProcessor.js:119:18)
	    at FlattenCoreProcessor.generatePacakge (/nodejs/JavaScriptTypeScript/dist/CoreProcessor.js:104:18)
	    at FlattenCoreProcessor.BaseCoreProcessor.generate (/nodejs/JavaScriptTypeScript/dist/CoreProcessor.js:56:19)
	    at Object.<anonymous> (/nodejs/JavaScriptTypeScript/dist/main.js:20:15)
	    at Module._compile (internal/modules/cjs/loader.js:778:30)
	    at Object.Module._extensions..js (internal/modules/cjs/loader.js:789:10)
	  status: 1,
	  signal: null,
	  output: [ null, null, null ],
	  pid: 73,
	  stdout: null,
	  stderr: null }
Removed @azure/web-pubsub-client-protobuf@1.0.0-beta.1 because of docs package validation failure on 2023-06-26 23:19 +00:00
	Hi from ReferenceAutomation for JavaScript
	{
	    "npm_package_sources": [
	        {
	            "name": "@azure/web-pubsub-client-protobuf@1.0.0-beta.1"
	        }
	    ]
	}
	{ npm_package_sources:
	   [ { name: '@azure/web-pubsub-client-protobuf@1.0.0-beta.1' } ] }
	=== Install npm packages ===
	
	Start to install npm package @azure/web-pubsub-client-protobuf@1.0.0-beta.1.
	Finished to install npm package @azure/web-pubsub-client-protobuf@1.0.0-beta.1.
	current package: @azure/web-pubsub-client-protobuf
	current version is : 1.0.0-beta.1
	=== generate yml files for @azure/web-pubsub-client-protobuf ===
	
	run typedoc in ./node_modules/@azure/web-pubsub-client-protobuf: 
	$ typedoc types --json api.json --module commonjs --includeDeclarations --ignoreCompilerErrors --excludeExternals --stripInternal
	
	run type2docfx in /: 
	$ type2docfx ./node_modules/@azure/web-pubsub-client-protobuf/api.json /workdir/out/docs-ref-autogen/@azure/web-pubsub-client-protobuf
	{ Error: Command failed: type2docfx ./node_modules/@azure/web-pubsub-client-protobuf/api.json /workdir/out/docs-ref-autogen/@azure/web-pubsub-client-protobuf
	    at checkExecSyncError (child_process.js:629:11)
	    at Object.execSync (child_process.js:666:13)
	    at TSProcessor.generate (/nodejs/JavaScriptTypeScript/dist/DocProcessor.js:38:23)
	    at FlattenCoreProcessor.generateSinglePackage (/nodejs/JavaScriptTypeScript/dist/CoreProcessor.js:161:55)
	    at FlattenCoreProcessor.generateFromNpmPakcage (/nodejs/JavaScriptTypeScript/dist/CoreProcessor.js:119:18)
	    at FlattenCoreProcessor.generatePacakge (/nodejs/JavaScriptTypeScript/dist/CoreProcessor.js:104:18)
	    at FlattenCoreProcessor.BaseCoreProcessor.generate (/nodejs/JavaScriptTypeScript/dist/CoreProcessor.js:56:19)
	    at Object.<anonymous> (/nodejs/JavaScriptTypeScript/dist/main.js:20:15)
	    at Module._compile (internal/modules/cjs/loader.js:778:30)
	    at Object.Module._extensions..js (internal/modules/cjs/loader.js:789:10)
	  status: 1,
	  signal: null,
	  output: [ null, null, null ],
	  pid: 73,
	  stdout: null,
	  stderr: null }
Removed @azure/web-pubsub-client-protobuf@1.0.0-beta.1 because of docs package validation failure on 2023-06-27 23:15 +00:00
	Hi from ReferenceAutomation for JavaScript
	{
	    "npm_package_sources": [
	        {
	            "name": "@azure/web-pubsub-client-protobuf@1.0.0-beta.1"
	        }
	    ]
	}
	{ npm_package_sources:
	   [ { name: '@azure/web-pubsub-client-protobuf@1.0.0-beta.1' } ] }
	=== Install npm packages ===
	
	Start to install npm package @azure/web-pubsub-client-protobuf@1.0.0-beta.1.
	Finished to install npm package @azure/web-pubsub-client-protobuf@1.0.0-beta.1.
	current package: @azure/web-pubsub-client-protobuf
	current version is : 1.0.0-beta.1
	=== generate yml files for @azure/web-pubsub-client-protobuf ===
	
	run typedoc in ./node_modules/@azure/web-pubsub-client-protobuf: 
	$ typedoc types --json api.json --module commonjs --includeDeclarations --ignoreCompilerErrors --excludeExternals --stripInternal
	
	run type2docfx in /: 
	$ type2docfx ./node_modules/@azure/web-pubsub-client-protobuf/api.json /workdir/out/docs-ref-autogen/@azure/web-pubsub-client-protobuf
	{ Error: Command failed: type2docfx ./node_modules/@azure/web-pubsub-client-protobuf/api.json /workdir/out/docs-ref-autogen/@azure/web-pubsub-client-protobuf
	    at checkExecSyncError (child_process.js:629:11)
	    at Object.execSync (child_process.js:666:13)
	    at TSProcessor.generate (/nodejs/JavaScriptTypeScript/dist/DocProcessor.js:38:23)
	    at FlattenCoreProcessor.generateSinglePackage (/nodejs/JavaScriptTypeScript/dist/CoreProcessor.js:161:55)
	    at FlattenCoreProcessor.generateFromNpmPakcage (/nodejs/JavaScriptTypeScript/dist/CoreProcessor.js:119:18)
	    at FlattenCoreProcessor.generatePacakge (/nodejs/JavaScriptTypeScript/dist/CoreProcessor.js:104:18)
	    at FlattenCoreProcessor.BaseCoreProcessor.generate (/nodejs/JavaScriptTypeScript/dist/CoreProcessor.js:56:19)
	    at Object.<anonymous> (/nodejs/JavaScriptTypeScript/dist/main.js:20:15)
	    at Module._compile (internal/modules/cjs/loader.js:778:30)
	    at Object.Module._extensions..js (internal/modules/cjs/loader.js:789:10)
	  status: 1,
	  signal: null,
	  output: [ null, null, null ],
	  pid: 72,
	  stdout: null,
	  stderr: null }
Removed @azure/web-pubsub-client-protobuf@1.0.0-beta.1 because of docs package validation failure on 2023-06-28 23:20 +00:00
	Hi from ReferenceAutomation for JavaScript
	{
	    "npm_package_sources": [
	        {
	            "name": "@azure/web-pubsub-client-protobuf@1.0.0-beta.1"
	        }
	    ]
	}
	{ npm_package_sources:
	   [ { name: '@azure/web-pubsub-client-protobuf@1.0.0-beta.1' } ] }
	=== Install npm packages ===
	
	Start to install npm package @azure/web-pubsub-client-protobuf@1.0.0-beta.1.
	Finished to install npm package @azure/web-pubsub-client-protobuf@1.0.0-beta.1.
	current package: @azure/web-pubsub-client-protobuf
	current version is : 1.0.0-beta.1
	=== generate yml files for @azure/web-pubsub-client-protobuf ===
	
	run typedoc in ./node_modules/@azure/web-pubsub-client-protobuf: 
	$ typedoc types --json api.json --module commonjs --includeDeclarations --ignoreCompilerErrors --excludeExternals --stripInternal
	
	run type2docfx in /: 
	$ type2docfx ./node_modules/@azure/web-pubsub-client-protobuf/api.json /workdir/out/docs-ref-autogen/@azure/web-pubsub-client-protobuf
	{ Error: Command failed: type2docfx ./node_modules/@azure/web-pubsub-client-protobuf/api.json /workdir/out/docs-ref-autogen/@azure/web-pubsub-client-protobuf
	    at checkExecSyncError (child_process.js:629:11)
	    at Object.execSync (child_process.js:666:13)
	    at TSProcessor.generate (/nodejs/JavaScriptTypeScript/dist/DocProcessor.js:38:23)
	    at FlattenCoreProcessor.generateSinglePackage (/nodejs/JavaScriptTypeScript/dist/CoreProcessor.js:161:55)
	    at FlattenCoreProcessor.generateFromNpmPakcage (/nodejs/JavaScriptTypeScript/dist/CoreProcessor.js:119:18)
	    at FlattenCoreProcessor.generatePacakge (/nodejs/JavaScriptTypeScript/dist/CoreProcessor.js:104:18)
	    at FlattenCoreProcessor.BaseCoreProcessor.generate (/nodejs/JavaScriptTypeScript/dist/CoreProcessor.js:56:19)
	    at Object.<anonymous> (/nodejs/JavaScriptTypeScript/dist/main.js:20:15)
	    at Module._compile (internal/modules/cjs/loader.js:778:30)
	    at Object.Module._extensions..js (internal/modules/cjs/loader.js:789:10)
	  status: 1,
	  signal: null,
	  output: [ null, null, null ],
	  pid: 73,
	  stdout: null,
	  stderr: null }
Removed @azure/web-pubsub-client-protobuf@1.0.0-beta.1 because of docs package validation failure on 2023-06-29 23:23 +00:00
	Hi from ReferenceAutomation for JavaScript
	{
	    "npm_package_sources": [
	        {
	            "name": "@azure/web-pubsub-client-protobuf@1.0.0-beta.1"
	        }
	    ]
	}
	{ npm_package_sources:
	   [ { name: '@azure/web-pubsub-client-protobuf@1.0.0-beta.1' } ] }
	=== Install npm packages ===
	
	Start to install npm package @azure/web-pubsub-client-protobuf@1.0.0-beta.1.
	Finished to install npm package @azure/web-pubsub-client-protobuf@1.0.0-beta.1.
	current package: @azure/web-pubsub-client-protobuf
	current version is : 1.0.0-beta.1
	=== generate yml files for @azure/web-pubsub-client-protobuf ===
	
	run typedoc in ./node_modules/@azure/web-pubsub-client-protobuf: 
	$ typedoc types --json api.json --module commonjs --includeDeclarations --ignoreCompilerErrors --excludeExternals --stripInternal
	
	run type2docfx in /: 
	$ type2docfx ./node_modules/@azure/web-pubsub-client-protobuf/api.json /workdir/out/docs-ref-autogen/@azure/web-pubsub-client-protobuf
	{ Error: Command failed: type2docfx ./node_modules/@azure/web-pubsub-client-protobuf/api.json /workdir/out/docs-ref-autogen/@azure/web-pubsub-client-protobuf
	    at checkExecSyncError (child_process.js:629:11)
	    at Object.execSync (child_process.js:666:13)
	    at TSProcessor.generate (/nodejs/JavaScriptTypeScript/dist/DocProcessor.js:38:23)
	    at FlattenCoreProcessor.generateSinglePackage (/nodejs/JavaScriptTypeScript/dist/CoreProcessor.js:161:55)
	    at FlattenCoreProcessor.generateFromNpmPakcage (/nodejs/JavaScriptTypeScript/dist/CoreProcessor.js:119:18)
	    at FlattenCoreProcessor.generatePacakge (/nodejs/JavaScriptTypeScript/dist/CoreProcessor.js:104:18)
	    at FlattenCoreProcessor.BaseCoreProcessor.generate (/nodejs/JavaScriptTypeScript/dist/CoreProcessor.js:56:19)
	    at Object.<anonymous> (/nodejs/JavaScriptTypeScript/dist/main.js:20:15)
	    at Module._compile (internal/modules/cjs/loader.js:778:30)
	    at Object.Module._extensions..js (internal/modules/cjs/loader.js:789:10)
	  status: 1,
	  signal: null,
	  output: [ null, null, null ],
	  pid: 73,
	  stdout: null,
	  stderr: null }
Removed @azure/web-pubsub-client-protobuf@1.0.0-beta.1 because of docs package validation failure on 2023-06-30 23:19 +00:00
	Hi from ReferenceAutomation for JavaScript
	{
	    "npm_package_sources": [
	        {
	            "name": "@azure/web-pubsub-client-protobuf@1.0.0-beta.1"
	        }
	    ]
	}
	{ npm_package_sources:
	   [ { name: '@azure/web-pubsub-client-protobuf@1.0.0-beta.1' } ] }
	=== Install npm packages ===
	
	Start to install npm package @azure/web-pubsub-client-protobuf@1.0.0-beta.1.
	Finished to install npm package @azure/web-pubsub-client-protobuf@1.0.0-beta.1.
	current package: @azure/web-pubsub-client-protobuf
	current version is : 1.0.0-beta.1
	=== generate yml files for @azure/web-pubsub-client-protobuf ===
	
	run typedoc in ./node_modules/@azure/web-pubsub-client-protobuf: 
	$ typedoc types --json api.json --module commonjs --includeDeclarations --ignoreCompilerErrors --excludeExternals --stripInternal
	
	run type2docfx in /: 
	$ type2docfx ./node_modules/@azure/web-pubsub-client-protobuf/api.json /workdir/out/docs-ref-autogen/@azure/web-pubsub-client-protobuf
	{ Error: Command failed: type2docfx ./node_modules/@azure/web-pubsub-client-protobuf/api.json /workdir/out/docs-ref-autogen/@azure/web-pubsub-client-protobuf
	    at checkExecSyncError (child_process.js:629:11)
	    at Object.execSync (child_process.js:666:13)
	    at TSProcessor.generate (/nodejs/JavaScriptTypeScript/dist/DocProcessor.js:38:23)
	    at FlattenCoreProcessor.generateSinglePackage (/nodejs/JavaScriptTypeScript/dist/CoreProcessor.js:161:55)
	    at FlattenCoreProcessor.generateFromNpmPakcage (/nodejs/JavaScriptTypeScript/dist/CoreProcessor.js:119:18)
	    at FlattenCoreProcessor.generatePacakge (/nodejs/JavaScriptTypeScript/dist/CoreProcessor.js:104:18)
	    at FlattenCoreProcessor.BaseCoreProcessor.generate (/nodejs/JavaScriptTypeScript/dist/CoreProcessor.js:56:19)
	    at Object.<anonymous> (/nodejs/JavaScriptTypeScript/dist/main.js:20:15)
	    at Module._compile (internal/modules/cjs/loader.js:778:30)
	    at Object.Module._extensions..js (internal/modules/cjs/loader.js:789:10)
	  status: 1,
	  signal: null,
	  output: [ null, null, null ],
	  pid: 73,
	  stdout: null,
	  stderr: null }
Removed @azure/web-pubsub-client-protobuf@1.0.0-beta.1 because of docs package validation failure on 2023-07-04 23:17 +00:00
	Hi from ReferenceAutomation for JavaScript
	{
	    "npm_package_sources": [
	        {
	            "name": "@azure/web-pubsub-client-protobuf@1.0.0-beta.1"
	        }
	    ]
	}
	{ npm_package_sources:
	   [ { name: '@azure/web-pubsub-client-protobuf@1.0.0-beta.1' } ] }
	=== Install npm packages ===
	
	Start to install npm package @azure/web-pubsub-client-protobuf@1.0.0-beta.1.
	Finished to install npm package @azure/web-pubsub-client-protobuf@1.0.0-beta.1.
	current package: @azure/web-pubsub-client-protobuf
	current version is : 1.0.0-beta.1
	=== generate yml files for @azure/web-pubsub-client-protobuf ===
	
	run typedoc in ./node_modules/@azure/web-pubsub-client-protobuf: 
	$ typedoc types --json api.json --module commonjs --includeDeclarations --ignoreCompilerErrors --excludeExternals --stripInternal
	
	run type2docfx in /: 
	$ type2docfx ./node_modules/@azure/web-pubsub-client-protobuf/api.json /workdir/out/docs-ref-autogen/@azure/web-pubsub-client-protobuf
	{ Error: Command failed: type2docfx ./node_modules/@azure/web-pubsub-client-protobuf/api.json /workdir/out/docs-ref-autogen/@azure/web-pubsub-client-protobuf
	    at checkExecSyncError (child_process.js:629:11)
	    at Object.execSync (child_process.js:666:13)
	    at TSProcessor.generate (/nodejs/JavaScriptTypeScript/dist/DocProcessor.js:38:23)
	    at FlattenCoreProcessor.generateSinglePackage (/nodejs/JavaScriptTypeScript/dist/CoreProcessor.js:161:55)
	    at FlattenCoreProcessor.generateFromNpmPakcage (/nodejs/JavaScriptTypeScript/dist/CoreProcessor.js:119:18)
	    at FlattenCoreProcessor.generatePacakge (/nodejs/JavaScriptTypeScript/dist/CoreProcessor.js:104:18)
	    at FlattenCoreProcessor.BaseCoreProcessor.generate (/nodejs/JavaScriptTypeScript/dist/CoreProcessor.js:56:19)
	    at Object.<anonymous> (/nodejs/JavaScriptTypeScript/dist/main.js:20:15)
	    at Module._compile (internal/modules/cjs/loader.js:778:30)
	    at Object.Module._extensions..js (internal/modules/cjs/loader.js:789:10)
	  status: 1,
	  signal: null,
	  output: [ null, null, null ],
	  pid: 71,
	  stdout: null,
	  stderr: null }
Removed @azure/web-pubsub-client-protobuf@1.0.0-beta.1 because of docs package validation failure on 2023-07-05 23:16 +00:00
	Hi from ReferenceAutomation for JavaScript
	{
	    "npm_package_sources": [
	        {
	            "name": "@azure/web-pubsub-client-protobuf@1.0.0-beta.1"
	        }
	    ]
	}
	{ npm_package_sources:
	   [ { name: '@azure/web-pubsub-client-protobuf@1.0.0-beta.1' } ] }
	=== Install npm packages ===
	
	Start to install npm package @azure/web-pubsub-client-protobuf@1.0.0-beta.1.
	Finished to install npm package @azure/web-pubsub-client-protobuf@1.0.0-beta.1.
	current package: @azure/web-pubsub-client-protobuf
	current version is : 1.0.0-beta.1
	=== generate yml files for @azure/web-pubsub-client-protobuf ===
	
	run typedoc in ./node_modules/@azure/web-pubsub-client-protobuf: 
	$ typedoc types --json api.json --module commonjs --includeDeclarations --ignoreCompilerErrors --excludeExternals --stripInternal
	
	run type2docfx in /: 
	$ type2docfx ./node_modules/@azure/web-pubsub-client-protobuf/api.json /workdir/out/docs-ref-autogen/@azure/web-pubsub-client-protobuf
	{ Error: Command failed: type2docfx ./node_modules/@azure/web-pubsub-client-protobuf/api.json /workdir/out/docs-ref-autogen/@azure/web-pubsub-client-protobuf
	    at checkExecSyncError (child_process.js:629:11)
	    at Object.execSync (child_process.js:666:13)
	    at TSProcessor.generate (/nodejs/JavaScriptTypeScript/dist/DocProcessor.js:38:23)
	    at FlattenCoreProcessor.generateSinglePackage (/nodejs/JavaScriptTypeScript/dist/CoreProcessor.js:161:55)
	    at FlattenCoreProcessor.generateFromNpmPakcage (/nodejs/JavaScriptTypeScript/dist/CoreProcessor.js:119:18)
	    at FlattenCoreProcessor.generatePacakge (/nodejs/JavaScriptTypeScript/dist/CoreProcessor.js:104:18)
	    at FlattenCoreProcessor.BaseCoreProcessor.generate (/nodejs/JavaScriptTypeScript/dist/CoreProcessor.js:56:19)
	    at Object.<anonymous> (/nodejs/JavaScriptTypeScript/dist/main.js:20:15)
	    at Module._compile (internal/modules/cjs/loader.js:778:30)
	    at Object.Module._extensions..js (internal/modules/cjs/loader.js:789:10)
	  status: 1,
	  signal: null,
	  output: [ null, null, null ],
	  pid: 72,
	  stdout: null,
	  stderr: null }
Removed @azure/web-pubsub-client-protobuf@1.0.0-beta.1 because of docs package validation failure on 2023-07-06 23:19 +00:00
	Hi from ReferenceAutomation for JavaScript
	{
	    "npm_package_sources": [
	        {
	            "name": "@azure/web-pubsub-client-protobuf@1.0.0-beta.1"
	        }
	    ]
	}
	{ npm_package_sources:
	   [ { name: '@azure/web-pubsub-client-protobuf@1.0.0-beta.1' } ] }
	=== Install npm packages ===
	
	Start to install npm package @azure/web-pubsub-client-protobuf@1.0.0-beta.1.
	Finished to install npm package @azure/web-pubsub-client-protobuf@1.0.0-beta.1.
	current package: @azure/web-pubsub-client-protobuf
	current version is : 1.0.0-beta.1
	=== generate yml files for @azure/web-pubsub-client-protobuf ===
	
	run typedoc in ./node_modules/@azure/web-pubsub-client-protobuf: 
	$ typedoc types --json api.json --module commonjs --includeDeclarations --ignoreCompilerErrors --excludeExternals --stripInternal
	
	run type2docfx in /: 
	$ type2docfx ./node_modules/@azure/web-pubsub-client-protobuf/api.json /workdir/out/docs-ref-autogen/@azure/web-pubsub-client-protobuf
	{ Error: Command failed: type2docfx ./node_modules/@azure/web-pubsub-client-protobuf/api.json /workdir/out/docs-ref-autogen/@azure/web-pubsub-client-protobuf
	    at checkExecSyncError (child_process.js:629:11)
	    at Object.execSync (child_process.js:666:13)
	    at TSProcessor.generate (/nodejs/JavaScriptTypeScript/dist/DocProcessor.js:38:23)
	    at FlattenCoreProcessor.generateSinglePackage (/nodejs/JavaScriptTypeScript/dist/CoreProcessor.js:161:55)
	    at FlattenCoreProcessor.generateFromNpmPakcage (/nodejs/JavaScriptTypeScript/dist/CoreProcessor.js:119:18)
	    at FlattenCoreProcessor.generatePacakge (/nodejs/JavaScriptTypeScript/dist/CoreProcessor.js:104:18)
	    at FlattenCoreProcessor.BaseCoreProcessor.generate (/nodejs/JavaScriptTypeScript/dist/CoreProcessor.js:56:19)
	    at Object.<anonymous> (/nodejs/JavaScriptTypeScript/dist/main.js:20:15)
	    at Module._compile (internal/modules/cjs/loader.js:778:30)
	    at Object.Module._extensions..js (internal/modules/cjs/loader.js:789:10)
	  status: 1,
	  signal: null,
	  output: [ null, null, null ],
	  pid: 71,
	  stdout: null,
	  stderr: null }
Removed @azure/web-pubsub-client-protobuf@1.0.0-beta.1 because of docs package validation failure on 2023-07-07 23:20 +00:00
	Hi from ReferenceAutomation for JavaScript
	{
	    "npm_package_sources": [
	        {
	            "name": "@azure/web-pubsub-client-protobuf@1.0.0-beta.1"
	        }
	    ]
	}
	{ npm_package_sources:
	   [ { name: '@azure/web-pubsub-client-protobuf@1.0.0-beta.1' } ] }
	=== Install npm packages ===
	
	Start to install npm package @azure/web-pubsub-client-protobuf@1.0.0-beta.1.
	Finished to install npm package @azure/web-pubsub-client-protobuf@1.0.0-beta.1.
	current package: @azure/web-pubsub-client-protobuf
	current version is : 1.0.0-beta.1
	=== generate yml files for @azure/web-pubsub-client-protobuf ===
	
	run typedoc in ./node_modules/@azure/web-pubsub-client-protobuf: 
	$ typedoc types --json api.json --module commonjs --includeDeclarations --ignoreCompilerErrors --excludeExternals --stripInternal
	
	run type2docfx in /: 
	$ type2docfx ./node_modules/@azure/web-pubsub-client-protobuf/api.json /workdir/out/docs-ref-autogen/@azure/web-pubsub-client-protobuf
	{ Error: Command failed: type2docfx ./node_modules/@azure/web-pubsub-client-protobuf/api.json /workdir/out/docs-ref-autogen/@azure/web-pubsub-client-protobuf
	    at checkExecSyncError (child_process.js:629:11)
	    at Object.execSync (child_process.js:666:13)
	    at TSProcessor.generate (/nodejs/JavaScriptTypeScript/dist/DocProcessor.js:38:23)
	    at FlattenCoreProcessor.generateSinglePackage (/nodejs/JavaScriptTypeScript/dist/CoreProcessor.js:161:55)
	    at FlattenCoreProcessor.generateFromNpmPakcage (/nodejs/JavaScriptTypeScript/dist/CoreProcessor.js:119:18)
	    at FlattenCoreProcessor.generatePacakge (/nodejs/JavaScriptTypeScript/dist/CoreProcessor.js:104:18)
	    at FlattenCoreProcessor.BaseCoreProcessor.generate (/nodejs/JavaScriptTypeScript/dist/CoreProcessor.js:56:19)
	    at Object.<anonymous> (/nodejs/JavaScriptTypeScript/dist/main.js:20:15)
	    at Module._compile (internal/modules/cjs/loader.js:778:30)
	    at Object.Module._extensions..js (internal/modules/cjs/loader.js:789:10)
	  status: 1,
	  signal: null,
	  output: [ null, null, null ],
	  pid: 73,
	  stdout: null,
	  stderr: null }
Removed @azure/web-pubsub-client-protobuf@1.0.0-beta.1 because of docs package validation failure on 2023-07-10 23:16 +00:00
	Hi from ReferenceAutomation for JavaScript
	{
	    "npm_package_sources": [
	        {
	            "name": "@azure/web-pubsub-client-protobuf@1.0.0-beta.1"
	        }
	    ]
	}
	{ npm_package_sources:
	   [ { name: '@azure/web-pubsub-client-protobuf@1.0.0-beta.1' } ] }
	=== Install npm packages ===
	
	Start to install npm package @azure/web-pubsub-client-protobuf@1.0.0-beta.1.
	Finished to install npm package @azure/web-pubsub-client-protobuf@1.0.0-beta.1.
	current package: @azure/web-pubsub-client-protobuf
	current version is : 1.0.0-beta.1
	=== generate yml files for @azure/web-pubsub-client-protobuf ===
	
	run typedoc in ./node_modules/@azure/web-pubsub-client-protobuf: 
	$ typedoc types --json api.json --module commonjs --includeDeclarations --ignoreCompilerErrors --excludeExternals --stripInternal
	
	run type2docfx in /: 
	$ type2docfx ./node_modules/@azure/web-pubsub-client-protobuf/api.json /workdir/out/docs-ref-autogen/@azure/web-pubsub-client-protobuf
	{ Error: Command failed: type2docfx ./node_modules/@azure/web-pubsub-client-protobuf/api.json /workdir/out/docs-ref-autogen/@azure/web-pubsub-client-protobuf
	    at checkExecSyncError (child_process.js:629:11)
	    at Object.execSync (child_process.js:666:13)
	    at TSProcessor.generate (/nodejs/JavaScriptTypeScript/dist/DocProcessor.js:38:23)
	    at FlattenCoreProcessor.generateSinglePackage (/nodejs/JavaScriptTypeScript/dist/CoreProcessor.js:161:55)
	    at FlattenCoreProcessor.generateFromNpmPakcage (/nodejs/JavaScriptTypeScript/dist/CoreProcessor.js:119:18)
	    at FlattenCoreProcessor.generatePacakge (/nodejs/JavaScriptTypeScript/dist/CoreProcessor.js:104:18)
	    at FlattenCoreProcessor.BaseCoreProcessor.generate (/nodejs/JavaScriptTypeScript/dist/CoreProcessor.js:56:19)
	    at Object.<anonymous> (/nodejs/JavaScriptTypeScript/dist/main.js:20:15)
	    at Module._compile (internal/modules/cjs/loader.js:778:30)
	    at Object.Module._extensions..js (internal/modules/cjs/loader.js:789:10)
	  status: 1,
	  signal: null,
	  output: [ null, null, null ],
	  pid: 72,
	  stdout: null,
	  stderr: null }
Removed @azure/web-pubsub-client-protobuf@1.0.0-beta.1 because of docs package validation failure on 2023-07-11 23:15 +00:00
	Hi from ReferenceAutomation for JavaScript
	{
	    "npm_package_sources": [
	        {
	            "name": "@azure/web-pubsub-client-protobuf@1.0.0-beta.1"
	        }
	    ]
	}
	{ npm_package_sources:
	   [ { name: '@azure/web-pubsub-client-protobuf@1.0.0-beta.1' } ] }
	=== Install npm packages ===
	
	Start to install npm package @azure/web-pubsub-client-protobuf@1.0.0-beta.1.
	Finished to install npm package @azure/web-pubsub-client-protobuf@1.0.0-beta.1.
	current package: @azure/web-pubsub-client-protobuf
	current version is : 1.0.0-beta.1
	=== generate yml files for @azure/web-pubsub-client-protobuf ===
	
	run typedoc in ./node_modules/@azure/web-pubsub-client-protobuf: 
	$ typedoc types --json api.json --module commonjs --includeDeclarations --ignoreCompilerErrors --excludeExternals --stripInternal
	
	run type2docfx in /: 
	$ type2docfx ./node_modules/@azure/web-pubsub-client-protobuf/api.json /workdir/out/docs-ref-autogen/@azure/web-pubsub-client-protobuf
	{ Error: Command failed: type2docfx ./node_modules/@azure/web-pubsub-client-protobuf/api.json /workdir/out/docs-ref-autogen/@azure/web-pubsub-client-protobuf
	    at checkExecSyncError (child_process.js:629:11)
	    at Object.execSync (child_process.js:666:13)
	    at TSProcessor.generate (/nodejs/JavaScriptTypeScript/dist/DocProcessor.js:38:23)
	    at FlattenCoreProcessor.generateSinglePackage (/nodejs/JavaScriptTypeScript/dist/CoreProcessor.js:161:55)
	    at FlattenCoreProcessor.generateFromNpmPakcage (/nodejs/JavaScriptTypeScript/dist/CoreProcessor.js:119:18)
	    at FlattenCoreProcessor.generatePacakge (/nodejs/JavaScriptTypeScript/dist/CoreProcessor.js:104:18)
	    at FlattenCoreProcessor.BaseCoreProcessor.generate (/nodejs/JavaScriptTypeScript/dist/CoreProcessor.js:56:19)
	    at Object.<anonymous> (/nodejs/JavaScriptTypeScript/dist/main.js:20:15)
	    at Module._compile (internal/modules/cjs/loader.js:778:30)
	    at Object.Module._extensions..js (internal/modules/cjs/loader.js:789:10)
	  status: 1,
	  signal: null,
	  output: [ null, null, null ],
	  pid: 73,
	  stdout: null,
	  stderr: null }
Removed @azure/web-pubsub-client-protobuf@1.0.0-beta.1 because of docs package validation failure on 2023-07-13 23:19 +00:00
	Hi from ReferenceAutomation for JavaScript
	{
	    "npm_package_sources": [
	        {
	            "name": "@azure/web-pubsub-client-protobuf@1.0.0-beta.1"
	        }
	    ]
	}
	{ npm_package_sources:
	   [ { name: '@azure/web-pubsub-client-protobuf@1.0.0-beta.1' } ] }
	=== Install npm packages ===
	
	Start to install npm package @azure/web-pubsub-client-protobuf@1.0.0-beta.1.
	Finished to install npm package @azure/web-pubsub-client-protobuf@1.0.0-beta.1.
	current package: @azure/web-pubsub-client-protobuf
	current version is : 1.0.0-beta.1
	=== generate yml files for @azure/web-pubsub-client-protobuf ===
	
	run typedoc in ./node_modules/@azure/web-pubsub-client-protobuf: 
	$ typedoc types --json api.json --module commonjs --includeDeclarations --ignoreCompilerErrors --excludeExternals --stripInternal
	
	run type2docfx in /: 
	$ type2docfx ./node_modules/@azure/web-pubsub-client-protobuf/api.json /workdir/out/docs-ref-autogen/@azure/web-pubsub-client-protobuf
	{ Error: Command failed: type2docfx ./node_modules/@azure/web-pubsub-client-protobuf/api.json /workdir/out/docs-ref-autogen/@azure/web-pubsub-client-protobuf
	    at checkExecSyncError (child_process.js:629:11)
	    at Object.execSync (child_process.js:666:13)
	    at TSProcessor.generate (/nodejs/JavaScriptTypeScript/dist/DocProcessor.js:38:23)
	    at FlattenCoreProcessor.generateSinglePackage (/nodejs/JavaScriptTypeScript/dist/CoreProcessor.js:161:55)
	    at FlattenCoreProcessor.generateFromNpmPakcage (/nodejs/JavaScriptTypeScript/dist/CoreProcessor.js:119:18)
	    at FlattenCoreProcessor.generatePacakge (/nodejs/JavaScriptTypeScript/dist/CoreProcessor.js:104:18)
	    at FlattenCoreProcessor.BaseCoreProcessor.generate (/nodejs/JavaScriptTypeScript/dist/CoreProcessor.js:56:19)
	    at Object.<anonymous> (/nodejs/JavaScriptTypeScript/dist/main.js:20:15)
	    at Module._compile (internal/modules/cjs/loader.js:778:30)
	    at Object.Module._extensions..js (internal/modules/cjs/loader.js:789:10)
	  status: 1,
	  signal: null,
	  output: [ null, null, null ],
	  pid: 73,
	  stdout: null,
	  stderr: null }
Removed azure-arm-search@1.3.0-preview because of docs package validation failure on 2023-07-14 23:22 +00:00
	Hi from ReferenceAutomation for JavaScript
	{
	    "npm_package_sources": [
	        {
	            "name": "azure-arm-search@1.3.0-preview"
	        }
	    ]
	}
	{ npm_package_sources: [ { name: 'azure-arm-search@1.3.0-preview' } ] }
	=== Install npm packages ===
	
	Start to install npm package azure-arm-search@1.3.0-preview.
	[User Error]: Failed to install npm package azure-arm-search@1.3.0-preview with command: 
		npm install azure-arm-search@1.3.0-preview --prefix . 2>&1
Removed @azure/web-pubsub-client-protobuf@1.0.0-beta.1 because of docs package validation failure on 2023-07-14 23:22 +00:00
	Hi from ReferenceAutomation for JavaScript
	{
	    "npm_package_sources": [
	        {
	            "name": "@azure/web-pubsub-client-protobuf@1.0.0-beta.1"
	        }
	    ]
	}
	{ npm_package_sources:
	   [ { name: '@azure/web-pubsub-client-protobuf@1.0.0-beta.1' } ] }
	=== Install npm packages ===
	
	Start to install npm package @azure/web-pubsub-client-protobuf@1.0.0-beta.1.
	Finished to install npm package @azure/web-pubsub-client-protobuf@1.0.0-beta.1.
	current package: @azure/web-pubsub-client-protobuf
	current version is : 1.0.0-beta.1
	=== generate yml files for @azure/web-pubsub-client-protobuf ===
	
	run typedoc in ./node_modules/@azure/web-pubsub-client-protobuf: 
	$ typedoc types --json api.json --module commonjs --includeDeclarations --ignoreCompilerErrors --excludeExternals --stripInternal
	
	run type2docfx in /: 
	$ type2docfx ./node_modules/@azure/web-pubsub-client-protobuf/api.json /workdir/out/docs-ref-autogen/@azure/web-pubsub-client-protobuf
	{ Error: Command failed: type2docfx ./node_modules/@azure/web-pubsub-client-protobuf/api.json /workdir/out/docs-ref-autogen/@azure/web-pubsub-client-protobuf
	    at checkExecSyncError (child_process.js:629:11)
	    at Object.execSync (child_process.js:666:13)
	    at TSProcessor.generate (/nodejs/JavaScriptTypeScript/dist/DocProcessor.js:38:23)
	    at FlattenCoreProcessor.generateSinglePackage (/nodejs/JavaScriptTypeScript/dist/CoreProcessor.js:161:55)
	    at FlattenCoreProcessor.generateFromNpmPakcage (/nodejs/JavaScriptTypeScript/dist/CoreProcessor.js:119:18)
	    at FlattenCoreProcessor.generatePacakge (/nodejs/JavaScriptTypeScript/dist/CoreProcessor.js:104:18)
	    at FlattenCoreProcessor.BaseCoreProcessor.generate (/nodejs/JavaScriptTypeScript/dist/CoreProcessor.js:56:19)
	    at Object.<anonymous> (/nodejs/JavaScriptTypeScript/dist/main.js:20:15)
	    at Module._compile (internal/modules/cjs/loader.js:778:30)
	    at Object.Module._extensions..js (internal/modules/cjs/loader.js:789:10)
	  status: 1,
	  signal: null,
	  output: [ null, null, null ],
	  pid: 73,
	  stdout: null,
	  stderr: null }
Removed @azure/web-pubsub-client-protobuf@1.0.0-beta.1 because of docs package validation failure on 2023-07-17 23:22 +00:00
	Hi from ReferenceAutomation for JavaScript
	{
	    "npm_package_sources": [
	        {
	            "name": "@azure/web-pubsub-client-protobuf@1.0.0-beta.1"
	        }
	    ]
	}
	{ npm_package_sources:
	   [ { name: '@azure/web-pubsub-client-protobuf@1.0.0-beta.1' } ] }
	=== Install npm packages ===
	
	Start to install npm package @azure/web-pubsub-client-protobuf@1.0.0-beta.1.
	Finished to install npm package @azure/web-pubsub-client-protobuf@1.0.0-beta.1.
	current package: @azure/web-pubsub-client-protobuf
	current version is : 1.0.0-beta.1
	=== generate yml files for @azure/web-pubsub-client-protobuf ===
	
	run typedoc in ./node_modules/@azure/web-pubsub-client-protobuf: 
	$ typedoc types --json api.json --module commonjs --includeDeclarations --ignoreCompilerErrors --excludeExternals --stripInternal
	
	run type2docfx in /: 
	$ type2docfx ./node_modules/@azure/web-pubsub-client-protobuf/api.json /workdir/out/docs-ref-autogen/@azure/web-pubsub-client-protobuf
	{ Error: Command failed: type2docfx ./node_modules/@azure/web-pubsub-client-protobuf/api.json /workdir/out/docs-ref-autogen/@azure/web-pubsub-client-protobuf
	    at checkExecSyncError (child_process.js:629:11)
	    at Object.execSync (child_process.js:666:13)
	    at TSProcessor.generate (/nodejs/JavaScriptTypeScript/dist/DocProcessor.js:38:23)
	    at FlattenCoreProcessor.generateSinglePackage (/nodejs/JavaScriptTypeScript/dist/CoreProcessor.js:161:55)
	    at FlattenCoreProcessor.generateFromNpmPakcage (/nodejs/JavaScriptTypeScript/dist/CoreProcessor.js:119:18)
	    at FlattenCoreProcessor.generatePacakge (/nodejs/JavaScriptTypeScript/dist/CoreProcessor.js:104:18)
	    at FlattenCoreProcessor.BaseCoreProcessor.generate (/nodejs/JavaScriptTypeScript/dist/CoreProcessor.js:56:19)
	    at Object.<anonymous> (/nodejs/JavaScriptTypeScript/dist/main.js:20:15)
	    at Module._compile (internal/modules/cjs/loader.js:778:30)
	    at Object.Module._extensions..js (internal/modules/cjs/loader.js:789:10)
	  status: 1,
	  signal: null,
	  output: [ null, null, null ],
	  pid: 72,
	  stdout: null,
	  stderr: null }
Removed @azure/web-pubsub-client-protobuf@1.0.0-beta.1 because of docs package validation failure on 2023-07-18 23:17 +00:00
	Hi from ReferenceAutomation for JavaScript
	{
	    "npm_package_sources": [
	        {
	            "name": "@azure/web-pubsub-client-protobuf@1.0.0-beta.1"
	        }
	    ]
	}
	{ npm_package_sources:
	   [ { name: '@azure/web-pubsub-client-protobuf@1.0.0-beta.1' } ] }
	=== Install npm packages ===
	
	Start to install npm package @azure/web-pubsub-client-protobuf@1.0.0-beta.1.
	Finished to install npm package @azure/web-pubsub-client-protobuf@1.0.0-beta.1.
	current package: @azure/web-pubsub-client-protobuf
	current version is : 1.0.0-beta.1
	=== generate yml files for @azure/web-pubsub-client-protobuf ===
	
	run typedoc in ./node_modules/@azure/web-pubsub-client-protobuf: 
	$ typedoc types --json api.json --module commonjs --includeDeclarations --ignoreCompilerErrors --excludeExternals --stripInternal
	
	run type2docfx in /: 
	$ type2docfx ./node_modules/@azure/web-pubsub-client-protobuf/api.json /workdir/out/docs-ref-autogen/@azure/web-pubsub-client-protobuf
	{ Error: Command failed: type2docfx ./node_modules/@azure/web-pubsub-client-protobuf/api.json /workdir/out/docs-ref-autogen/@azure/web-pubsub-client-protobuf
	    at checkExecSyncError (child_process.js:629:11)
	    at Object.execSync (child_process.js:666:13)
	    at TSProcessor.generate (/nodejs/JavaScriptTypeScript/dist/DocProcessor.js:38:23)
	    at FlattenCoreProcessor.generateSinglePackage (/nodejs/JavaScriptTypeScript/dist/CoreProcessor.js:161:55)
	    at FlattenCoreProcessor.generateFromNpmPakcage (/nodejs/JavaScriptTypeScript/dist/CoreProcessor.js:119:18)
	    at FlattenCoreProcessor.generatePacakge (/nodejs/JavaScriptTypeScript/dist/CoreProcessor.js:104:18)
	    at FlattenCoreProcessor.BaseCoreProcessor.generate (/nodejs/JavaScriptTypeScript/dist/CoreProcessor.js:56:19)
	    at Object.<anonymous> (/nodejs/JavaScriptTypeScript/dist/main.js:20:15)
	    at Module._compile (internal/modules/cjs/loader.js:778:30)
	    at Object.Module._extensions..js (internal/modules/cjs/loader.js:789:10)
	  status: 1,
	  signal: null,
	  output: [ null, null, null ],
	  pid: 73,
	  stdout: null,
	  stderr: null }
Removed @azure/arm-search@3.0.0-beta.1 because of docs package validation failure on 2023-07-19 23:19 +00:00
	Hi from ReferenceAutomation for JavaScript
	{
	    "npm_package_sources": [
	        {
	            "name": "@azure/arm-search@3.0.0-beta.1"
	        }
	    ]
	}
	{ npm_package_sources: [ { name: '@azure/arm-search@3.0.0-beta.1' } ] }
	=== Install npm packages ===
	
	Start to install npm package @azure/arm-search@3.0.0-beta.1.
	[User Error]: Failed to install npm package @azure/arm-search@3.0.0-beta.1 with command: 
		npm install @azure/arm-search@3.0.0-beta.1 --prefix . 2>&1
Removed @azure/web-pubsub-client-protobuf@1.0.0-beta.1 because of docs package validation failure on 2023-07-19 23:19 +00:00
	Hi from ReferenceAutomation for JavaScript
	{
	    "npm_package_sources": [
	        {
	            "name": "@azure/web-pubsub-client-protobuf@1.0.0-beta.1"
	        }
	    ]
	}
	{ npm_package_sources:
	   [ { name: '@azure/web-pubsub-client-protobuf@1.0.0-beta.1' } ] }
	=== Install npm packages ===
	
	Start to install npm package @azure/web-pubsub-client-protobuf@1.0.0-beta.1.
	Finished to install npm package @azure/web-pubsub-client-protobuf@1.0.0-beta.1.
	current package: @azure/web-pubsub-client-protobuf
	current version is : 1.0.0-beta.1
	=== generate yml files for @azure/web-pubsub-client-protobuf ===
	
	run typedoc in ./node_modules/@azure/web-pubsub-client-protobuf: 
	$ typedoc types --json api.json --module commonjs --includeDeclarations --ignoreCompilerErrors --excludeExternals --stripInternal
	
	run type2docfx in /: 
	$ type2docfx ./node_modules/@azure/web-pubsub-client-protobuf/api.json /workdir/out/docs-ref-autogen/@azure/web-pubsub-client-protobuf
	{ Error: Command failed: type2docfx ./node_modules/@azure/web-pubsub-client-protobuf/api.json /workdir/out/docs-ref-autogen/@azure/web-pubsub-client-protobuf
	    at checkExecSyncError (child_process.js:629:11)
	    at Object.execSync (child_process.js:666:13)
	    at TSProcessor.generate (/nodejs/JavaScriptTypeScript/dist/DocProcessor.js:38:23)
	    at FlattenCoreProcessor.generateSinglePackage (/nodejs/JavaScriptTypeScript/dist/CoreProcessor.js:161:55)
	    at FlattenCoreProcessor.generateFromNpmPakcage (/nodejs/JavaScriptTypeScript/dist/CoreProcessor.js:119:18)
	    at FlattenCoreProcessor.generatePacakge (/nodejs/JavaScriptTypeScript/dist/CoreProcessor.js:104:18)
	    at FlattenCoreProcessor.BaseCoreProcessor.generate (/nodejs/JavaScriptTypeScript/dist/CoreProcessor.js:56:19)
	    at Object.<anonymous> (/nodejs/JavaScriptTypeScript/dist/main.js:20:15)
	    at Module._compile (internal/modules/cjs/loader.js:778:30)
	    at Object.Module._extensions..js (internal/modules/cjs/loader.js:789:10)
	  status: 1,
	  signal: null,
	  output: [ null, null, null ],
	  pid: 73,
	  stdout: null,
	  stderr: null }
Removed @azure/web-pubsub-client-protobuf@1.0.0-beta.1 because of docs package validation failure on 2023-07-20 23:21 +00:00
	Hi from ReferenceAutomation for JavaScript
	{
	    "npm_package_sources": [
	        {
	            "name": "@azure/web-pubsub-client-protobuf@1.0.0-beta.1"
	        }
	    ]
	}
	{ npm_package_sources:
	   [ { name: '@azure/web-pubsub-client-protobuf@1.0.0-beta.1' } ] }
	=== Install npm packages ===
	
	Start to install npm package @azure/web-pubsub-client-protobuf@1.0.0-beta.1.
	Finished to install npm package @azure/web-pubsub-client-protobuf@1.0.0-beta.1.
	current package: @azure/web-pubsub-client-protobuf
	current version is : 1.0.0-beta.1
	=== generate yml files for @azure/web-pubsub-client-protobuf ===
	
	run typedoc in ./node_modules/@azure/web-pubsub-client-protobuf: 
	$ typedoc types --json api.json --module commonjs --includeDeclarations --ignoreCompilerErrors --excludeExternals --stripInternal
	
	run type2docfx in /: 
	$ type2docfx ./node_modules/@azure/web-pubsub-client-protobuf/api.json /workdir/out/docs-ref-autogen/@azure/web-pubsub-client-protobuf
	{ Error: Command failed: type2docfx ./node_modules/@azure/web-pubsub-client-protobuf/api.json /workdir/out/docs-ref-autogen/@azure/web-pubsub-client-protobuf
	    at checkExecSyncError (child_process.js:629:11)
	    at Object.execSync (child_process.js:666:13)
	    at TSProcessor.generate (/nodejs/JavaScriptTypeScript/dist/DocProcessor.js:38:23)
	    at FlattenCoreProcessor.generateSinglePackage (/nodejs/JavaScriptTypeScript/dist/CoreProcessor.js:161:55)
	    at FlattenCoreProcessor.generateFromNpmPakcage (/nodejs/JavaScriptTypeScript/dist/CoreProcessor.js:119:18)
	    at FlattenCoreProcessor.generatePacakge (/nodejs/JavaScriptTypeScript/dist/CoreProcessor.js:104:18)
	    at FlattenCoreProcessor.BaseCoreProcessor.generate (/nodejs/JavaScriptTypeScript/dist/CoreProcessor.js:56:19)
	    at Object.<anonymous> (/nodejs/JavaScriptTypeScript/dist/main.js:20:15)
	    at Module._compile (internal/modules/cjs/loader.js:778:30)
	    at Object.Module._extensions..js (internal/modules/cjs/loader.js:789:10)
	  status: 1,
	  signal: null,
	  output: [ null, null, null ],
	  pid: 72,
	  stdout: null,
	  stderr: null }
Removed @azure/web-pubsub-client-protobuf@1.0.0-beta.1 because of docs package validation failure on 2023-07-21 23:20 +00:00
	Hi from ReferenceAutomation for JavaScript
	{
	    "npm_package_sources": [
	        {
	            "name": "@azure/web-pubsub-client-protobuf@1.0.0-beta.1"
	        }
	    ]
	}
	{ npm_package_sources:
	   [ { name: '@azure/web-pubsub-client-protobuf@1.0.0-beta.1' } ] }
	=== Install npm packages ===
	
	Start to install npm package @azure/web-pubsub-client-protobuf@1.0.0-beta.1.
	Finished to install npm package @azure/web-pubsub-client-protobuf@1.0.0-beta.1.
	current package: @azure/web-pubsub-client-protobuf
	current version is : 1.0.0-beta.1
	=== generate yml files for @azure/web-pubsub-client-protobuf ===
	
	run typedoc in ./node_modules/@azure/web-pubsub-client-protobuf: 
	$ typedoc types --json api.json --module commonjs --includeDeclarations --ignoreCompilerErrors --excludeExternals --stripInternal
	
	run type2docfx in /: 
	$ type2docfx ./node_modules/@azure/web-pubsub-client-protobuf/api.json /workdir/out/docs-ref-autogen/@azure/web-pubsub-client-protobuf
	{ Error: Command failed: type2docfx ./node_modules/@azure/web-pubsub-client-protobuf/api.json /workdir/out/docs-ref-autogen/@azure/web-pubsub-client-protobuf
	    at checkExecSyncError (child_process.js:629:11)
	    at Object.execSync (child_process.js:666:13)
	    at TSProcessor.generate (/nodejs/JavaScriptTypeScript/dist/DocProcessor.js:38:23)
	    at FlattenCoreProcessor.generateSinglePackage (/nodejs/JavaScriptTypeScript/dist/CoreProcessor.js:161:55)
	    at FlattenCoreProcessor.generateFromNpmPakcage (/nodejs/JavaScriptTypeScript/dist/CoreProcessor.js:119:18)
	    at FlattenCoreProcessor.generatePacakge (/nodejs/JavaScriptTypeScript/dist/CoreProcessor.js:104:18)
	    at FlattenCoreProcessor.BaseCoreProcessor.generate (/nodejs/JavaScriptTypeScript/dist/CoreProcessor.js:56:19)
	    at Object.<anonymous> (/nodejs/JavaScriptTypeScript/dist/main.js:20:15)
	    at Module._compile (internal/modules/cjs/loader.js:778:30)
	    at Object.Module._extensions..js (internal/modules/cjs/loader.js:789:10)
	  status: 1,
	  signal: null,
	  output: [ null, null, null ],
	  pid: 72,
	  stdout: null,
	  stderr: null }
Removed @azure/web-pubsub-client-protobuf@1.0.0-beta.1 because of docs package validation failure on 2023-07-25 23:24 +00:00
	Hi from ReferenceAutomation for JavaScript
	{
	    "npm_package_sources": [
	        {
	            "name": "@azure/web-pubsub-client-protobuf@1.0.0-beta.1"
	        }
	    ]
	}
	{ npm_package_sources:
	   [ { name: '@azure/web-pubsub-client-protobuf@1.0.0-beta.1' } ] }
	=== Install npm packages ===
	
	Start to install npm package @azure/web-pubsub-client-protobuf@1.0.0-beta.1.
	Finished to install npm package @azure/web-pubsub-client-protobuf@1.0.0-beta.1.
	current package: @azure/web-pubsub-client-protobuf
	current version is : 1.0.0-beta.1
	=== generate yml files for @azure/web-pubsub-client-protobuf ===
	
	run typedoc in ./node_modules/@azure/web-pubsub-client-protobuf: 
	$ typedoc types --json api.json --module commonjs --includeDeclarations --ignoreCompilerErrors --excludeExternals --stripInternal
	
	run type2docfx in /: 
	$ type2docfx ./node_modules/@azure/web-pubsub-client-protobuf/api.json /workdir/out/docs-ref-autogen/@azure/web-pubsub-client-protobuf
	{ Error: Command failed: type2docfx ./node_modules/@azure/web-pubsub-client-protobuf/api.json /workdir/out/docs-ref-autogen/@azure/web-pubsub-client-protobuf
	    at checkExecSyncError (child_process.js:629:11)
	    at Object.execSync (child_process.js:666:13)
	    at TSProcessor.generate (/nodejs/JavaScriptTypeScript/dist/DocProcessor.js:38:23)
	    at FlattenCoreProcessor.generateSinglePackage (/nodejs/JavaScriptTypeScript/dist/CoreProcessor.js:161:55)
	    at FlattenCoreProcessor.generateFromNpmPakcage (/nodejs/JavaScriptTypeScript/dist/CoreProcessor.js:119:18)
	    at FlattenCoreProcessor.generatePacakge (/nodejs/JavaScriptTypeScript/dist/CoreProcessor.js:104:18)
	    at FlattenCoreProcessor.BaseCoreProcessor.generate (/nodejs/JavaScriptTypeScript/dist/CoreProcessor.js:56:19)
	    at Object.<anonymous> (/nodejs/JavaScriptTypeScript/dist/main.js:20:15)
	    at Module._compile (internal/modules/cjs/loader.js:778:30)
	    at Object.Module._extensions..js (internal/modules/cjs/loader.js:789:10)
	  status: 1,
	  signal: null,
	  output: [ null, null, null ],
	  pid: 73,
	  stdout: null,
	  stderr: null }
Removed @azure/web-pubsub-client-protobuf@1.0.0-beta.1 because of docs package validation failure on 2023-07-26 23:20 +00:00
	Hi from ReferenceAutomation for JavaScript
	{
	    "npm_package_sources": [
	        {
	            "name": "@azure/web-pubsub-client-protobuf@1.0.0-beta.1"
	        }
	    ]
	}
	{ npm_package_sources:
	   [ { name: '@azure/web-pubsub-client-protobuf@1.0.0-beta.1' } ] }
	=== Install npm packages ===
	
	Start to install npm package @azure/web-pubsub-client-protobuf@1.0.0-beta.1.
	Finished to install npm package @azure/web-pubsub-client-protobuf@1.0.0-beta.1.
	current package: @azure/web-pubsub-client-protobuf
	current version is : 1.0.0-beta.1
	=== generate yml files for @azure/web-pubsub-client-protobuf ===
	
	run typedoc in ./node_modules/@azure/web-pubsub-client-protobuf: 
	$ typedoc types --json api.json --module commonjs --includeDeclarations --ignoreCompilerErrors --excludeExternals --stripInternal
	
	run type2docfx in /: 
	$ type2docfx ./node_modules/@azure/web-pubsub-client-protobuf/api.json /workdir/out/docs-ref-autogen/@azure/web-pubsub-client-protobuf
	{ Error: Command failed: type2docfx ./node_modules/@azure/web-pubsub-client-protobuf/api.json /workdir/out/docs-ref-autogen/@azure/web-pubsub-client-protobuf
	    at checkExecSyncError (child_process.js:629:11)
	    at Object.execSync (child_process.js:666:13)
	    at TSProcessor.generate (/nodejs/JavaScriptTypeScript/dist/DocProcessor.js:38:23)
	    at FlattenCoreProcessor.generateSinglePackage (/nodejs/JavaScriptTypeScript/dist/CoreProcessor.js:161:55)
	    at FlattenCoreProcessor.generateFromNpmPakcage (/nodejs/JavaScriptTypeScript/dist/CoreProcessor.js:119:18)
	    at FlattenCoreProcessor.generatePacakge (/nodejs/JavaScriptTypeScript/dist/CoreProcessor.js:104:18)
	    at FlattenCoreProcessor.BaseCoreProcessor.generate (/nodejs/JavaScriptTypeScript/dist/CoreProcessor.js:56:19)
	    at Object.<anonymous> (/nodejs/JavaScriptTypeScript/dist/main.js:20:15)
	    at Module._compile (internal/modules/cjs/loader.js:778:30)
	    at Object.Module._extensions..js (internal/modules/cjs/loader.js:789:10)
	  status: 1,
	  signal: null,
	  output: [ null, null, null ],
	  pid: 72,
	  stdout: null,
	  stderr: null }
Removed @azure/web-pubsub-client-protobuf@1.0.0-beta.1 because of docs package validation failure on 2023-07-27 23:21 +00:00
	Hi from ReferenceAutomation for JavaScript
	{
	    "npm_package_sources": [
	        {
	            "name": "@azure/web-pubsub-client-protobuf@1.0.0-beta.1"
	        }
	    ]
	}
	{ npm_package_sources:
	   [ { name: '@azure/web-pubsub-client-protobuf@1.0.0-beta.1' } ] }
	=== Install npm packages ===
	
	Start to install npm package @azure/web-pubsub-client-protobuf@1.0.0-beta.1.
	Finished to install npm package @azure/web-pubsub-client-protobuf@1.0.0-beta.1.
	current package: @azure/web-pubsub-client-protobuf
	current version is : 1.0.0-beta.1
	=== generate yml files for @azure/web-pubsub-client-protobuf ===
	
	run typedoc in ./node_modules/@azure/web-pubsub-client-protobuf: 
	$ typedoc types --json api.json --module commonjs --includeDeclarations --ignoreCompilerErrors --excludeExternals --stripInternal
	
	run type2docfx in /: 
	$ type2docfx ./node_modules/@azure/web-pubsub-client-protobuf/api.json /workdir/out/docs-ref-autogen/@azure/web-pubsub-client-protobuf
	{ Error: Command failed: type2docfx ./node_modules/@azure/web-pubsub-client-protobuf/api.json /workdir/out/docs-ref-autogen/@azure/web-pubsub-client-protobuf
	    at checkExecSyncError (child_process.js:629:11)
	    at Object.execSync (child_process.js:666:13)
	    at TSProcessor.generate (/nodejs/JavaScriptTypeScript/dist/DocProcessor.js:38:23)
	    at FlattenCoreProcessor.generateSinglePackage (/nodejs/JavaScriptTypeScript/dist/CoreProcessor.js:161:55)
	    at FlattenCoreProcessor.generateFromNpmPakcage (/nodejs/JavaScriptTypeScript/dist/CoreProcessor.js:119:18)
	    at FlattenCoreProcessor.generatePacakge (/nodejs/JavaScriptTypeScript/dist/CoreProcessor.js:104:18)
	    at FlattenCoreProcessor.BaseCoreProcessor.generate (/nodejs/JavaScriptTypeScript/dist/CoreProcessor.js:56:19)
	    at Object.<anonymous> (/nodejs/JavaScriptTypeScript/dist/main.js:20:15)
	    at Module._compile (internal/modules/cjs/loader.js:778:30)
	    at Object.Module._extensions..js (internal/modules/cjs/loader.js:789:10)
	  status: 1,
	  signal: null,
	  output: [ null, null, null ],
	  pid: 73,
	  stdout: null,
	  stderr: null }
Removed @azure/web-pubsub-client-protobuf@1.0.0-beta.1 because of docs package validation failure on 2023-07-28 23:20 +00:00
	Hi from ReferenceAutomation for JavaScript
	{
	    "npm_package_sources": [
	        {
	            "name": "@azure/web-pubsub-client-protobuf@1.0.0-beta.1"
	        }
	    ]
	}
	{ npm_package_sources:
	   [ { name: '@azure/web-pubsub-client-protobuf@1.0.0-beta.1' } ] }
	=== Install npm packages ===
	
	Start to install npm package @azure/web-pubsub-client-protobuf@1.0.0-beta.1.
	Finished to install npm package @azure/web-pubsub-client-protobuf@1.0.0-beta.1.
	current package: @azure/web-pubsub-client-protobuf
	current version is : 1.0.0-beta.1
	=== generate yml files for @azure/web-pubsub-client-protobuf ===
	
	run typedoc in ./node_modules/@azure/web-pubsub-client-protobuf: 
	$ typedoc types --json api.json --module commonjs --includeDeclarations --ignoreCompilerErrors --excludeExternals --stripInternal
	
	run type2docfx in /: 
	$ type2docfx ./node_modules/@azure/web-pubsub-client-protobuf/api.json /workdir/out/docs-ref-autogen/@azure/web-pubsub-client-protobuf
	{ Error: Command failed: type2docfx ./node_modules/@azure/web-pubsub-client-protobuf/api.json /workdir/out/docs-ref-autogen/@azure/web-pubsub-client-protobuf
	    at checkExecSyncError (child_process.js:629:11)
	    at Object.execSync (child_process.js:666:13)
	    at TSProcessor.generate (/nodejs/JavaScriptTypeScript/dist/DocProcessor.js:38:23)
	    at FlattenCoreProcessor.generateSinglePackage (/nodejs/JavaScriptTypeScript/dist/CoreProcessor.js:161:55)
	    at FlattenCoreProcessor.generateFromNpmPakcage (/nodejs/JavaScriptTypeScript/dist/CoreProcessor.js:119:18)
	    at FlattenCoreProcessor.generatePacakge (/nodejs/JavaScriptTypeScript/dist/CoreProcessor.js:104:18)
	    at FlattenCoreProcessor.BaseCoreProcessor.generate (/nodejs/JavaScriptTypeScript/dist/CoreProcessor.js:56:19)
	    at Object.<anonymous> (/nodejs/JavaScriptTypeScript/dist/main.js:20:15)
	    at Module._compile (internal/modules/cjs/loader.js:778:30)
	    at Object.Module._extensions..js (internal/modules/cjs/loader.js:789:10)
	  status: 1,
	  signal: null,
	  output: [ null, null, null ],
	  pid: 73,
	  stdout: null,
	  stderr: null }
Removed @azure/web-pubsub-client-protobuf@1.0.0-beta.1 because of docs package validation failure on 2023-07-31 23:20 +00:00
	Hi from ReferenceAutomation for JavaScript
	{
	    "npm_package_sources": [
	        {
	            "name": "@azure/web-pubsub-client-protobuf@1.0.0-beta.1"
	        }
	    ]
	}
	{ npm_package_sources:
	   [ { name: '@azure/web-pubsub-client-protobuf@1.0.0-beta.1' } ] }
	=== Install npm packages ===
	
	Start to install npm package @azure/web-pubsub-client-protobuf@1.0.0-beta.1.
	Finished to install npm package @azure/web-pubsub-client-protobuf@1.0.0-beta.1.
	current package: @azure/web-pubsub-client-protobuf
	current version is : 1.0.0-beta.1
	=== generate yml files for @azure/web-pubsub-client-protobuf ===
	
	run typedoc in ./node_modules/@azure/web-pubsub-client-protobuf: 
	$ typedoc types --json api.json --module commonjs --includeDeclarations --ignoreCompilerErrors --excludeExternals --stripInternal
	
	run type2docfx in /: 
	$ type2docfx ./node_modules/@azure/web-pubsub-client-protobuf/api.json /workdir/out/docs-ref-autogen/@azure/web-pubsub-client-protobuf
	{ Error: Command failed: type2docfx ./node_modules/@azure/web-pubsub-client-protobuf/api.json /workdir/out/docs-ref-autogen/@azure/web-pubsub-client-protobuf
	    at checkExecSyncError (child_process.js:629:11)
	    at Object.execSync (child_process.js:666:13)
	    at TSProcessor.generate (/nodejs/JavaScriptTypeScript/dist/DocProcessor.js:38:23)
	    at FlattenCoreProcessor.generateSinglePackage (/nodejs/JavaScriptTypeScript/dist/CoreProcessor.js:161:55)
	    at FlattenCoreProcessor.generateFromNpmPakcage (/nodejs/JavaScriptTypeScript/dist/CoreProcessor.js:119:18)
	    at FlattenCoreProcessor.generatePacakge (/nodejs/JavaScriptTypeScript/dist/CoreProcessor.js:104:18)
	    at FlattenCoreProcessor.BaseCoreProcessor.generate (/nodejs/JavaScriptTypeScript/dist/CoreProcessor.js:56:19)
	    at Object.<anonymous> (/nodejs/JavaScriptTypeScript/dist/main.js:20:15)
	    at Module._compile (internal/modules/cjs/loader.js:778:30)
	    at Object.Module._extensions..js (internal/modules/cjs/loader.js:789:10)
	  status: 1,
	  signal: null,
	  output: [ null, null, null ],
	  pid: 72,
	  stdout: null,
	  stderr: null }
Removed @azure/web-pubsub-client-protobuf@1.0.0-beta.1 because of docs package validation failure on 2023-08-01 23:17 +00:00
	Hi from ReferenceAutomation for JavaScript
	{
	    "npm_package_sources": [
	        {
	            "name": "@azure/web-pubsub-client-protobuf@1.0.0-beta.1"
	        }
	    ]
	}
	{ npm_package_sources:
	   [ { name: '@azure/web-pubsub-client-protobuf@1.0.0-beta.1' } ] }
	=== Install npm packages ===
	
	Start to install npm package @azure/web-pubsub-client-protobuf@1.0.0-beta.1.
	Finished to install npm package @azure/web-pubsub-client-protobuf@1.0.0-beta.1.
	current package: @azure/web-pubsub-client-protobuf
	current version is : 1.0.0-beta.1
	=== generate yml files for @azure/web-pubsub-client-protobuf ===
	
	run typedoc in ./node_modules/@azure/web-pubsub-client-protobuf: 
	$ typedoc types --json api.json --module commonjs --includeDeclarations --ignoreCompilerErrors --excludeExternals --stripInternal
	
	run type2docfx in /: 
	$ type2docfx ./node_modules/@azure/web-pubsub-client-protobuf/api.json /workdir/out/docs-ref-autogen/@azure/web-pubsub-client-protobuf
	{ Error: Command failed: type2docfx ./node_modules/@azure/web-pubsub-client-protobuf/api.json /workdir/out/docs-ref-autogen/@azure/web-pubsub-client-protobuf
	    at checkExecSyncError (child_process.js:629:11)
	    at Object.execSync (child_process.js:666:13)
	    at TSProcessor.generate (/nodejs/JavaScriptTypeScript/dist/DocProcessor.js:38:23)
	    at FlattenCoreProcessor.generateSinglePackage (/nodejs/JavaScriptTypeScript/dist/CoreProcessor.js:161:55)
	    at FlattenCoreProcessor.generateFromNpmPakcage (/nodejs/JavaScriptTypeScript/dist/CoreProcessor.js:119:18)
	    at FlattenCoreProcessor.generatePacakge (/nodejs/JavaScriptTypeScript/dist/CoreProcessor.js:104:18)
	    at FlattenCoreProcessor.BaseCoreProcessor.generate (/nodejs/JavaScriptTypeScript/dist/CoreProcessor.js:56:19)
	    at Object.<anonymous> (/nodejs/JavaScriptTypeScript/dist/main.js:20:15)
	    at Module._compile (internal/modules/cjs/loader.js:778:30)
	    at Object.Module._extensions..js (internal/modules/cjs/loader.js:789:10)
	  status: 1,
	  signal: null,
	  output: [ null, null, null ],
	  pid: 72,
	  stdout: null,
	  stderr: null }
Removed @azure/opentelemetry-exporter-azure-monitor@1.0.0-beta.14 because of docs package validation failure on 2023-08-02 18:30 +00:00
	Hi from ReferenceAutomation for JavaScript
	{
	    "npm_package_sources": [
	        {
	            "name": "@azure/opentelemetry-exporter-azure-monitor@1.0.0-beta.14"
	        }
	    ]
	}
	{ npm_package_sources:
	   [ { name: '@azure/opentelemetry-exporter-azure-monitor@1.0.0-beta.14' } ] }
	=== Install npm packages ===
	
	Start to install npm package @azure/opentelemetry-exporter-azure-monitor@1.0.0-beta.14.
	[User Error]: Failed to install npm package @azure/opentelemetry-exporter-azure-monitor@1.0.0-beta.14 with command: 
		npm install @azure/opentelemetry-exporter-azure-monitor@1.0.0-beta.14 --prefix . 2>&1
Removed @azure/web-pubsub-client-protobuf@1.0.0-beta.1 because of docs package validation failure on 2023-08-02 18:30 +00:00
	Hi from ReferenceAutomation for JavaScript
	{
	    "npm_package_sources": [
	        {
	            "name": "@azure/web-pubsub-client-protobuf@1.0.0-beta.1"
	        }
	    ]
	}
	{ npm_package_sources:
	   [ { name: '@azure/web-pubsub-client-protobuf@1.0.0-beta.1' } ] }
	=== Install npm packages ===
	
	Start to install npm package @azure/web-pubsub-client-protobuf@1.0.0-beta.1.
	Finished to install npm package @azure/web-pubsub-client-protobuf@1.0.0-beta.1.
	current package: @azure/web-pubsub-client-protobuf
	current version is : 1.0.0-beta.1
	=== generate yml files for @azure/web-pubsub-client-protobuf ===
	
	run typedoc in ./node_modules/@azure/web-pubsub-client-protobuf: 
	$ typedoc types --json api.json --module commonjs --includeDeclarations --ignoreCompilerErrors --excludeExternals --stripInternal
	
	run type2docfx in /: 
	$ type2docfx ./node_modules/@azure/web-pubsub-client-protobuf/api.json /workdir/out/docs-ref-autogen/@azure/web-pubsub-client-protobuf
	{ Error: Command failed: type2docfx ./node_modules/@azure/web-pubsub-client-protobuf/api.json /workdir/out/docs-ref-autogen/@azure/web-pubsub-client-protobuf
	    at checkExecSyncError (child_process.js:629:11)
	    at Object.execSync (child_process.js:666:13)
	    at TSProcessor.generate (/nodejs/JavaScriptTypeScript/dist/DocProcessor.js:38:23)
	    at FlattenCoreProcessor.generateSinglePackage (/nodejs/JavaScriptTypeScript/dist/CoreProcessor.js:161:55)
	    at FlattenCoreProcessor.generateFromNpmPakcage (/nodejs/JavaScriptTypeScript/dist/CoreProcessor.js:119:18)
	    at FlattenCoreProcessor.generatePacakge (/nodejs/JavaScriptTypeScript/dist/CoreProcessor.js:104:18)
	    at FlattenCoreProcessor.BaseCoreProcessor.generate (/nodejs/JavaScriptTypeScript/dist/CoreProcessor.js:56:19)
	    at Object.<anonymous> (/nodejs/JavaScriptTypeScript/dist/main.js:20:15)
	    at Module._compile (internal/modules/cjs/loader.js:778:30)
	    at Object.Module._extensions..js (internal/modules/cjs/loader.js:789:10)
	  status: 1,
	  signal: null,
	  output: [ null, null, null ],
	  pid: 72,
	  stdout: null,
	  stderr: null }
